2015-09-05T13:58:26.991626 INFO   :R0: fins invertible elements:
2015-09-05T13:58:26.991980 INFO   :	candidate found: (z,z^4)
2015-09-05T13:58:26.992257 INFO   :	candidate found: (z^2,z^3)
2015-09-05T13:58:26.992558 INFO   :	candidate found: (z^2+z+1,z^4+z^2+z)
2015-09-05T13:58:26.992905 INFO   :	candidate found: (z^3+z+1,z^3+z^2+z)
2015-09-05T13:58:26.993182 INFO   :	candidate found: (z^3+z^2+1,z^4+z+1)
2015-09-05T13:58:26.993715 INFO   :	candidate found: (z^4+z^2+1,z^4+z^3+z^2)
2015-09-05T13:58:26.994205 INFO   :	candidate found: (z^4+z^3+1,z^4+z^3+z)
2015-09-05T13:58:26.994778 INFO   :R0: Found 7 candidates and 16 non invertible (32 total elements)
2015-09-05T13:58:26.996047 INFO   :R1: invertible elements shall not have itself as inverse
2015-09-05T13:58:26.996414 INFO   :R1: left 7 candidates
2015-09-05T13:58:26.997558 INFO   :R2: balanced hamming weights
2015-09-05T13:58:26.997838 INFO   :	R2a: weights in the classification: [2, 6]
2015-09-05T13:58:26.998064 WARNING:		No candidates with 5
2015-09-05T13:58:26.998292 WARNING:		No candidates with 4
2015-09-05T13:58:26.998489 INFO   :		found 5 candidates with weight 6
2015-09-05T13:58:26.998662 INFO   :	R2a: left 5 candidates
2015-09-05T13:58:26.998890 INFO   :	R2b: weights classification: [(3, 3)]
2015-09-05T13:58:26.999130 INFO   :	R2b: left 5 candidates
2015-09-05T13:58:26.999316 INFO   :R2: left 5 candidates
2015-09-05T13:58:27.000434 INFO   :R3: Find nu(z) candidates and select triplets with closer hamming weight to (w/2)*3.
2015-09-05T13:58:27.000663 INFO   :	And from here, the winner is the one with timming results.
2015-09-05T13:58:27.003043 INFO   :added 20 classified with combined hamming weight of 7
2015-09-05T13:58:27.003316 INFO   :There are 20 classified to check their timming
2015-09-05T13:58:27.029553 INFO   :		[0%]Candidate (z^2+z+1,z^4+z^2+z,z) = 0.000120 (std 5.1144e-05)
2015-09-05T13:58:27.049339 INFO   :		[5%]Candidate (z^2+z+1,z^4+z^2+z,z^2) = 0.000092 (std 3.40569e-05)
2015-09-05T13:58:27.066154 INFO   :		[10%]Candidate (z^2+z+1,z^4+z^2+z,z^3) = 0.000081 (std 1.95732e-05)
2015-09-05T13:58:27.084295 INFO   :		[15%]Candidate (z^2+z+1,z^4+z^2+z,z^4) = 0.000086 (std 2.74878e-05)
2015-09-05T13:58:27.101354 INFO   :		[20%]Candidate (z^3+z+1,z^3+z^2+z,z) = 0.000081 (std 1.66626e-05)
2015-09-05T13:58:27.120804 INFO   :		[25%]Candidate (z^3+z+1,z^3+z^2+z,z^2) = 0.000092 (std 2.55264e-05)
2015-09-05T13:58:27.138668 INFO   :		[30%]Candidate (z^3+z+1,z^3+z^2+z,z^3) = 0.000081 (std 1.67178e-05)
2015-09-05T13:58:27.155246 INFO   :		[35%]Candidate (z^3+z+1,z^3+z^2+z,z^4) = 0.000079 (std 1.56113e-05)
2015-09-05T13:58:27.173482 INFO   :		[40%]Candidate (z^3+z^2+1,z^4+z+1,z) = 0.000088 (std 2.41764e-05)
2015-09-05T13:58:27.192375 INFO   :		[45%]Candidate (z^3+z^2+1,z^4+z+1,z^2) = 0.000091 (std 2.18862e-05)
2015-09-05T13:58:27.210700 INFO   :		[50%]Candidate (z^3+z^2+1,z^4+z+1,z^3) = 0.000089 (std 2.37562e-05)
2015-09-05T13:58:27.229340 INFO   :		[55%]Candidate (z^3+z^2+1,z^4+z+1,z^4) = 0.000092 (std 2.66192e-05)
2015-09-05T13:58:27.248032 INFO   :		[60%]Candidate (z^4+z^2+1,z^4+z^3+z^2,z) = 0.000094 (std 2.14352e-05)
2015-09-05T13:58:27.265951 INFO   :		[65%]Candidate (z^4+z^2+1,z^4+z^3+z^2,z^2) = 0.000089 (std 2.30328e-05)
2015-09-05T13:58:27.282670 INFO   :		[70%]Candidate (z^4+z^2+1,z^4+z^3+z^2,z^3) = 0.000085 (std 1.68677e-05)
2015-09-05T13:58:27.301877 INFO   :		[75%]Candidate (z^4+z^2+1,z^4+z^3+z^2,z^4) = 0.000096 (std 2.62937e-05)
2015-09-05T13:58:27.320709 INFO   :		[80%]Candidate (z^4+z^3+1,z^4+z^3+z,z) = 0.000093 (std 2.5328e-05)
2015-09-05T13:58:27.339414 INFO   :		[85%]Candidate (z^4+z^3+1,z^4+z^3+z,z^2) = 0.000093 (std 2.35064e-05)
2015-09-05T13:58:27.357912 INFO   :		[90%]Candidate (z^4+z^3+1,z^4+z^3+z,z^3) = 0.000093 (std 2.52673e-05)
2015-09-05T13:58:27.377721 INFO   :		[95%]Candidate (z^4+z^3+1,z^4+z^3+z,z^4) = 0.000101 (std 2.71663e-05)
2015-09-05T13:58:27.381604 INFO   :***** The chosen triplet, with mean time (avg:7.9421875e-05,std:1.56112986803e-05) is *****
2015-09-05T13:58:27.381893 INFO   :	mu(z) = z^3+z+1 = 0xb
2015-09-05T13:58:27.382135 INFO   :	mu^{-1}(z) = z^3+z^2+z = 0xe
2015-09-05T13:58:27.382370 INFO   :	nu(z) = z^4 = 0x10
2015-09-05T13:58:27.382576 INFO   :	w=5,h=3+3+1
