2015-09-05T13:58:50.944990 INFO   :R0: fins invertible elements:
2015-09-05T13:58:50.945377 INFO   :	candidate found: (z,z^7)
2015-09-05T13:58:50.945722 INFO   :	candidate found: (z^2,z^6)
2015-09-05T13:58:50.946092 INFO   :	candidate found: (z^2+z+1,z^7+z^5+z^4+z^2+z)
2015-09-05T13:58:50.946359 INFO   :	candidate found: (z^3,z^5)
2015-09-05T13:58:50.946732 INFO   :	candidate found: (z^3+z+1,z^7+z^6+z^5+z^2+1)
2015-09-05T13:58:50.947081 INFO   :	candidate found: (z^3+z^2+1,z^7+z^6+z^5+z^3+1)
2015-09-05T13:58:50.947385 INFO   :	candidate found: (z^3+z^2+z,z^6+z^4+z^3+z+1)
2015-09-05T13:58:50.947731 INFO   :	candidate found: (z^4,z^4)
2015-09-05T13:58:50.948113 INFO   :	candidate found: (z^4+z+1,z^7+z^6+z^2)
2015-09-05T13:58:50.948439 INFO   :	candidate found: (z^4+z^2+1,z^6+z^4+1)
2015-09-05T13:58:50.948748 INFO   :	candidate found: (z^4+z^2+z,z^7+z^6+z^5+z^4+z)
2015-09-05T13:58:50.949352 INFO   :	candidate found: (z^4+z^3+1,z^6+z^5+z^2)
2015-09-05T13:58:50.949719 INFO   :	candidate found: (z^4+z^3+z,z^7+z^6+z^5+z^4+z^2)
2015-09-05T13:58:50.950112 INFO   :	candidate found: (z^4+z^3+z^2,z^7+z^5+z^3+z^2+1)
2015-09-05T13:58:50.950589 INFO   :	candidate found: (z^4+z^3+z^2+z+1,z^6+z^3+z)
2015-09-05T13:58:50.951126 INFO   :	candidate found: (z^5+z+1,z^5+z+1)
2015-09-05T13:58:50.951481 INFO   :	candidate found: (z^5+z^2+1,z^5+z^4+z^3+z^2+z)
2015-09-05T13:58:50.951798 INFO   :	candidate found: (z^5+z^2+z,z^6+z^5+z)
2015-09-05T13:58:50.952223 INFO   :	candidate found: (z^5+z^3+1,z^7+z^6+z^2+z+1)
2015-09-05T13:58:50.952664 INFO   :	candidate found: (z^5+z^3+z,z^7+z^5+z^3)
2015-09-05T13:58:50.953036 INFO   :	candidate found: (z^5+z^3+z^2,z^6+z^5+z^4+z^3+1)
2015-09-05T13:58:50.953463 INFO   :	candidate found: (z^5+z^3+z^2+z+1,z^6+z^5+1)
2015-09-05T13:58:50.954005 INFO   :	candidate found: (z^5+z^4+1,z^6+z^3+z^2)
2015-09-05T13:58:50.954402 INFO   :	candidate found: (z^5+z^4+z,z^5+z^4+z)
2015-09-05T13:58:50.954793 INFO   :	candidate found: (z^5+z^4+z^2,z^6+z^5+z^4+z^3+z)
2015-09-05T13:58:50.955243 INFO   :	candidate found: (z^5+z^4+z^2+z+1,z^6+z^5+z^4+z+1)
2015-09-05T13:58:50.955595 INFO   :	candidate found: (z^5+z^4+z^3,z^7+z^6+z^4+z^2+z)
2015-09-05T13:58:50.956000 INFO   :	candidate found: (z^5+z^4+z^3+z+1,z^7+z^6+z^5+z^3+z^2)
2015-09-05T13:58:50.957234 INFO   :	candidate found: (z^5+z^4+z^3+z^2+1,z^6+z^5+z^3)
2015-09-05T13:58:50.957937 INFO   :	candidate found: (z^6+z+1,z^7+z^5+z^2+z+1)
2015-09-05T13:58:50.958286 INFO   :	candidate found: (z^6+z^2+1,z^6+z^2+1)
2015-09-05T13:58:50.958606 INFO   :	candidate found: (z^6+z^2+z,z^7+z^4+1)
2015-09-05T13:58:50.959014 INFO   :	candidate found: (z^6+z^3+1,z^7+z^6+z^5+z^4+z^3)
2015-09-05T13:58:50.959704 INFO   :	candidate found: (z^6+z^3+z^2+z+1,z^7+z^5+1)
2015-09-05T13:58:50.960196 INFO   :	candidate found: (z^6+z^4+z,z^7+z^6+z^5+z+1)
2015-09-05T13:58:50.960576 INFO   :	candidate found: (z^6+z^4+z^2,z^6+z^4+z^2)
2015-09-05T13:58:50.960993 INFO   :	candidate found: (z^6+z^4+z^2+z+1,z^7+z^6+z^4+z^2+1)
2015-09-05T13:58:50.961339 INFO   :	candidate found: (z^6+z^4+z^3,z^7+z^5+z^4+z^3+z^2)
2015-09-05T13:58:50.961952 INFO   :	candidate found: (z^6+z^4+z^3+z^2+1,z^6+z^5+z^4+z^2+1)
2015-09-05T13:58:50.962289 INFO   :	candidate found: (z^6+z^4+z^3+z^2+z,z^7+z^5+z^4)
2015-09-05T13:58:50.963804 INFO   :	candidate found: (z^6+z^5+z^2+z+1,z^6+z^5+z^2+z+1)
2015-09-05T13:58:50.964606 INFO   :	candidate found: (z^6+z^5+z^3+z+1,z^6+z^5+z^4)
2015-09-05T13:58:50.965062 INFO   :	candidate found: (z^6+z^5+z^3+z^2+1,z^7+z+1)
2015-09-05T13:58:50.965463 INFO   :	candidate found: (z^6+z^5+z^3+z^2+z,z^7+z^5+z^4+z^3+1)
2015-09-05T13:58:50.966912 INFO   :	candidate found: (z^6+z^5+z^4+z^2+z,z^6+z^5+z^4+z^2+z)
2015-09-05T13:58:50.968019 INFO   :	candidate found: (z^6+z^5+z^4+z^3+z^2,z^7+z^4+z)
2015-09-05T13:58:50.968586 INFO   :	candidate found: (z^6+z^5+z^4+z^3+z^2+z+1,z^7+z^6+z^5+z^4+z^3+z^2+1)
2015-09-05T13:58:50.969642 INFO   :	candidate found: (z^7+z^2+1,z^7+z^6+z^3+z+1)
2015-09-05T13:58:50.970064 INFO   :	candidate found: (z^7+z^2+z,z^7+z^6+z^4+z+1)
2015-09-05T13:58:50.970591 INFO   :	candidate found: (z^7+z^3+1,z^7+z^3+1)
2015-09-05T13:58:50.971013 INFO   :	candidate found: (z^7+z^3+z,z^7+z^5+z)
2015-09-05T13:58:50.971517 INFO   :	candidate found: (z^7+z^3+z^2,z^7+z^6+z^3)
2015-09-05T13:58:50.972096 INFO   :	candidate found: (z^7+z^3+z^2+z+1,z^7+z^4+z^2)
2015-09-05T13:58:50.973611 INFO   :	candidate found: (z^7+z^4+z^2+z+1,z^7+z^6+z)
2015-09-05T13:58:50.974057 INFO   :	candidate found: (z^7+z^4+z^3,z^7+z^4+z^3)
2015-09-05T13:58:50.974683 INFO   :	candidate found: (z^7+z^4+z^3+z+1,z^7+z^6+z^5+z^2+z)
2015-09-05T13:58:50.975219 INFO   :	candidate found: (z^7+z^4+z^3+z^2+1,z^7+z^6+z^4+z^3+1)
2015-09-05T13:58:50.975693 INFO   :	candidate found: (z^7+z^4+z^3+z^2+z,z^7+z^6+z^4)
2015-09-05T13:58:50.976990 INFO   :	candidate found: (z^7+z^5+z^2,z^7+z^6+z^5+z^4+1)
2015-09-05T13:58:50.977998 INFO   :	candidate found: (z^7+z^5+z^3+z+1,z^7+z^5+z^3+z+1)
2015-09-05T13:58:50.978719 INFO   :	candidate found: (z^7+z^5+z^3+z^2+z,z^7+z^6+z^5+z^3+z)
2015-09-05T13:58:50.979669 INFO   :	candidate found: (z^7+z^5+z^4+z+1,z^7+z^6+z^3+z^2+z)
2015-09-05T13:58:50.980229 INFO   :	candidate found: (z^7+z^5+z^4+z^2+1,z^7+z^6+z^5)
2015-09-05T13:58:50.981155 INFO   :	candidate found: (z^7+z^5+z^4+z^3+z,z^7+z^5+z^4+z^3+z)
2015-09-05T13:58:50.981921 INFO   :	candidate found: (z^7+z^5+z^4+z^3+z^2+z+1,z^7+z^6+z^5+z^4+z^3+z+1)
2015-09-05T13:58:50.982374 INFO   :	candidate found: (z^7+z^6+1,z^7+z^6+z^4+z^3+z)
2015-09-05T13:58:50.984016 INFO   :	candidate found: (z^7+z^6+z^3+z^2+1,z^7+z^6+z^3+z^2+1)
2015-09-05T13:58:50.992293 INFO   :	candidate found: (z^7+z^6+z^4+z^3+z^2,z^7+z^6+z^4+z^3+z^2)
2015-09-05T13:58:50.992907 INFO   :	candidate found: (z^7+z^6+z^4+z^3+z^2+z+1,z^7+z^6+z^5+z^4+z^2+z+1)
2015-09-05T13:58:50.995375 INFO   :	candidate found: (z^7+z^6+z^5+z^3+z^2+z+1,z^7+z^6+z^5+z^3+z^2+z+1)
2015-09-05T13:58:50.997344 INFO   :	candidate found: (z^7+z^6+z^5+z^4+z^3+z^2+z,z^7+z^6+z^5+z^4+z^3+z^2+z)
2015-09-05T13:58:50.997672 INFO   :R0: Found 71 candidates and 127 non invertible (256 total elements)
2015-09-05T13:58:51.002513 INFO   :R1: invertible elements shall not have itself as inverse
2015-09-05T13:58:51.004179 INFO   :R1: left 56 candidates
2015-09-05T13:58:51.010300 INFO   :R2: balanced hamming weights
2015-09-05T13:58:51.010655 INFO   :	R2a: weights in the classification: [8, 2, 14, 10, 6]
2015-09-05T13:58:51.010877 INFO   :	R2a: left 32 candidates
2015-09-05T13:58:51.011167 INFO   :	R2b: weights classification: [(5, 3), (3, 5)]
2015-09-05T13:58:51.011408 INFO   :	R2b: left 32 candidates
2015-09-05T13:58:51.011617 INFO   :R2: left 32 candidates
2015-09-05T13:58:51.015287 INFO   :R3: Find nu(z) candidates and select triplets with closer hamming weight to (w/2)*3.
2015-09-05T13:58:51.015500 INFO   :	And from here, the winner is the one with timming results.
2015-09-05T13:58:51.084639 INFO   :There are 2240 classified to check their timming
2015-09-05T13:58:54.622933 INFO   :		[3%]Candidate (z^3+z+1,z^7+z^6+z^5+z^2+1,z^4+z^2+z+1) = 0.000106 (std 2.67925e-05)
2015-09-05T13:58:54.841336 INFO   :		[3%]Candidate (z^3+z+1,z^7+z^6+z^5+z^2+1,z^4+z^3+z^2+1) = 0.000114 (std 2.96768e-05)
2015-09-05T13:58:55.053655 INFO   :		[3%]Candidate (z^3+z+1,z^7+z^6+z^5+z^2+1,z^5+z^3+z+1) = 0.000106 (std 2.66232e-05)
2015-09-05T13:58:55.261596 INFO   :		[3%]Candidate (z^3+z+1,z^7+z^6+z^5+z^2+1,z^5+z^3+z^2+z) = 0.000106 (std 2.66103e-05)
2015-09-05T13:58:55.474061 INFO   :		[3%]Candidate (z^3+z+1,z^7+z^6+z^5+z^2+1,z^5+z^4+z^2+1) = 0.000108 (std 2.82349e-05)
2015-09-05T13:58:55.687152 INFO   :		[3%]Candidate (z^3+z+1,z^7+z^6+z^5+z^2+1,z^5+z^4+z^3+z) = 0.000106 (std 2.67805e-05)
2015-09-05T13:58:55.870956 INFO   :		[3%]Candidate (z^3+z+1,z^7+z^6+z^5+z^2+1,z^6+z^2+z+1) = 0.000107 (std 2.6995e-05)
2015-09-05T13:58:56.072310 INFO   :		[3%]Candidate (z^3+z+1,z^7+z^6+z^5+z^2+1,z^6+z^3+z^2+1) = 0.000106 (std 2.66752e-05)
2015-09-05T13:58:56.259730 INFO   :		[3%]Candidate (z^3+z+1,z^7+z^6+z^5+z^2+1,z^6+z^4+z+1) = 0.000107 (std 2.73416e-05)
2015-09-05T13:58:56.485511 INFO   :		[4%]Candidate (z^3+z+1,z^7+z^6+z^5+z^2+1,z^6+z^4+z^2+z) = 0.000121 (std 4.42424e-05)
2015-09-05T13:58:56.667193 INFO   :		[4%]Candidate (z^3+z+1,z^7+z^6+z^5+z^2+1,z^6+z^4+z^3+1) = 0.000108 (std 2.72329e-05)
2015-09-05T13:58:56.852009 INFO   :		[4%]Candidate (z^3+z+1,z^7+z^6+z^5+z^2+1,z^6+z^4+z^3+z^2) = 0.000106 (std 2.6594e-05)
2015-09-05T13:58:57.067647 INFO   :		[4%]Candidate (z^3+z+1,z^7+z^6+z^5+z^2+1,z^6+z^5+z^2+1) = 0.000112 (std 3.42435e-05)
2015-09-05T13:58:57.302870 INFO   :		[4%]Candidate (z^3+z+1,z^7+z^6+z^5+z^2+1,z^6+z^5+z^3+z) = 0.000112 (std 3.17332e-05)
2015-09-05T13:58:57.501328 INFO   :		[4%]Candidate (z^3+z+1,z^7+z^6+z^5+z^2+1,z^6+z^5+z^4+1) = 0.000113 (std 3.11993e-05)
2015-09-05T13:58:57.700555 INFO   :		[4%]Candidate (z^3+z+1,z^7+z^6+z^5+z^2+1,z^6+z^5+z^4+z^2) = 0.000109 (std 2.88036e-05)
2015-09-05T13:58:57.930615 INFO   :		[4%]Candidate (z^3+z+1,z^7+z^6+z^5+z^2+1,z^7+z^3+z+1) = 0.000107 (std 2.69018e-05)
2015-09-05T13:58:58.190170 INFO   :		[4%]Candidate (z^3+z+1,z^7+z^6+z^5+z^2+1,z^7+z^3+z^2+z) = 0.000128 (std 5.51994e-05)
2015-09-05T13:58:58.422521 INFO   :		[4%]Candidate (z^3+z+1,z^7+z^6+z^5+z^2+1,z^7+z^4+z^2+1) = 0.000110 (std 3.00069e-05)
2015-09-05T13:58:58.656987 INFO   :		[5%]Candidate (z^3+z+1,z^7+z^6+z^5+z^2+1,z^7+z^4+z^3+z) = 0.000106 (std 2.64552e-05)
2015-09-05T13:58:58.868653 INFO   :		[5%]Candidate (z^3+z+1,z^7+z^6+z^5+z^2+1,z^7+z^5+z+1) = 0.000117 (std 3.76172e-05)
2015-09-05T13:58:59.091775 INFO   :		[5%]Candidate (z^3+z+1,z^7+z^6+z^5+z^2+1,z^7+z^5+z^2+z) = 0.000108 (std 3.06487e-05)
2015-09-05T13:58:59.288039 INFO   :		[5%]Candidate (z^3+z+1,z^7+z^6+z^5+z^2+1,z^7+z^5+z^3+1) = 0.000117 (std 4.36496e-05)
2015-09-05T13:58:59.509327 INFO   :		[5%]Candidate (z^3+z+1,z^7+z^6+z^5+z^2+1,z^7+z^5+z^3+z^2) = 0.000123 (std 4.24935e-05)
2015-09-05T13:58:59.724850 INFO   :		[5%]Candidate (z^3+z+1,z^7+z^6+z^5+z^2+1,z^7+z^5+z^4+z) = 0.000106 (std 2.67375e-05)
2015-09-05T13:58:59.913415 INFO   :		[5%]Candidate (z^3+z+1,z^7+z^6+z^5+z^2+1,z^7+z^5+z^4+z^3) = 0.000106 (std 2.76604e-05)
2015-09-05T13:59:00.159926 INFO   :		[5%]Candidate (z^3+z+1,z^7+z^6+z^5+z^2+1,z^7+z^6+z^2+1) = 0.000126 (std 4.93027e-05)
2015-09-05T13:59:00.398206 INFO   :		[5%]Candidate (z^3+z+1,z^7+z^6+z^5+z^2+1,z^7+z^6+z^3+z) = 0.000109 (std 2.95901e-05)
2015-09-05T13:59:00.609099 INFO   :		[5%]Candidate (z^3+z+1,z^7+z^6+z^5+z^2+1,z^7+z^6+z^4+1) = 0.000113 (std 3.63311e-05)
2015-09-05T13:59:00.830348 INFO   :		[5%]Candidate (z^3+z+1,z^7+z^6+z^5+z^2+1,z^7+z^6+z^4+z^2) = 0.000113 (std 3.64518e-05)
2015-09-05T13:59:01.060037 INFO   :		[6%]Candidate (z^3+z+1,z^7+z^6+z^5+z^2+1,z^7+z^6+z^5+z) = 0.000106 (std 2.67395e-05)
2015-09-05T13:59:01.334782 INFO   :		[6%]Candidate (z^3+z+1,z^7+z^6+z^5+z^2+1,z^7+z^6+z^5+z^3) = 0.000153 (std 5.23513e-05)
2015-09-05T13:59:04.696212 INFO   :		[9%]Candidate (z^3+z^2+z,z^6+z^4+z^3+z+1,z^4+z^2+z+1) = 0.000104 (std 2.72791e-05)
2015-09-05T13:59:04.900761 INFO   :		[9%]Candidate (z^3+z^2+z,z^6+z^4+z^3+z+1,z^4+z^3+z+1) = 0.000121 (std 4.66009e-05)
2015-09-05T13:59:05.088750 INFO   :		[9%]Candidate (z^3+z^2+z,z^6+z^4+z^3+z+1,z^4+z^3+z^2+1) = 0.000111 (std 3.57829e-05)
2015-09-05T13:59:05.266463 INFO   :		[9%]Candidate (z^3+z^2+z,z^6+z^4+z^3+z+1,z^5+z^2+z+1) = 0.000104 (std 2.30309e-05)
2015-09-05T13:59:05.447884 INFO   :		[9%]Candidate (z^3+z^2+z,z^6+z^4+z^3+z+1,z^5+z^3+z+1) = 0.000107 (std 2.40398e-05)
2015-09-05T13:59:05.628939 INFO   :		[9%]Candidate (z^3+z^2+z,z^6+z^4+z^3+z+1,z^5+z^3+z^2+z) = 0.000104 (std 2.41105e-05)
2015-09-05T13:59:05.810424 INFO   :		[9%]Candidate (z^3+z^2+z,z^6+z^4+z^3+z+1,z^5+z^4+z^2+1) = 0.000105 (std 2.53685e-05)
2015-09-05T13:59:06.081293 INFO   :		[9%]Candidate (z^3+z^2+z,z^6+z^4+z^3+z+1,z^5+z^4+z^2+z) = 0.000155 (std 7.72976e-05)
2015-09-05T13:59:06.293196 INFO   :		[9%]Candidate (z^3+z^2+z,z^6+z^4+z^3+z+1,z^5+z^4+z^3+1) = 0.000124 (std 4.20437e-05)
2015-09-05T13:59:06.479233 INFO   :		[9%]Candidate (z^3+z^2+z,z^6+z^4+z^3+z+1,z^5+z^4+z^3+z) = 0.000110 (std 3.09364e-05)
2015-09-05T13:59:06.659173 INFO   :		[10%]Candidate (z^3+z^2+z,z^6+z^4+z^3+z+1,z^6+z^2+z+1) = 0.000104 (std 2.5185e-05)
2015-09-05T13:59:06.879107 INFO   :		[10%]Candidate (z^3+z^2+z,z^6+z^4+z^3+z+1,z^6+z^3+z^2+1) = 0.000123 (std 4.454e-05)
2015-09-05T13:59:07.055233 INFO   :		[10%]Candidate (z^3+z^2+z,z^6+z^4+z^3+z+1,z^6+z^3+z^2+z) = 0.000104 (std 2.38147e-05)
2015-09-05T13:59:07.230106 INFO   :		[10%]Candidate (z^3+z^2+z,z^6+z^4+z^3+z+1,z^6+z^4+z+1) = 0.000103 (std 2.281e-05)
2015-09-05T13:59:07.432657 INFO   :		[10%]Candidate (z^3+z^2+z,z^6+z^4+z^3+z+1,z^6+z^4+z^2+z) = 0.000113 (std 3.52639e-05)
2015-09-05T13:59:07.613829 INFO   :		[10%]Candidate (z^3+z^2+z,z^6+z^4+z^3+z+1,z^6+z^4+z^3+1) = 0.000106 (std 2.56962e-05)
2015-09-05T13:59:07.799573 INFO   :		[10%]Candidate (z^3+z^2+z,z^6+z^4+z^3+z+1,z^6+z^4+z^3+z^2) = 0.000104 (std 2.29925e-05)
2015-09-05T13:59:07.989445 INFO   :		[10%]Candidate (z^3+z^2+z,z^6+z^4+z^3+z+1,z^6+z^5+z+1) = 0.000112 (std 3.47674e-05)
2015-09-05T13:59:08.174452 INFO   :		[10%]Candidate (z^3+z^2+z,z^6+z^4+z^3+z+1,z^6+z^5+z^2+1) = 0.000109 (std 2.95779e-05)
2015-09-05T13:59:08.368690 INFO   :		[10%]Candidate (z^3+z^2+z,z^6+z^4+z^3+z+1,z^6+z^5+z^3+z) = 0.000106 (std 2.81009e-05)
2015-09-05T13:59:08.570760 INFO   :		[10%]Candidate (z^3+z^2+z,z^6+z^4+z^3+z+1,z^6+z^5+z^3+z^2) = 0.000119 (std 4.5487e-05)
2015-09-05T13:59:08.769735 INFO   :		[10%]Candidate (z^3+z^2+z,z^6+z^4+z^3+z+1,z^6+z^5+z^4+1) = 0.000117 (std 4.33005e-05)
2015-09-05T13:59:08.948987 INFO   :		[10%]Candidate (z^3+z^2+z,z^6+z^4+z^3+z+1,z^6+z^5+z^4+z) = 0.000105 (std 2.40677e-05)
2015-09-05T13:59:09.125714 INFO   :		[10%]Candidate (z^3+z^2+z,z^6+z^4+z^3+z+1,z^6+z^5+z^4+z^2) = 0.000104 (std 2.31497e-05)
2015-09-05T13:59:09.334644 INFO   :		[10%]Candidate (z^3+z^2+z,z^6+z^4+z^3+z+1,z^7+z^3+z+1) = 0.000110 (std 2.56865e-05)
2015-09-05T13:59:09.557833 INFO   :		[11%]Candidate (z^3+z^2+z,z^6+z^4+z^3+z+1,z^7+z^3+z^2+1) = 0.000130 (std 6.92123e-05)
2015-09-05T13:59:09.764212 INFO   :		[11%]Candidate (z^3+z^2+z,z^6+z^4+z^3+z+1,z^7+z^3+z^2+z) = 0.000120 (std 4.66289e-05)
2015-09-05T13:59:09.956919 INFO   :		[11%]Candidate (z^3+z^2+z,z^6+z^4+z^3+z+1,z^7+z^4+z+1) = 0.000113 (std 3.15579e-05)
2015-09-05T13:59:10.133407 INFO   :		[11%]Candidate (z^3+z^2+z,z^6+z^4+z^3+z+1,z^7+z^4+z^2+1) = 0.000104 (std 2.28288e-05)
2015-09-05T13:59:10.344143 INFO   :		[11%]Candidate (z^3+z^2+z,z^6+z^4+z^3+z+1,z^7+z^4+z^3+z) = 0.000103 (std 2.30232e-05)
2015-09-05T13:59:10.525756 INFO   :		[11%]Candidate (z^3+z^2+z,z^6+z^4+z^3+z+1,z^7+z^4+z^3+z^2) = 0.000107 (std 2.56346e-05)
2015-09-05T13:59:10.702296 INFO   :		[11%]Candidate (z^3+z^2+z,z^6+z^4+z^3+z+1,z^7+z^5+z+1) = 0.000104 (std 2.27975e-05)
2015-09-05T13:59:10.900697 INFO   :		[11%]Candidate (z^3+z^2+z,z^6+z^4+z^3+z+1,z^7+z^5+z^2+z) = 0.000104 (std 2.39557e-05)
2015-09-05T13:59:11.078701 INFO   :		[11%]Candidate (z^3+z^2+z,z^6+z^4+z^3+z+1,z^7+z^5+z^3+1) = 0.000105 (std 2.66004e-05)
2015-09-05T13:59:11.275098 INFO   :		[11%]Candidate (z^3+z^2+z,z^6+z^4+z^3+z+1,z^7+z^5+z^3+z^2) = 0.000103 (std 2.30049e-05)
2015-09-05T13:59:11.458308 INFO   :		[11%]Candidate (z^3+z^2+z,z^6+z^4+z^3+z+1,z^7+z^5+z^4+1) = 0.000108 (std 2.64297e-05)
2015-09-05T13:59:11.636248 INFO   :		[11%]Candidate (z^3+z^2+z,z^6+z^4+z^3+z+1,z^7+z^5+z^4+z) = 0.000104 (std 2.31713e-05)
2015-09-05T13:59:11.833280 INFO   :		[11%]Candidate (z^3+z^2+z,z^6+z^4+z^3+z+1,z^7+z^5+z^4+z^3) = 0.000104 (std 2.34948e-05)
2015-09-05T13:59:12.046927 INFO   :		[11%]Candidate (z^3+z^2+z,z^6+z^4+z^3+z+1,z^7+z^6+z^2+1) = 0.000117 (std 3.94562e-05)
2015-09-05T13:59:12.224277 INFO   :		[11%]Candidate (z^3+z^2+z,z^6+z^4+z^3+z+1,z^7+z^6+z^2+z) = 0.000104 (std 2.36908e-05)
2015-09-05T13:59:12.408243 INFO   :		[11%]Candidate (z^3+z^2+z,z^6+z^4+z^3+z+1,z^7+z^6+z^3+1) = 0.000108 (std 2.83857e-05)
2015-09-05T13:59:12.593485 INFO   :		[12%]Candidate (z^3+z^2+z,z^6+z^4+z^3+z+1,z^7+z^6+z^3+z) = 0.000109 (std 2.6583e-05)
2015-09-05T13:59:12.784896 INFO   :		[12%]Candidate (z^3+z^2+z,z^6+z^4+z^3+z+1,z^7+z^6+z^4+1) = 0.000103 (std 2.29603e-05)
2015-09-05T13:59:12.980624 INFO   :		[12%]Candidate (z^3+z^2+z,z^6+z^4+z^3+z+1,z^7+z^6+z^4+z^2) = 0.000106 (std 2.43469e-05)
2015-09-05T13:59:13.183978 INFO   :		[12%]Candidate (z^3+z^2+z,z^6+z^4+z^3+z+1,z^7+z^6+z^4+z^3) = 0.000119 (std 4.34651e-05)
2015-09-05T13:59:13.381590 INFO   :		[12%]Candidate (z^3+z^2+z,z^6+z^4+z^3+z+1,z^7+z^6+z^5+z) = 0.000107 (std 3.07646e-05)
2015-09-05T13:59:13.559676 INFO   :		[12%]Candidate (z^3+z^2+z,z^6+z^4+z^3+z+1,z^7+z^6+z^5+z^2) = 0.000104 (std 2.43776e-05)
2015-09-05T13:59:13.736980 INFO   :		[12%]Candidate (z^3+z^2+z,z^6+z^4+z^3+z+1,z^7+z^6+z^5+z^3) = 0.000104 (std 2.40619e-05)
2015-09-05T13:59:17.021431 INFO   :		[15%]Candidate (z^4+z^3+z,z^7+z^6+z^5+z^4+z^2,z^4+z^2+z+1) = 0.000112 (std 2.47872e-05)
2015-09-05T13:59:17.230744 INFO   :		[15%]Candidate (z^4+z^3+z,z^7+z^6+z^5+z^4+z^2,z^4+z^3+z^2+1) = 0.000127 (std 4.26635e-05)
2015-09-05T13:59:17.477869 INFO   :		[15%]Candidate (z^4+z^3+z,z^7+z^6+z^5+z^4+z^2,z^5+z^3+z+1) = 0.000114 (std 2.82559e-05)
2015-09-05T13:59:17.686791 INFO   :		[15%]Candidate (z^4+z^3+z,z^7+z^6+z^5+z^4+z^2,z^5+z^3+z^2+z) = 0.000127 (std 4.96447e-05)
2015-09-05T13:59:18.029892 INFO   :		[16%]Candidate (z^4+z^3+z,z^7+z^6+z^5+z^4+z^2,z^5+z^4+z^2+1) = 0.000184 (std 6.32462e-05)
2015-09-05T13:59:18.256269 INFO   :		[16%]Candidate (z^4+z^3+z,z^7+z^6+z^5+z^4+z^2,z^5+z^4+z^3+z) = 0.000112 (std 2.4651e-05)
2015-09-05T13:59:18.496725 INFO   :		[16%]Candidate (z^4+z^3+z,z^7+z^6+z^5+z^4+z^2,z^6+z^2+z+1) = 0.000120 (std 2.74067e-05)
2015-09-05T13:59:18.721570 INFO   :		[16%]Candidate (z^4+z^3+z,z^7+z^6+z^5+z^4+z^2,z^6+z^3+z^2+1) = 0.000111 (std 2.44247e-05)
2015-09-05T13:59:18.930278 INFO   :		[16%]Candidate (z^4+z^3+z,z^7+z^6+z^5+z^4+z^2,z^6+z^4+z+1) = 0.000112 (std 2.49559e-05)
2015-09-05T13:59:19.147132 INFO   :		[16%]Candidate (z^4+z^3+z,z^7+z^6+z^5+z^4+z^2,z^6+z^4+z^2+z) = 0.000117 (std 2.60915e-05)
2015-09-05T13:59:19.329960 INFO   :		[16%]Candidate (z^4+z^3+z,z^7+z^6+z^5+z^4+z^2,z^6+z^4+z^3+1) = 0.000113 (std 2.56883e-05)
2015-09-05T13:59:19.520198 INFO   :		[16%]Candidate (z^4+z^3+z,z^7+z^6+z^5+z^4+z^2,z^6+z^4+z^3+z^2) = 0.000114 (std 2.65023e-05)
2015-09-05T13:59:19.725677 INFO   :		[16%]Candidate (z^4+z^3+z,z^7+z^6+z^5+z^4+z^2,z^6+z^5+z^2+1) = 0.000112 (std 2.52325e-05)
2015-09-05T13:59:19.966752 INFO   :		[16%]Candidate (z^4+z^3+z,z^7+z^6+z^5+z^4+z^2,z^6+z^5+z^3+z) = 0.000111 (std 2.49974e-05)
2015-09-05T13:59:20.151817 INFO   :		[17%]Candidate (z^4+z^3+z,z^7+z^6+z^5+z^4+z^2,z^6+z^5+z^4+1) = 0.000112 (std 2.56282e-05)
2015-09-05T13:59:20.350883 INFO   :		[17%]Candidate (z^4+z^3+z,z^7+z^6+z^5+z^4+z^2,z^6+z^5+z^4+z^2) = 0.000111 (std 2.43718e-05)
2015-09-05T13:59:20.574372 INFO   :		[17%]Candidate (z^4+z^3+z,z^7+z^6+z^5+z^4+z^2,z^7+z^3+z+1) = 0.000113 (std 2.67153e-05)
2015-09-05T13:59:20.793463 INFO   :		[17%]Candidate (z^4+z^3+z,z^7+z^6+z^5+z^4+z^2,z^7+z^3+z^2+z) = 0.000115 (std 2.64271e-05)
2015-09-05T13:59:21.021805 INFO   :		[17%]Candidate (z^4+z^3+z,z^7+z^6+z^5+z^4+z^2,z^7+z^4+z^2+1) = 0.000117 (std 2.80039e-05)
2015-09-05T13:59:21.251101 INFO   :		[17%]Candidate (z^4+z^3+z,z^7+z^6+z^5+z^4+z^2,z^7+z^4+z^3+z) = 0.000116 (std 2.71005e-05)
2015-09-05T13:59:21.450300 INFO   :		[17%]Candidate (z^4+z^3+z,z^7+z^6+z^5+z^4+z^2,z^7+z^5+z+1) = 0.000114 (std 2.59936e-05)
2015-09-05T13:59:21.667984 INFO   :		[17%]Candidate (z^4+z^3+z,z^7+z^6+z^5+z^4+z^2,z^7+z^5+z^2+z) = 0.000111 (std 2.4525e-05)
2015-09-05T13:59:21.855924 INFO   :		[17%]Candidate (z^4+z^3+z,z^7+z^6+z^5+z^4+z^2,z^7+z^5+z^3+1) = 0.000116 (std 2.65129e-05)
2015-09-05T13:59:22.053363 INFO   :		[17%]Candidate (z^4+z^3+z,z^7+z^6+z^5+z^4+z^2,z^7+z^5+z^3+z^2) = 0.000114 (std 2.67318e-05)
2015-09-05T13:59:22.245711 INFO   :		[17%]Candidate (z^4+z^3+z,z^7+z^6+z^5+z^4+z^2,z^7+z^5+z^4+z) = 0.000111 (std 2.45782e-05)
2015-09-05T13:59:22.444085 INFO   :		[18%]Candidate (z^4+z^3+z,z^7+z^6+z^5+z^4+z^2,z^7+z^5+z^4+z^3) = 0.000117 (std 2.79113e-05)
2015-09-05T13:59:22.639637 INFO   :		[18%]Candidate (z^4+z^3+z,z^7+z^6+z^5+z^4+z^2,z^7+z^6+z^2+1) = 0.000116 (std 2.6338e-05)
2015-09-05T13:59:22.869661 INFO   :		[18%]Candidate (z^4+z^3+z,z^7+z^6+z^5+z^4+z^2,z^7+z^6+z^3+z) = 0.000112 (std 2.55182e-05)
2015-09-05T13:59:23.087851 INFO   :		[18%]Candidate (z^4+z^3+z,z^7+z^6+z^5+z^4+z^2,z^7+z^6+z^4+1) = 0.000114 (std 2.60456e-05)
2015-09-05T13:59:23.315600 INFO   :		[18%]Candidate (z^4+z^3+z,z^7+z^6+z^5+z^4+z^2,z^7+z^6+z^4+z^2) = 0.000119 (std 2.73201e-05)
2015-09-05T13:59:23.539297 INFO   :		[18%]Candidate (z^4+z^3+z,z^7+z^6+z^5+z^4+z^2,z^7+z^6+z^5+z) = 0.000113 (std 2.53357e-05)
2015-09-05T13:59:23.755438 INFO   :		[18%]Candidate (z^4+z^3+z,z^7+z^6+z^5+z^4+z^2,z^7+z^6+z^5+z^3) = 0.000111 (std 2.45373e-05)
2015-09-05T13:59:30.112065 INFO   :		[25%]Candidate (z^5+z^3+1,z^7+z^6+z^2+z+1,z^4+z^2+z+1) = 0.000112 (std 2.19249e-05)
2015-09-05T13:59:30.322029 INFO   :		[25%]Candidate (z^5+z^3+1,z^7+z^6+z^2+z+1,z^4+z^3+z^2+1) = 0.000116 (std 2.31641e-05)
2015-09-05T13:59:30.586171 INFO   :		[25%]Candidate (z^5+z^3+1,z^7+z^6+z^2+z+1,z^5+z^3+z+1) = 0.000113 (std 2.18714e-05)
2015-09-05T13:59:30.800298 INFO   :		[25%]Candidate (z^5+z^3+1,z^7+z^6+z^2+z+1,z^5+z^3+z^2+z) = 0.000118 (std 2.46879e-05)
2015-09-05T13:59:31.011668 INFO   :		[25%]Candidate (z^5+z^3+1,z^7+z^6+z^2+z+1,z^5+z^4+z^2+1) = 0.000117 (std 2.33457e-05)
2015-09-05T13:59:31.252112 INFO   :		[25%]Candidate (z^5+z^3+1,z^7+z^6+z^2+z+1,z^5+z^4+z^3+z) = 0.000116 (std 2.29519e-05)
2015-09-05T13:59:31.472714 INFO   :		[25%]Candidate (z^5+z^3+1,z^7+z^6+z^2+z+1,z^6+z^2+z+1) = 0.000117 (std 2.30998e-05)
2015-09-05T13:59:31.684628 INFO   :		[25%]Candidate (z^5+z^3+1,z^7+z^6+z^2+z+1,z^6+z^3+z^2+1) = 0.000118 (std 2.36558e-05)
2015-09-05T13:59:31.916726 INFO   :		[25%]Candidate (z^5+z^3+1,z^7+z^6+z^2+z+1,z^6+z^4+z+1) = 0.000116 (std 2.28595e-05)
2015-09-05T13:59:32.129720 INFO   :		[25%]Candidate (z^5+z^3+1,z^7+z^6+z^2+z+1,z^6+z^4+z^2+z) = 0.000117 (std 2.38011e-05)
2015-09-05T13:59:32.319269 INFO   :		[25%]Candidate (z^5+z^3+1,z^7+z^6+z^2+z+1,z^6+z^4+z^3+1) = 0.000118 (std 2.42151e-05)
2015-09-05T13:59:32.526963 INFO   :		[26%]Candidate (z^5+z^3+1,z^7+z^6+z^2+z+1,z^6+z^4+z^3+z^2) = 0.000119 (std 2.4119e-05)
2015-09-05T13:59:32.737211 INFO   :		[26%]Candidate (z^5+z^3+1,z^7+z^6+z^2+z+1,z^6+z^5+z^2+1) = 0.000118 (std 2.32914e-05)
2015-09-05T13:59:32.977588 INFO   :		[26%]Candidate (z^5+z^3+1,z^7+z^6+z^2+z+1,z^6+z^5+z^3+z) = 0.000117 (std 2.36471e-05)
2015-09-05T13:59:33.186891 INFO   :		[26%]Candidate (z^5+z^3+1,z^7+z^6+z^2+z+1,z^6+z^5+z^4+1) = 0.000112 (std 2.21661e-05)
2015-09-05T13:59:33.386901 INFO   :		[26%]Candidate (z^5+z^3+1,z^7+z^6+z^2+z+1,z^6+z^5+z^4+z^2) = 0.000115 (std 2.34151e-05)
2015-09-05T13:59:33.617123 INFO   :		[26%]Candidate (z^5+z^3+1,z^7+z^6+z^2+z+1,z^7+z^3+z+1) = 0.000120 (std 2.49775e-05)
2015-09-05T13:59:33.835567 INFO   :		[26%]Candidate (z^5+z^3+1,z^7+z^6+z^2+z+1,z^7+z^3+z^2+z) = 0.000119 (std 2.39331e-05)
2015-09-05T13:59:34.049629 INFO   :		[26%]Candidate (z^5+z^3+1,z^7+z^6+z^2+z+1,z^7+z^4+z^2+1) = 0.000120 (std 2.42073e-05)
2015-09-05T13:59:34.289167 INFO   :		[26%]Candidate (z^5+z^3+1,z^7+z^6+z^2+z+1,z^7+z^4+z^3+z) = 0.000115 (std 2.24759e-05)
2015-09-05T13:59:34.512614 INFO   :		[27%]Candidate (z^5+z^3+1,z^7+z^6+z^2+z+1,z^7+z^5+z+1) = 0.000117 (std 2.35038e-05)
2015-09-05T13:59:34.728040 INFO   :		[27%]Candidate (z^5+z^3+1,z^7+z^6+z^2+z+1,z^7+z^5+z^2+z) = 0.000117 (std 2.33814e-05)
2015-09-05T13:59:34.919752 INFO   :		[27%]Candidate (z^5+z^3+1,z^7+z^6+z^2+z+1,z^7+z^5+z^3+1) = 0.000120 (std 2.38705e-05)
2015-09-05T13:59:35.122408 INFO   :		[27%]Candidate (z^5+z^3+1,z^7+z^6+z^2+z+1,z^7+z^5+z^3+z^2) = 0.000118 (std 2.42066e-05)
2015-09-05T13:59:35.319958 INFO   :		[27%]Candidate (z^5+z^3+1,z^7+z^6+z^2+z+1,z^7+z^5+z^4+z) = 0.000117 (std 2.31852e-05)
2015-09-05T13:59:35.542638 INFO   :		[27%]Candidate (z^5+z^3+1,z^7+z^6+z^2+z+1,z^7+z^5+z^4+z^3) = 0.000117 (std 2.3503e-05)
2015-09-05T13:59:35.750695 INFO   :		[27%]Candidate (z^5+z^3+1,z^7+z^6+z^2+z+1,z^7+z^6+z^2+1) = 0.000118 (std 2.36301e-05)
2015-09-05T13:59:35.986874 INFO   :		[27%]Candidate (z^5+z^3+1,z^7+z^6+z^2+z+1,z^7+z^6+z^3+z) = 0.000115 (std 2.31172e-05)
2015-09-05T13:59:36.210470 INFO   :		[27%]Candidate (z^5+z^3+1,z^7+z^6+z^2+z+1,z^7+z^6+z^4+1) = 0.000118 (std 2.33797e-05)
2015-09-05T13:59:36.416175 INFO   :		[27%]Candidate (z^5+z^3+1,z^7+z^6+z^2+z+1,z^7+z^6+z^4+z^2) = 0.000119 (std 2.4514e-05)
2015-09-05T13:59:36.619296 INFO   :		[27%]Candidate (z^5+z^3+1,z^7+z^6+z^2+z+1,z^7+z^6+z^5+z) = 0.000117 (std 2.34998e-05)
2015-09-05T13:59:36.833088 INFO   :		[28%]Candidate (z^5+z^3+1,z^7+z^6+z^2+z+1,z^7+z^6+z^5+z^3) = 0.000113 (std 2.25898e-05)
2015-09-05T13:59:37.038284 INFO   :		[28%]Candidate (z^5+z^3+z^2,z^6+z^5+z^4+z^3+1,z^4+z^2+z+1) = 0.000111 (std 2.03885e-05)
2015-09-05T13:59:37.219378 INFO   :		[28%]Candidate (z^5+z^3+z^2,z^6+z^5+z^4+z^3+1,z^4+z^3+z+1) = 0.000112 (std 1.99887e-05)
2015-09-05T13:59:37.411903 INFO   :		[28%]Candidate (z^5+z^3+z^2,z^6+z^5+z^4+z^3+1,z^4+z^3+z^2+1) = 0.000119 (std 2.30064e-05)
2015-09-05T13:59:37.608139 INFO   :		[28%]Candidate (z^5+z^3+z^2,z^6+z^5+z^4+z^3+1,z^5+z^2+z+1) = 0.000116 (std 2.34983e-05)
2015-09-05T13:59:37.797028 INFO   :		[28%]Candidate (z^5+z^3+z^2,z^6+z^5+z^4+z^3+1,z^5+z^3+z+1) = 0.000116 (std 2.09174e-05)
2015-09-05T13:59:37.987349 INFO   :		[28%]Candidate (z^5+z^3+z^2,z^6+z^5+z^4+z^3+1,z^5+z^3+z^2+z) = 0.000116 (std 2.13636e-05)
2015-09-05T13:59:38.185068 INFO   :		[28%]Candidate (z^5+z^3+z^2,z^6+z^5+z^4+z^3+1,z^5+z^4+z^2+1) = 0.000117 (std 2.1865e-05)
2015-09-05T13:59:38.377629 INFO   :		[28%]Candidate (z^5+z^3+z^2,z^6+z^5+z^4+z^3+1,z^5+z^4+z^2+z) = 0.000118 (std 2.27507e-05)
2015-09-05T13:59:38.571845 INFO   :		[28%]Candidate (z^5+z^3+z^2,z^6+z^5+z^4+z^3+1,z^5+z^4+z^3+1) = 0.000120 (std 2.27785e-05)
2015-09-05T13:59:38.761544 INFO   :		[28%]Candidate (z^5+z^3+z^2,z^6+z^5+z^4+z^3+1,z^5+z^4+z^3+z) = 0.000116 (std 2.12748e-05)
2015-09-05T13:59:38.968822 INFO   :		[28%]Candidate (z^5+z^3+z^2,z^6+z^5+z^4+z^3+1,z^6+z^2+z+1) = 0.000116 (std 2.30143e-05)
2015-09-05T13:59:39.174958 INFO   :		[28%]Candidate (z^5+z^3+z^2,z^6+z^5+z^4+z^3+1,z^6+z^3+z^2+1) = 0.000116 (std 2.19964e-05)
2015-09-05T13:59:39.364693 INFO   :		[28%]Candidate (z^5+z^3+z^2,z^6+z^5+z^4+z^3+1,z^6+z^3+z^2+z) = 0.000116 (std 2.12782e-05)
2015-09-05T13:59:39.571713 INFO   :		[28%]Candidate (z^5+z^3+z^2,z^6+z^5+z^4+z^3+1,z^6+z^4+z+1) = 0.000126 (std 4.00726e-05)
2015-09-05T13:59:39.780672 INFO   :		[29%]Candidate (z^5+z^3+z^2,z^6+z^5+z^4+z^3+1,z^6+z^4+z^2+z) = 0.000114 (std 2.26596e-05)
2015-09-05T13:59:39.973172 INFO   :		[29%]Candidate (z^5+z^3+z^2,z^6+z^5+z^4+z^3+1,z^6+z^4+z^3+1) = 0.000118 (std 2.41401e-05)
2015-09-05T13:59:40.167667 INFO   :		[29%]Candidate (z^5+z^3+z^2,z^6+z^5+z^4+z^3+1,z^6+z^4+z^3+z^2) = 0.000118 (std 2.3501e-05)
2015-09-05T13:59:40.355103 INFO   :		[29%]Candidate (z^5+z^3+z^2,z^6+z^5+z^4+z^3+1,z^6+z^5+z+1) = 0.000115 (std 2.24358e-05)
2015-09-05T13:59:40.553087 INFO   :		[29%]Candidate (z^5+z^3+z^2,z^6+z^5+z^4+z^3+1,z^6+z^5+z^2+1) = 0.000121 (std 2.98038e-05)
2015-09-05T13:59:40.762502 INFO   :		[29%]Candidate (z^5+z^3+z^2,z^6+z^5+z^4+z^3+1,z^6+z^5+z^3+z) = 0.000115 (std 2.17818e-05)
2015-09-05T13:59:40.953208 INFO   :		[29%]Candidate (z^5+z^3+z^2,z^6+z^5+z^4+z^3+1,z^6+z^5+z^3+z^2) = 0.000117 (std 2.49032e-05)
2015-09-05T13:59:41.143401 INFO   :		[29%]Candidate (z^5+z^3+z^2,z^6+z^5+z^4+z^3+1,z^6+z^5+z^4+1) = 0.000117 (std 2.32819e-05)
2015-09-05T13:59:41.335139 INFO   :		[29%]Candidate (z^5+z^3+z^2,z^6+z^5+z^4+z^3+1,z^6+z^5+z^4+z) = 0.000118 (std 2.45132e-05)
2015-09-05T13:59:41.526637 INFO   :		[29%]Candidate (z^5+z^3+z^2,z^6+z^5+z^4+z^3+1,z^6+z^5+z^4+z^2) = 0.000117 (std 2.63347e-05)
2015-09-05T13:59:41.750294 INFO   :		[29%]Candidate (z^5+z^3+z^2,z^6+z^5+z^4+z^3+1,z^7+z^3+z+1) = 0.000116 (std 2.61137e-05)
2015-09-05T13:59:41.936279 INFO   :		[29%]Candidate (z^5+z^3+z^2,z^6+z^5+z^4+z^3+1,z^7+z^3+z^2+1) = 0.000115 (std 2.20144e-05)
2015-09-05T13:59:42.118073 INFO   :		[29%]Candidate (z^5+z^3+z^2,z^6+z^5+z^4+z^3+1,z^7+z^3+z^2+z) = 0.000112 (std 2.09691e-05)
2015-09-05T13:59:42.317130 INFO   :		[29%]Candidate (z^5+z^3+z^2,z^6+z^5+z^4+z^3+1,z^7+z^4+z+1) = 0.000123 (std 3.61605e-05)
2015-09-05T13:59:42.517722 INFO   :		[29%]Candidate (z^5+z^3+z^2,z^6+z^5+z^4+z^3+1,z^7+z^4+z^2+1) = 0.000123 (std 2.86357e-05)
2015-09-05T13:59:42.726704 INFO   :		[30%]Candidate (z^5+z^3+z^2,z^6+z^5+z^4+z^3+1,z^7+z^4+z^3+z) = 0.000115 (std 2.18539e-05)
2015-09-05T13:59:42.918294 INFO   :		[30%]Candidate (z^5+z^3+z^2,z^6+z^5+z^4+z^3+1,z^7+z^4+z^3+z^2) = 0.000117 (std 2.3358e-05)
2015-09-05T13:59:43.111093 INFO   :		[30%]Candidate (z^5+z^3+z^2,z^6+z^5+z^4+z^3+1,z^7+z^5+z+1) = 0.000118 (std 2.36837e-05)
2015-09-05T13:59:43.314966 INFO   :		[30%]Candidate (z^5+z^3+z^2,z^6+z^5+z^4+z^3+1,z^7+z^5+z^2+z) = 0.000116 (std 2.21421e-05)
2015-09-05T13:59:43.515136 INFO   :		[30%]Candidate (z^5+z^3+z^2,z^6+z^5+z^4+z^3+1,z^7+z^5+z^3+1) = 0.000123 (std 2.37023e-05)
2015-09-05T13:59:43.714332 INFO   :		[30%]Candidate (z^5+z^3+z^2,z^6+z^5+z^4+z^3+1,z^7+z^5+z^3+z^2) = 0.000115 (std 2.17712e-05)
2015-09-05T13:59:43.906126 INFO   :		[30%]Candidate (z^5+z^3+z^2,z^6+z^5+z^4+z^3+1,z^7+z^5+z^4+1) = 0.000118 (std 2.42019e-05)
2015-09-05T13:59:44.096354 INFO   :		[30%]Candidate (z^5+z^3+z^2,z^6+z^5+z^4+z^3+1,z^7+z^5+z^4+z) = 0.000116 (std 2.65722e-05)
2015-09-05T13:59:44.289106 INFO   :		[30%]Candidate (z^5+z^3+z^2,z^6+z^5+z^4+z^3+1,z^7+z^5+z^4+z^3) = 0.000116 (std 2.15869e-05)
2015-09-05T13:59:44.487057 INFO   :		[30%]Candidate (z^5+z^3+z^2,z^6+z^5+z^4+z^3+1,z^7+z^6+z^2+1) = 0.000118 (std 2.53478e-05)
2015-09-05T13:59:44.676911 INFO   :		[30%]Candidate (z^5+z^3+z^2,z^6+z^5+z^4+z^3+1,z^7+z^6+z^2+z) = 0.000116 (std 2.20754e-05)
2015-09-05T13:59:44.866795 INFO   :		[30%]Candidate (z^5+z^3+z^2,z^6+z^5+z^4+z^3+1,z^7+z^6+z^3+1) = 0.000116 (std 2.26233e-05)
2015-09-05T13:59:45.060866 INFO   :		[30%]Candidate (z^5+z^3+z^2,z^6+z^5+z^4+z^3+1,z^7+z^6+z^3+z) = 0.000119 (std 2.71699e-05)
2015-09-05T13:59:45.272782 INFO   :		[30%]Candidate (z^5+z^3+z^2,z^6+z^5+z^4+z^3+1,z^7+z^6+z^4+1) = 0.000117 (std 2.19192e-05)
2015-09-05T13:59:45.482167 INFO   :		[30%]Candidate (z^5+z^3+z^2,z^6+z^5+z^4+z^3+1,z^7+z^6+z^4+z^2) = 0.000117 (std 2.74091e-05)
2015-09-05T13:59:45.670261 INFO   :		[30%]Candidate (z^5+z^3+z^2,z^6+z^5+z^4+z^3+1,z^7+z^6+z^4+z^3) = 0.000116 (std 2.34296e-05)
2015-09-05T13:59:45.880862 INFO   :		[31%]Candidate (z^5+z^3+z^2,z^6+z^5+z^4+z^3+1,z^7+z^6+z^5+z) = 0.000117 (std 2.37237e-05)
2015-09-05T13:59:46.074772 INFO   :		[31%]Candidate (z^5+z^3+z^2,z^6+z^5+z^4+z^3+1,z^7+z^6+z^5+z^2) = 0.000119 (std 2.55021e-05)
2015-09-05T13:59:46.270073 INFO   :		[31%]Candidate (z^5+z^3+z^2,z^6+z^5+z^4+z^3+1,z^7+z^6+z^5+z^3) = 0.000120 (std 2.2663e-05)
2015-09-05T13:59:49.527784 INFO   :		[34%]Candidate (z^5+z^4+z^3,z^7+z^6+z^4+z^2+z,z^4+z^2+z+1) = 0.000115 (std 2.62842e-05)
2015-09-05T13:59:49.764170 INFO   :		[34%]Candidate (z^5+z^4+z^3,z^7+z^6+z^4+z^2+z,z^4+z^3+z^2+1) = 0.000121 (std 3.00985e-05)
2015-09-05T13:59:49.992491 INFO   :		[34%]Candidate (z^5+z^4+z^3,z^7+z^6+z^4+z^2+z,z^5+z^3+z+1) = 0.000114 (std 2.34899e-05)
2015-09-05T13:59:50.208022 INFO   :		[34%]Candidate (z^5+z^4+z^3,z^7+z^6+z^4+z^2+z,z^5+z^3+z^2+z) = 0.000130 (std 4.3936e-05)
2015-09-05T13:59:50.452042 INFO   :		[34%]Candidate (z^5+z^4+z^3,z^7+z^6+z^4+z^2+z,z^5+z^4+z^2+1) = 0.000132 (std 4.85658e-05)
2015-09-05T13:59:50.675998 INFO   :		[34%]Candidate (z^5+z^4+z^3,z^7+z^6+z^4+z^2+z,z^5+z^4+z^3+z) = 0.000114 (std 2.2053e-05)
2015-09-05T13:59:50.902675 INFO   :		[35%]Candidate (z^5+z^4+z^3,z^7+z^6+z^4+z^2+z,z^6+z^2+z+1) = 0.000132 (std 4.57735e-05)
2015-09-05T13:59:51.088831 INFO   :		[35%]Candidate (z^5+z^4+z^3,z^7+z^6+z^4+z^2+z,z^6+z^3+z^2+1) = 0.000115 (std 2.31132e-05)
2015-09-05T13:59:51.286680 INFO   :		[35%]Candidate (z^5+z^4+z^3,z^7+z^6+z^4+z^2+z,z^6+z^4+z+1) = 0.000115 (std 2.28162e-05)
2015-09-05T13:59:51.511791 INFO   :		[35%]Candidate (z^5+z^4+z^3,z^7+z^6+z^4+z^2+z,z^6+z^4+z^2+z) = 0.000126 (std 3.85374e-05)
2015-09-05T13:59:51.695127 INFO   :		[35%]Candidate (z^5+z^4+z^3,z^7+z^6+z^4+z^2+z,z^6+z^4+z^3+1) = 0.000115 (std 2.26384e-05)
2015-09-05T13:59:51.894832 INFO   :		[35%]Candidate (z^5+z^4+z^3,z^7+z^6+z^4+z^2+z,z^6+z^4+z^3+z^2) = 0.000114 (std 2.27115e-05)
2015-09-05T13:59:52.101159 INFO   :		[35%]Candidate (z^5+z^4+z^3,z^7+z^6+z^4+z^2+z,z^6+z^5+z^2+1) = 0.000117 (std 2.39338e-05)
2015-09-05T13:59:52.335569 INFO   :		[35%]Candidate (z^5+z^4+z^3,z^7+z^6+z^4+z^2+z,z^6+z^5+z^3+z) = 0.000115 (std 2.20205e-05)
2015-09-05T13:59:52.563094 INFO   :		[35%]Candidate (z^5+z^4+z^3,z^7+z^6+z^4+z^2+z,z^6+z^5+z^4+1) = 0.000126 (std 4.00049e-05)
2015-09-05T13:59:52.754435 INFO   :		[35%]Candidate (z^5+z^4+z^3,z^7+z^6+z^4+z^2+z,z^6+z^5+z^4+z^2) = 0.000118 (std 2.36666e-05)
2015-09-05T13:59:52.999469 INFO   :		[35%]Candidate (z^5+z^4+z^3,z^7+z^6+z^4+z^2+z,z^7+z^3+z+1) = 0.000119 (std 2.99951e-05)
2015-09-05T13:59:53.215897 INFO   :		[36%]Candidate (z^5+z^4+z^3,z^7+z^6+z^4+z^2+z,z^7+z^3+z^2+z) = 0.000114 (std 2.21323e-05)
2015-09-05T13:59:53.420892 INFO   :		[36%]Candidate (z^5+z^4+z^3,z^7+z^6+z^4+z^2+z,z^7+z^4+z^2+1) = 0.000121 (std 2.73597e-05)
2015-09-05T13:59:53.652394 INFO   :		[36%]Candidate (z^5+z^4+z^3,z^7+z^6+z^4+z^2+z,z^7+z^4+z^3+z) = 0.000114 (std 2.23232e-05)
2015-09-05T13:59:53.864769 INFO   :		[36%]Candidate (z^5+z^4+z^3,z^7+z^6+z^4+z^2+z,z^7+z^5+z+1) = 0.000114 (std 2.23748e-05)
2015-09-05T13:59:54.088765 INFO   :		[36%]Candidate (z^5+z^4+z^3,z^7+z^6+z^4+z^2+z,z^7+z^5+z^2+z) = 0.000120 (std 2.51579e-05)
2015-09-05T13:59:54.273743 INFO   :		[36%]Candidate (z^5+z^4+z^3,z^7+z^6+z^4+z^2+z,z^7+z^5+z^3+1) = 0.000116 (std 2.32188e-05)
2015-09-05T13:59:54.491239 INFO   :		[36%]Candidate (z^5+z^4+z^3,z^7+z^6+z^4+z^2+z,z^7+z^5+z^3+z^2) = 0.000128 (std 4.50221e-05)
2015-09-05T13:59:54.710116 INFO   :		[36%]Candidate (z^5+z^4+z^3,z^7+z^6+z^4+z^2+z,z^7+z^5+z^4+z) = 0.000120 (std 2.51243e-05)
2015-09-05T13:59:54.927434 INFO   :		[36%]Candidate (z^5+z^4+z^3,z^7+z^6+z^4+z^2+z,z^7+z^5+z^4+z^3) = 0.000115 (std 2.36566e-05)
2015-09-05T13:59:55.134813 INFO   :		[36%]Candidate (z^5+z^4+z^3,z^7+z^6+z^4+z^2+z,z^7+z^6+z^2+1) = 0.000114 (std 2.21172e-05)
2015-09-05T13:59:55.369253 INFO   :		[37%]Candidate (z^5+z^4+z^3,z^7+z^6+z^4+z^2+z,z^7+z^6+z^3+z) = 0.000119 (std 2.4567e-05)
2015-09-05T13:59:55.574996 INFO   :		[37%]Candidate (z^5+z^4+z^3,z^7+z^6+z^4+z^2+z,z^7+z^6+z^4+1) = 0.000114 (std 2.20558e-05)
2015-09-05T13:59:55.804537 INFO   :		[37%]Candidate (z^5+z^4+z^3,z^7+z^6+z^4+z^2+z,z^7+z^6+z^4+z^2) = 0.000116 (std 2.33984e-05)
2015-09-05T13:59:56.022896 INFO   :		[37%]Candidate (z^5+z^4+z^3,z^7+z^6+z^4+z^2+z,z^7+z^6+z^5+z) = 0.000119 (std 2.42577e-05)
2015-09-05T13:59:56.208909 INFO   :		[37%]Candidate (z^5+z^4+z^3,z^7+z^6+z^4+z^2+z,z^7+z^6+z^5+z^3) = 0.000114 (std 2.25948e-05)
2015-09-05T14:00:12.081494 INFO   :		[53%]Candidate (z^7+z^2+z,z^7+z^6+z^4+z+1,z^4+z^2+z+1) = 0.000126 (std 2.31211e-05)
2015-09-05T14:00:12.278343 INFO   :		[53%]Candidate (z^7+z^2+z,z^7+z^6+z^4+z+1,z^4+z^3+z+1) = 0.000127 (std 2.35747e-05)
2015-09-05T14:00:12.475343 INFO   :		[53%]Candidate (z^7+z^2+z,z^7+z^6+z^4+z+1,z^4+z^3+z^2+1) = 0.000127 (std 2.24104e-05)
2015-09-05T14:00:12.671594 INFO   :		[53%]Candidate (z^7+z^2+z,z^7+z^6+z^4+z+1,z^5+z^2+z+1) = 0.000124 (std 2.1738e-05)
2015-09-05T14:00:12.868530 INFO   :		[53%]Candidate (z^7+z^2+z,z^7+z^6+z^4+z+1,z^5+z^3+z+1) = 0.000127 (std 2.38212e-05)
2015-09-05T14:00:13.076487 INFO   :		[53%]Candidate (z^7+z^2+z,z^7+z^6+z^4+z+1,z^5+z^3+z^2+z) = 0.000126 (std 2.23064e-05)
2015-09-05T14:00:13.271948 INFO   :		[53%]Candidate (z^7+z^2+z,z^7+z^6+z^4+z+1,z^5+z^4+z^2+1) = 0.000121 (std 2.20593e-05)
2015-09-05T14:00:13.469422 INFO   :		[53%]Candidate (z^7+z^2+z,z^7+z^6+z^4+z+1,z^5+z^4+z^2+z) = 0.000127 (std 2.24153e-05)
2015-09-05T14:00:13.663264 INFO   :		[53%]Candidate (z^7+z^2+z,z^7+z^6+z^4+z+1,z^5+z^4+z^3+1) = 0.000125 (std 2.16958e-05)
2015-09-05T14:00:13.855458 INFO   :		[53%]Candidate (z^7+z^2+z,z^7+z^6+z^4+z+1,z^5+z^4+z^3+z) = 0.000124 (std 2.23183e-05)
2015-09-05T14:00:14.055563 INFO   :		[53%]Candidate (z^7+z^2+z,z^7+z^6+z^4+z+1,z^6+z^2+z+1) = 0.000124 (std 2.22885e-05)
2015-09-05T14:00:14.268392 INFO   :		[53%]Candidate (z^7+z^2+z,z^7+z^6+z^4+z+1,z^6+z^3+z^2+1) = 0.000123 (std 2.09733e-05)
2015-09-05T14:00:14.459248 INFO   :		[53%]Candidate (z^7+z^2+z,z^7+z^6+z^4+z+1,z^6+z^3+z^2+z) = 0.000123 (std 2.14234e-05)
2015-09-05T14:00:14.651428 INFO   :		[53%]Candidate (z^7+z^2+z,z^7+z^6+z^4+z+1,z^6+z^4+z+1) = 0.000124 (std 2.27367e-05)
2015-09-05T14:00:14.868657 INFO   :		[54%]Candidate (z^7+z^2+z,z^7+z^6+z^4+z+1,z^6+z^4+z^2+z) = 0.000125 (std 2.11659e-05)
2015-09-05T14:00:15.060685 INFO   :		[54%]Candidate (z^7+z^2+z,z^7+z^6+z^4+z+1,z^6+z^4+z^3+1) = 0.000122 (std 2.0347e-05)
2015-09-05T14:00:15.264731 INFO   :		[54%]Candidate (z^7+z^2+z,z^7+z^6+z^4+z+1,z^6+z^4+z^3+z^2) = 0.000119 (std 1.98685e-05)
2015-09-05T14:00:15.461555 INFO   :		[54%]Candidate (z^7+z^2+z,z^7+z^6+z^4+z+1,z^6+z^5+z+1) = 0.000127 (std 2.22069e-05)
2015-09-05T14:00:15.647012 INFO   :		[54%]Candidate (z^7+z^2+z,z^7+z^6+z^4+z+1,z^6+z^5+z^2+1) = 0.000120 (std 1.9362e-05)
2015-09-05T14:00:15.861641 INFO   :		[54%]Candidate (z^7+z^2+z,z^7+z^6+z^4+z+1,z^6+z^5+z^3+z) = 0.000119 (std 1.97406e-05)
2015-09-05T14:00:16.058030 INFO   :		[54%]Candidate (z^7+z^2+z,z^7+z^6+z^4+z+1,z^6+z^5+z^3+z^2) = 0.000127 (std 2.26181e-05)
2015-09-05T14:00:16.243316 INFO   :		[54%]Candidate (z^7+z^2+z,z^7+z^6+z^4+z+1,z^6+z^5+z^4+1) = 0.000120 (std 1.97787e-05)
2015-09-05T14:00:16.433047 INFO   :		[54%]Candidate (z^7+z^2+z,z^7+z^6+z^4+z+1,z^6+z^5+z^4+z) = 0.000122 (std 2.17372e-05)
2015-09-05T14:00:16.627107 INFO   :		[54%]Candidate (z^7+z^2+z,z^7+z^6+z^4+z+1,z^6+z^5+z^4+z^2) = 0.000125 (std 2.31009e-05)
2015-09-05T14:00:16.825934 INFO   :		[54%]Candidate (z^7+z^2+z,z^7+z^6+z^4+z+1,z^7+z^3+z+1) = 0.000120 (std 1.9844e-05)
2015-09-05T14:00:17.012943 INFO   :		[54%]Candidate (z^7+z^2+z,z^7+z^6+z^4+z+1,z^7+z^3+z^2+1) = 0.000121 (std 2.06438e-05)
2015-09-05T14:00:17.198312 INFO   :		[54%]Candidate (z^7+z^2+z,z^7+z^6+z^4+z+1,z^7+z^3+z^2+z) = 0.000120 (std 1.95025e-05)
2015-09-05T14:00:17.396732 INFO   :		[54%]Candidate (z^7+z^2+z,z^7+z^6+z^4+z+1,z^7+z^4+z+1) = 0.000128 (std 2.23633e-05)
2015-09-05T14:00:17.583894 INFO   :		[54%]Candidate (z^7+z^2+z,z^7+z^6+z^4+z+1,z^7+z^4+z^2+1) = 0.000121 (std 2.1803e-05)
2015-09-05T14:00:17.823879 INFO   :		[55%]Candidate (z^7+z^2+z,z^7+z^6+z^4+z+1,z^7+z^4+z^3+z) = 0.000151 (std 6.03664e-05)
2015-09-05T14:00:18.112719 INFO   :		[55%]Candidate (z^7+z^2+z,z^7+z^6+z^4+z+1,z^7+z^4+z^3+z^2) = 0.000187 (std 6.46721e-05)
2015-09-05T14:00:18.300839 INFO   :		[55%]Candidate (z^7+z^2+z,z^7+z^6+z^4+z+1,z^7+z^5+z+1) = 0.000122 (std 2.03163e-05)
2015-09-05T14:00:18.511547 INFO   :		[55%]Candidate (z^7+z^2+z,z^7+z^6+z^4+z+1,z^7+z^5+z^2+z) = 0.000129 (std 3.27436e-05)
2015-09-05T14:00:18.699731 INFO   :		[55%]Candidate (z^7+z^2+z,z^7+z^6+z^4+z+1,z^7+z^5+z^3+1) = 0.000122 (std 1.99003e-05)
2015-09-05T14:00:18.897147 INFO   :		[55%]Candidate (z^7+z^2+z,z^7+z^6+z^4+z+1,z^7+z^5+z^3+z^2) = 0.000120 (std 2.05631e-05)
2015-09-05T14:00:19.089944 INFO   :		[55%]Candidate (z^7+z^2+z,z^7+z^6+z^4+z+1,z^7+z^5+z^4+1) = 0.000124 (std 2.3318e-05)
2015-09-05T14:00:19.277738 INFO   :		[55%]Candidate (z^7+z^2+z,z^7+z^6+z^4+z+1,z^7+z^5+z^4+z) = 0.000121 (std 2.0299e-05)
2015-09-05T14:00:19.478296 INFO   :		[55%]Candidate (z^7+z^2+z,z^7+z^6+z^4+z+1,z^7+z^5+z^4+z^3) = 0.000124 (std 2.22201e-05)
2015-09-05T14:00:19.695880 INFO   :		[55%]Candidate (z^7+z^2+z,z^7+z^6+z^4+z+1,z^7+z^6+z^2+1) = 0.000128 (std 2.33288e-05)
2015-09-05T14:00:19.890599 INFO   :		[55%]Candidate (z^7+z^2+z,z^7+z^6+z^4+z+1,z^7+z^6+z^2+z) = 0.000126 (std 2.27786e-05)
2015-09-05T14:00:20.091431 INFO   :		[55%]Candidate (z^7+z^2+z,z^7+z^6+z^4+z+1,z^7+z^6+z^3+1) = 0.000130 (std 2.28394e-05)
2015-09-05T14:00:20.279374 INFO   :		[55%]Candidate (z^7+z^2+z,z^7+z^6+z^4+z+1,z^7+z^6+z^3+z) = 0.000121 (std 1.94507e-05)
2015-09-05T14:00:20.494293 INFO   :		[55%]Candidate (z^7+z^2+z,z^7+z^6+z^4+z+1,z^7+z^6+z^4+1) = 0.000126 (std 2.19206e-05)
2015-09-05T14:00:20.713260 INFO   :		[55%]Candidate (z^7+z^2+z,z^7+z^6+z^4+z+1,z^7+z^6+z^4+z^2) = 0.000127 (std 2.19278e-05)
2015-09-05T14:00:20.905775 INFO   :		[55%]Candidate (z^7+z^2+z,z^7+z^6+z^4+z+1,z^7+z^6+z^4+z^3) = 0.000124 (std 2.14923e-05)
2015-09-05T14:00:21.116416 INFO   :		[56%]Candidate (z^7+z^2+z,z^7+z^6+z^4+z+1,z^7+z^6+z^5+z) = 0.000126 (std 2.25638e-05)
2015-09-05T14:00:21.305646 INFO   :		[56%]Candidate (z^7+z^2+z,z^7+z^6+z^4+z+1,z^7+z^6+z^5+z^2) = 0.000122 (std 2.13091e-05)
2015-09-05T14:00:21.495618 INFO   :		[56%]Candidate (z^7+z^2+z,z^7+z^6+z^4+z+1,z^7+z^6+z^5+z^3) = 0.000123 (std 2.1615e-05)
2015-09-05T14:00:21.729854 INFO   :		[56%]Candidate (z^7+z^5+z^2,z^7+z^6+z^5+z^4+1,z^4+z^2+z+1) = 0.000128 (std 2.20718e-05)
2015-09-05T14:00:21.922132 INFO   :		[56%]Candidate (z^7+z^5+z^2,z^7+z^6+z^5+z^4+1,z^4+z^3+z+1) = 0.000125 (std 2.0954e-05)
2015-09-05T14:00:22.116004 INFO   :		[56%]Candidate (z^7+z^5+z^2,z^7+z^6+z^5+z^4+1,z^4+z^3+z^2+1) = 0.000126 (std 2.20318e-05)
2015-09-05T14:00:22.321236 INFO   :		[56%]Candidate (z^7+z^5+z^2,z^7+z^6+z^5+z^4+1,z^5+z^2+z+1) = 0.000127 (std 2.28436e-05)
2015-09-05T14:00:22.517564 INFO   :		[56%]Candidate (z^7+z^5+z^2,z^7+z^6+z^5+z^4+1,z^5+z^3+z+1) = 0.000127 (std 2.25505e-05)
2015-09-05T14:00:22.715338 INFO   :		[56%]Candidate (z^7+z^5+z^2,z^7+z^6+z^5+z^4+1,z^5+z^3+z^2+z) = 0.000124 (std 2.03857e-05)
2015-09-05T14:00:22.908747 INFO   :		[56%]Candidate (z^7+z^5+z^2,z^7+z^6+z^5+z^4+1,z^5+z^4+z^2+1) = 0.000123 (std 2.08716e-05)
2015-09-05T14:00:23.105631 INFO   :		[56%]Candidate (z^7+z^5+z^2,z^7+z^6+z^5+z^4+1,z^5+z^4+z^2+z) = 0.000128 (std 2.32367e-05)
2015-09-05T14:00:23.295223 INFO   :		[56%]Candidate (z^7+z^5+z^2,z^7+z^6+z^5+z^4+1,z^5+z^4+z^3+1) = 0.000123 (std 2.0515e-05)
2015-09-05T14:00:23.486341 INFO   :		[56%]Candidate (z^7+z^5+z^2,z^7+z^6+z^5+z^4+1,z^5+z^4+z^3+z) = 0.000124 (std 2.20362e-05)
2015-09-05T14:00:23.696251 INFO   :		[56%]Candidate (z^7+z^5+z^2,z^7+z^6+z^5+z^4+1,z^6+z^2+z+1) = 0.000124 (std 2.15197e-05)
2015-09-05T14:00:23.890227 INFO   :		[57%]Candidate (z^7+z^5+z^2,z^7+z^6+z^5+z^4+1,z^6+z^3+z^2+1) = 0.000125 (std 2.10818e-05)
2015-09-05T14:00:24.078213 INFO   :		[57%]Candidate (z^7+z^5+z^2,z^7+z^6+z^5+z^4+1,z^6+z^3+z^2+z) = 0.000122 (std 2.02243e-05)
2015-09-05T14:00:24.269836 INFO   :		[57%]Candidate (z^7+z^5+z^2,z^7+z^6+z^5+z^4+1,z^6+z^4+z+1) = 0.000125 (std 2.2452e-05)
2015-09-05T14:00:24.476926 INFO   :		[57%]Candidate (z^7+z^5+z^2,z^7+z^6+z^5+z^4+1,z^6+z^4+z^2+z) = 0.000127 (std 2.2482e-05)
2015-09-05T14:00:24.663454 INFO   :		[57%]Candidate (z^7+z^5+z^2,z^7+z^6+z^5+z^4+1,z^6+z^4+z^3+1) = 0.000121 (std 1.92244e-05)
2015-09-05T14:00:24.868717 INFO   :		[57%]Candidate (z^7+z^5+z^2,z^7+z^6+z^5+z^4+1,z^6+z^4+z^3+z^2) = 0.000125 (std 2.48718e-05)
2015-09-05T14:00:25.062599 INFO   :		[57%]Candidate (z^7+z^5+z^2,z^7+z^6+z^5+z^4+1,z^6+z^5+z+1) = 0.000126 (std 2.42524e-05)
2015-09-05T14:00:25.248707 INFO   :		[57%]Candidate (z^7+z^5+z^2,z^7+z^6+z^5+z^4+1,z^6+z^5+z^2+1) = 0.000121 (std 1.97863e-05)
2015-09-05T14:00:25.470563 INFO   :		[57%]Candidate (z^7+z^5+z^2,z^7+z^6+z^5+z^4+1,z^6+z^5+z^3+z) = 0.000129 (std 2.57865e-05)
2015-09-05T14:00:25.666582 INFO   :		[57%]Candidate (z^7+z^5+z^2,z^7+z^6+z^5+z^4+1,z^6+z^5+z^3+z^2) = 0.000127 (std 2.09618e-05)
2015-09-05T14:00:25.853005 INFO   :		[57%]Candidate (z^7+z^5+z^2,z^7+z^6+z^5+z^4+1,z^6+z^5+z^4+1) = 0.000121 (std 1.94135e-05)
2015-09-05T14:00:26.047446 INFO   :		[57%]Candidate (z^7+z^5+z^2,z^7+z^6+z^5+z^4+1,z^6+z^5+z^4+z) = 0.000126 (std 2.48468e-05)
2015-09-05T14:00:26.258532 INFO   :		[57%]Candidate (z^7+z^5+z^2,z^7+z^6+z^5+z^4+1,z^6+z^5+z^4+z^2) = 0.000136 (std 3.91413e-05)
2015-09-05T14:00:26.474390 INFO   :		[57%]Candidate (z^7+z^5+z^2,z^7+z^6+z^5+z^4+1,z^7+z^3+z+1) = 0.000125 (std 2.69751e-05)
2015-09-05T14:00:26.662736 INFO   :		[57%]Candidate (z^7+z^5+z^2,z^7+z^6+z^5+z^4+1,z^7+z^3+z^2+1) = 0.000122 (std 2.24502e-05)
2015-09-05T14:00:26.884775 INFO   :		[57%]Candidate (z^7+z^5+z^2,z^7+z^6+z^5+z^4+1,z^7+z^3+z^2+z) = 0.000143 (std 4.81857e-05)
2015-09-05T14:00:27.073175 INFO   :		[57%]Candidate (z^7+z^5+z^2,z^7+z^6+z^5+z^4+1,z^7+z^4+z+1) = 0.000123 (std 2.42099e-05)
2015-09-05T14:00:27.260921 INFO   :		[58%]Candidate (z^7+z^5+z^2,z^7+z^6+z^5+z^4+1,z^7+z^4+z^2+1) = 0.000121 (std 2.0775e-05)
2015-09-05T14:00:27.499186 INFO   :		[58%]Candidate (z^7+z^5+z^2,z^7+z^6+z^5+z^4+1,z^7+z^4+z^3+z) = 0.000138 (std 4.34023e-05)
2015-09-05T14:00:27.686564 INFO   :		[58%]Candidate (z^7+z^5+z^2,z^7+z^6+z^5+z^4+1,z^7+z^4+z^3+z^2) = 0.000121 (std 1.90005e-05)
2015-09-05T14:00:27.875486 INFO   :		[58%]Candidate (z^7+z^5+z^2,z^7+z^6+z^5+z^4+1,z^7+z^5+z+1) = 0.000123 (std 2.2126e-05)
2015-09-05T14:00:28.089592 INFO   :		[58%]Candidate (z^7+z^5+z^2,z^7+z^6+z^5+z^4+1,z^7+z^5+z^2+z) = 0.000138 (std 3.76035e-05)
2015-09-05T14:00:28.278713 INFO   :		[58%]Candidate (z^7+z^5+z^2,z^7+z^6+z^5+z^4+1,z^7+z^5+z^3+1) = 0.000122 (std 2.00719e-05)
2015-09-05T14:00:28.496627 INFO   :		[58%]Candidate (z^7+z^5+z^2,z^7+z^6+z^5+z^4+1,z^7+z^5+z^3+z^2) = 0.000126 (std 2.87394e-05)
2015-09-05T14:00:28.708675 INFO   :		[58%]Candidate (z^7+z^5+z^2,z^7+z^6+z^5+z^4+1,z^7+z^5+z^4+1) = 0.000137 (std 3.06882e-05)
2015-09-05T14:00:28.900067 INFO   :		[58%]Candidate (z^7+z^5+z^2,z^7+z^6+z^5+z^4+1,z^7+z^5+z^4+z) = 0.000124 (std 2.38316e-05)
2015-09-05T14:00:29.113282 INFO   :		[58%]Candidate (z^7+z^5+z^2,z^7+z^6+z^5+z^4+1,z^7+z^5+z^4+z^3) = 0.000129 (std 2.71885e-05)
2015-09-05T14:00:29.316957 INFO   :		[58%]Candidate (z^7+z^5+z^2,z^7+z^6+z^5+z^4+1,z^7+z^6+z^2+1) = 0.000127 (std 2.68192e-05)
2015-09-05T14:00:29.509422 INFO   :		[58%]Candidate (z^7+z^5+z^2,z^7+z^6+z^5+z^4+1,z^7+z^6+z^2+z) = 0.000125 (std 2.35875e-05)
2015-09-05T14:00:29.711762 INFO   :		[58%]Candidate (z^7+z^5+z^2,z^7+z^6+z^5+z^4+1,z^7+z^6+z^3+1) = 0.000132 (std 3.06845e-05)
2015-09-05T14:00:29.909776 INFO   :		[58%]Candidate (z^7+z^5+z^2,z^7+z^6+z^5+z^4+1,z^7+z^6+z^3+z) = 0.000129 (std 3.2262e-05)
2015-09-05T14:00:30.113659 INFO   :		[58%]Candidate (z^7+z^5+z^2,z^7+z^6+z^5+z^4+1,z^7+z^6+z^4+1) = 0.000122 (std 2.2618e-05)
2015-09-05T14:00:30.317318 INFO   :		[59%]Candidate (z^7+z^5+z^2,z^7+z^6+z^5+z^4+1,z^7+z^6+z^4+z^2) = 0.000120 (std 1.96452e-05)
2015-09-05T14:00:30.513892 INFO   :		[59%]Candidate (z^7+z^5+z^2,z^7+z^6+z^5+z^4+1,z^7+z^6+z^4+z^3) = 0.000128 (std 2.70704e-05)
2015-09-05T14:00:30.726679 INFO   :		[59%]Candidate (z^7+z^5+z^2,z^7+z^6+z^5+z^4+1,z^7+z^6+z^5+z) = 0.000122 (std 2.01688e-05)
2015-09-05T14:00:30.915085 INFO   :		[59%]Candidate (z^7+z^5+z^2,z^7+z^6+z^5+z^4+1,z^7+z^6+z^5+z^2) = 0.000122 (std 2.26755e-05)
2015-09-05T14:00:31.105062 INFO   :		[59%]Candidate (z^7+z^5+z^2,z^7+z^6+z^5+z^4+1,z^7+z^6+z^5+z^3) = 0.000123 (std 2.32714e-05)
2015-09-05T14:00:34.656967 INFO   :		[62%]Candidate (z^4+z^3+z^2+z+1,z^6+z^3+z,z^4+z^2+z+1) = 0.000106 (std 1.8766e-05)
2015-09-05T14:00:34.860175 INFO   :		[62%]Candidate (z^4+z^3+z^2+z+1,z^6+z^3+z,z^4+z^3+z+1) = 0.000121 (std 3.7007e-05)
2015-09-05T14:00:35.039368 INFO   :		[62%]Candidate (z^4+z^3+z^2+z+1,z^6+z^3+z,z^4+z^3+z^2+1) = 0.000107 (std 1.88887e-05)
2015-09-05T14:00:35.221064 INFO   :		[62%]Candidate (z^4+z^3+z^2+z+1,z^6+z^3+z,z^5+z^2+z+1) = 0.000108 (std 1.94645e-05)
2015-09-05T14:00:35.438307 INFO   :		[62%]Candidate (z^4+z^3+z^2+z+1,z^6+z^3+z,z^5+z^3+z+1) = 0.000129 (std 4.77414e-05)
2015-09-05T14:00:35.656068 INFO   :		[62%]Candidate (z^4+z^3+z^2+z+1,z^6+z^3+z,z^5+z^3+z^2+z) = 0.000117 (std 3.4268e-05)
2015-09-05T14:00:35.859621 INFO   :		[62%]Candidate (z^4+z^3+z^2+z+1,z^6+z^3+z,z^5+z^4+z^2+1) = 0.000110 (std 2.26601e-05)
2015-09-05T14:00:36.038441 INFO   :		[62%]Candidate (z^4+z^3+z^2+z+1,z^6+z^3+z,z^5+z^4+z^2+z) = 0.000107 (std 1.90343e-05)
2015-09-05T14:00:36.217596 INFO   :		[63%]Candidate (z^4+z^3+z^2+z+1,z^6+z^3+z,z^5+z^4+z^3+1) = 0.000107 (std 1.91187e-05)
2015-09-05T14:00:36.443757 INFO   :		[63%]Candidate (z^4+z^3+z^2+z+1,z^6+z^3+z,z^5+z^4+z^3+z) = 0.000135 (std 5.14173e-05)
2015-09-05T14:00:36.649021 INFO   :		[63%]Candidate (z^4+z^3+z^2+z+1,z^6+z^3+z,z^6+z^2+z+1) = 0.000121 (std 4.02442e-05)
2015-09-05T14:00:36.862539 INFO   :		[63%]Candidate (z^4+z^3+z^2+z+1,z^6+z^3+z,z^6+z^3+z^2+1) = 0.000113 (std 2.77943e-05)
2015-09-05T14:00:37.041875 INFO   :		[63%]Candidate (z^4+z^3+z^2+z+1,z^6+z^3+z,z^6+z^3+z^2+z) = 0.000108 (std 1.90269e-05)
2015-09-05T14:00:37.221510 INFO   :		[63%]Candidate (z^4+z^3+z^2+z+1,z^6+z^3+z,z^6+z^4+z+1) = 0.000108 (std 1.8597e-05)
2015-09-05T14:00:37.451609 INFO   :		[63%]Candidate (z^4+z^3+z^2+z+1,z^6+z^3+z,z^6+z^4+z^2+z) = 0.000124 (std 4.31668e-05)
2015-09-05T14:00:37.658511 INFO   :		[63%]Candidate (z^4+z^3+z^2+z+1,z^6+z^3+z,z^6+z^4+z^3+1) = 0.000123 (std 4.04663e-05)
2015-09-05T14:00:37.861442 INFO   :		[63%]Candidate (z^4+z^3+z^2+z+1,z^6+z^3+z,z^6+z^4+z^3+z^2) = 0.000116 (std 2.91077e-05)
2015-09-05T14:00:38.068871 INFO   :		[63%]Candidate (z^4+z^3+z^2+z+1,z^6+z^3+z,z^6+z^5+z+1) = 0.000123 (std 4.10292e-05)
2015-09-05T14:00:38.273422 INFO   :		[63%]Candidate (z^4+z^3+z^2+z+1,z^6+z^3+z,z^6+z^5+z^2+1) = 0.000121 (std 3.60331e-05)
2015-09-05T14:00:38.479541 INFO   :		[63%]Candidate (z^4+z^3+z^2+z+1,z^6+z^3+z,z^6+z^5+z^3+z) = 0.000110 (std 2.12309e-05)
2015-09-05T14:00:38.658612 INFO   :		[63%]Candidate (z^4+z^3+z^2+z+1,z^6+z^3+z,z^6+z^5+z^3+z^2) = 0.000108 (std 1.89863e-05)
2015-09-05T14:00:38.857003 INFO   :		[63%]Candidate (z^4+z^3+z^2+z+1,z^6+z^3+z,z^6+z^5+z^4+1) = 0.000119 (std 3.39103e-05)
2015-09-05T14:00:39.049620 INFO   :		[63%]Candidate (z^4+z^3+z^2+z+1,z^6+z^3+z,z^6+z^5+z^4+z) = 0.000116 (std 3.06986e-05)
2015-09-05T14:00:39.235613 INFO   :		[63%]Candidate (z^4+z^3+z^2+z+1,z^6+z^3+z,z^6+z^5+z^4+z^2) = 0.000111 (std 1.98611e-05)
2015-09-05T14:00:39.454619 INFO   :		[64%]Candidate (z^4+z^3+z^2+z+1,z^6+z^3+z,z^7+z^3+z+1) = 0.000120 (std 3.81678e-05)
2015-09-05T14:00:39.649214 INFO   :		[64%]Candidate (z^4+z^3+z^2+z+1,z^6+z^3+z,z^7+z^3+z^2+1) = 0.000116 (std 2.8566e-05)
2015-09-05T14:00:39.834437 INFO   :		[64%]Candidate (z^4+z^3+z^2+z+1,z^6+z^3+z,z^7+z^3+z^2+z) = 0.000111 (std 2.02172e-05)
2015-09-05T14:00:40.015451 INFO   :		[64%]Candidate (z^4+z^3+z^2+z+1,z^6+z^3+z,z^7+z^4+z+1) = 0.000109 (std 1.93098e-05)
2015-09-05T14:00:40.193821 INFO   :		[64%]Candidate (z^4+z^3+z^2+z+1,z^6+z^3+z,z^7+z^4+z^2+1) = 0.000107 (std 1.85645e-05)
2015-09-05T14:00:40.416758 INFO   :		[64%]Candidate (z^4+z^3+z^2+z+1,z^6+z^3+z,z^7+z^4+z^3+z) = 0.000120 (std 4.69031e-05)
2015-09-05T14:00:40.622620 INFO   :		[64%]Candidate (z^4+z^3+z^2+z+1,z^6+z^3+z,z^7+z^4+z^3+z^2) = 0.000121 (std 3.59202e-05)
2015-09-05T14:00:40.819753 INFO   :		[64%]Candidate (z^4+z^3+z^2+z+1,z^6+z^3+z,z^7+z^5+z+1) = 0.000118 (std 3.04599e-05)
2015-09-05T14:00:41.036189 INFO   :		[64%]Candidate (z^4+z^3+z^2+z+1,z^6+z^3+z,z^7+z^5+z^2+z) = 0.000119 (std 3.90682e-05)
2015-09-05T14:00:41.235175 INFO   :		[64%]Candidate (z^4+z^3+z^2+z+1,z^6+z^3+z,z^7+z^5+z^3+1) = 0.000118 (std 2.96154e-05)
2015-09-05T14:00:41.447689 INFO   :		[64%]Candidate (z^4+z^3+z^2+z+1,z^6+z^3+z,z^7+z^5+z^3+z^2) = 0.000119 (std 3.71325e-05)
2015-09-05T14:00:41.633922 INFO   :		[64%]Candidate (z^4+z^3+z^2+z+1,z^6+z^3+z,z^7+z^5+z^4+1) = 0.000112 (std 2.02891e-05)
2015-09-05T14:00:41.832678 INFO   :		[64%]Candidate (z^4+z^3+z^2+z+1,z^6+z^3+z,z^7+z^5+z^4+z) = 0.000118 (std 3.13917e-05)
2015-09-05T14:00:42.031092 INFO   :		[64%]Candidate (z^4+z^3+z^2+z+1,z^6+z^3+z,z^7+z^5+z^4+z^3) = 0.000112 (std 2.11797e-05)
2015-09-05T14:00:42.222839 INFO   :		[65%]Candidate (z^4+z^3+z^2+z+1,z^6+z^3+z,z^7+z^6+z^2+1) = 0.000107 (std 1.8989e-05)
2015-09-05T14:00:42.408081 INFO   :		[65%]Candidate (z^4+z^3+z^2+z+1,z^6+z^3+z,z^7+z^6+z^2+z) = 0.000111 (std 2.64665e-05)
2015-09-05T14:00:42.588504 INFO   :		[65%]Candidate (z^4+z^3+z^2+z+1,z^6+z^3+z,z^7+z^6+z^3+1) = 0.000108 (std 2.06756e-05)
2015-09-05T14:00:42.770621 INFO   :		[65%]Candidate (z^4+z^3+z^2+z+1,z^6+z^3+z,z^7+z^6+z^3+z) = 0.000109 (std 2.07827e-05)
2015-09-05T14:00:42.990189 INFO   :		[65%]Candidate (z^4+z^3+z^2+z+1,z^6+z^3+z,z^7+z^6+z^4+1) = 0.000126 (std 4.38988e-05)
2015-09-05T14:00:43.204035 INFO   :		[65%]Candidate (z^4+z^3+z^2+z+1,z^6+z^3+z,z^7+z^6+z^4+z^2) = 0.000119 (std 3.59589e-05)
2015-09-05T14:00:43.415343 INFO   :		[65%]Candidate (z^4+z^3+z^2+z+1,z^6+z^3+z,z^7+z^6+z^4+z^3) = 0.000125 (std 4.07325e-05)
2015-09-05T14:00:43.634696 INFO   :		[65%]Candidate (z^4+z^3+z^2+z+1,z^6+z^3+z,z^7+z^6+z^5+z) = 0.000119 (std 3.50701e-05)
2015-09-05T14:00:43.838544 INFO   :		[65%]Candidate (z^4+z^3+z^2+z+1,z^6+z^3+z,z^7+z^6+z^5+z^2) = 0.000121 (std 3.61841e-05)
2015-09-05T14:00:44.028094 INFO   :		[65%]Candidate (z^4+z^3+z^2+z+1,z^6+z^3+z,z^7+z^6+z^5+z^3) = 0.000114 (std 2.89083e-05)
2015-09-05T14:00:47.219497 INFO   :		[68%]Candidate (z^5+z^4+z^3+z^2+1,z^6+z^5+z^3,z^4+z^2+z+1) = 0.000111 (std 1.82612e-05)
2015-09-05T14:00:47.421325 INFO   :		[68%]Candidate (z^5+z^4+z^3+z^2+1,z^6+z^5+z^3,z^4+z^3+z+1) = 0.000124 (std 3.00536e-05)
2015-09-05T14:00:47.613605 INFO   :		[68%]Candidate (z^5+z^4+z^3+z^2+1,z^6+z^5+z^3,z^4+z^3+z^2+1) = 0.000118 (std 1.94619e-05)
2015-09-05T14:00:47.819322 INFO   :		[68%]Candidate (z^5+z^4+z^3+z^2+1,z^6+z^5+z^3,z^5+z^2+z+1) = 0.000115 (std 1.94534e-05)
2015-09-05T14:00:48.008239 INFO   :		[69%]Candidate (z^5+z^4+z^3+z^2+1,z^6+z^5+z^3,z^5+z^3+z+1) = 0.000117 (std 1.95731e-05)
2015-09-05T14:00:48.206532 INFO   :		[69%]Candidate (z^5+z^4+z^3+z^2+1,z^6+z^5+z^3,z^5+z^3+z^2+z) = 0.000116 (std 1.99075e-05)
2015-09-05T14:00:48.417999 INFO   :		[69%]Candidate (z^5+z^4+z^3+z^2+1,z^6+z^5+z^3,z^5+z^4+z^2+1) = 0.000121 (std 3.0431e-05)
2015-09-05T14:00:48.628885 INFO   :		[69%]Candidate (z^5+z^4+z^3+z^2+1,z^6+z^5+z^3,z^5+z^4+z^2+z) = 0.000128 (std 4.22447e-05)
2015-09-05T14:00:48.836989 INFO   :		[69%]Candidate (z^5+z^4+z^3+z^2+1,z^6+z^5+z^3,z^5+z^4+z^3+1) = 0.000127 (std 3.78563e-05)
2015-09-05T14:00:49.019241 INFO   :		[69%]Candidate (z^5+z^4+z^3+z^2+1,z^6+z^5+z^3,z^5+z^4+z^3+z) = 0.000112 (std 1.92427e-05)
2015-09-05T14:00:49.202521 INFO   :		[69%]Candidate (z^5+z^4+z^3+z^2+1,z^6+z^5+z^3,z^6+z^2+z+1) = 0.000112 (std 1.75378e-05)
2015-09-05T14:00:49.435606 INFO   :		[69%]Candidate (z^5+z^4+z^3+z^2+1,z^6+z^5+z^3,z^6+z^3+z^2+1) = 0.000132 (std 4.32074e-05)
2015-09-05T14:00:49.616066 INFO   :		[69%]Candidate (z^5+z^4+z^3+z^2+1,z^6+z^5+z^3,z^6+z^3+z^2+z) = 0.000111 (std 1.7835e-05)
2015-09-05T14:00:49.797285 INFO   :		[69%]Candidate (z^5+z^4+z^3+z^2+1,z^6+z^5+z^3,z^6+z^4+z+1) = 0.000112 (std 1.77652e-05)
2015-09-05T14:00:50.003035 INFO   :		[69%]Candidate (z^5+z^4+z^3+z^2+1,z^6+z^5+z^3,z^6+z^4+z^2+z) = 0.000120 (std 3.03254e-05)
2015-09-05T14:00:50.183998 INFO   :		[69%]Candidate (z^5+z^4+z^3+z^2+1,z^6+z^5+z^3,z^6+z^4+z^3+1) = 0.000112 (std 1.80351e-05)
2015-09-05T14:00:50.385217 INFO   :		[69%]Candidate (z^5+z^4+z^3+z^2+1,z^6+z^5+z^3,z^6+z^4+z^3+z^2) = 0.000112 (std 2.22696e-05)
2015-09-05T14:00:50.580851 INFO   :		[69%]Candidate (z^5+z^4+z^3+z^2+1,z^6+z^5+z^3,z^6+z^5+z+1) = 0.000120 (std 2.35534e-05)
2015-09-05T14:00:50.762184 INFO   :		[69%]Candidate (z^5+z^4+z^3+z^2+1,z^6+z^5+z^3,z^6+z^5+z^2+1) = 0.000111 (std 1.84301e-05)
2015-09-05T14:00:50.972188 INFO   :		[70%]Candidate (z^5+z^4+z^3+z^2+1,z^6+z^5+z^3,z^6+z^5+z^3+z) = 0.000111 (std 1.94538e-05)
2015-09-05T14:00:51.163603 INFO   :		[70%]Candidate (z^5+z^4+z^3+z^2+1,z^6+z^5+z^3,z^6+z^5+z^3+z^2) = 0.000118 (std 2.02291e-05)
2015-09-05T14:00:51.344620 INFO   :		[70%]Candidate (z^5+z^4+z^3+z^2+1,z^6+z^5+z^3,z^6+z^5+z^4+1) = 0.000111 (std 1.81806e-05)
2015-09-05T14:00:51.529644 INFO   :		[70%]Candidate (z^5+z^4+z^3+z^2+1,z^6+z^5+z^3,z^6+z^5+z^4+z) = 0.000113 (std 1.84224e-05)
2015-09-05T14:00:51.721682 INFO   :		[70%]Candidate (z^5+z^4+z^3+z^2+1,z^6+z^5+z^3,z^6+z^5+z^4+z^2) = 0.000118 (std 2.21666e-05)
2015-09-05T14:00:51.918458 INFO   :		[70%]Candidate (z^5+z^4+z^3+z^2+1,z^6+z^5+z^3,z^7+z^3+z+1) = 0.000111 (std 1.88554e-05)
2015-09-05T14:00:52.100200 INFO   :		[70%]Candidate (z^5+z^4+z^3+z^2+1,z^6+z^5+z^3,z^7+z^3+z^2+1) = 0.000112 (std 1.83012e-05)
2015-09-05T14:00:52.289325 INFO   :		[70%]Candidate (z^5+z^4+z^3+z^2+1,z^6+z^5+z^3,z^7+z^3+z^2+z) = 0.000116 (std 2.03316e-05)
2015-09-05T14:00:52.480124 INFO   :		[70%]Candidate (z^5+z^4+z^3+z^2+1,z^6+z^5+z^3,z^7+z^4+z+1) = 0.000117 (std 2.10295e-05)
2015-09-05T14:00:52.661589 INFO   :		[70%]Candidate (z^5+z^4+z^3+z^2+1,z^6+z^5+z^3,z^7+z^4+z^2+1) = 0.000111 (std 1.79205e-05)
2015-09-05T14:00:52.886091 INFO   :		[70%]Candidate (z^5+z^4+z^3+z^2+1,z^6+z^5+z^3,z^7+z^4+z^3+z) = 0.000120 (std 3.14069e-05)
2015-09-05T14:00:53.069270 INFO   :		[70%]Candidate (z^5+z^4+z^3+z^2+1,z^6+z^5+z^3,z^7+z^4+z^3+z^2) = 0.000112 (std 2.02272e-05)
2015-09-05T14:00:53.251932 INFO   :		[70%]Candidate (z^5+z^4+z^3+z^2+1,z^6+z^5+z^3,z^7+z^5+z+1) = 0.000112 (std 1.85997e-05)
2015-09-05T14:00:53.456153 INFO   :		[70%]Candidate (z^5+z^4+z^3+z^2+1,z^6+z^5+z^3,z^7+z^5+z^2+z) = 0.000120 (std 3.42383e-05)
2015-09-05T14:00:53.642357 INFO   :		[70%]Candidate (z^5+z^4+z^3+z^2+1,z^6+z^5+z^3,z^7+z^5+z^3+1) = 0.000114 (std 1.84772e-05)
2015-09-05T14:00:53.844281 INFO   :		[70%]Candidate (z^5+z^4+z^3+z^2+1,z^6+z^5+z^3,z^7+z^5+z^3+z^2) = 0.000111 (std 1.76579e-05)
2015-09-05T14:00:54.029855 INFO   :		[71%]Candidate (z^5+z^4+z^3+z^2+1,z^6+z^5+z^3,z^7+z^5+z^4+1) = 0.000114 (std 2.11224e-05)
2015-09-05T14:00:54.219732 INFO   :		[71%]Candidate (z^5+z^4+z^3+z^2+1,z^6+z^5+z^3,z^7+z^5+z^4+z) = 0.000116 (std 1.89098e-05)
2015-09-05T14:00:54.411953 INFO   :		[71%]Candidate (z^5+z^4+z^3+z^2+1,z^6+z^5+z^3,z^7+z^5+z^4+z^3) = 0.000115 (std 2.34891e-05)
2015-09-05T14:00:54.605866 INFO   :		[71%]Candidate (z^5+z^4+z^3+z^2+1,z^6+z^5+z^3,z^7+z^6+z^2+1) = 0.000111 (std 1.87004e-05)
2015-09-05T14:00:54.802309 INFO   :		[71%]Candidate (z^5+z^4+z^3+z^2+1,z^6+z^5+z^3,z^7+z^6+z^2+z) = 0.000120 (std 2.63197e-05)
2015-09-05T14:00:54.984073 INFO   :		[71%]Candidate (z^5+z^4+z^3+z^2+1,z^6+z^5+z^3,z^7+z^6+z^3+1) = 0.000112 (std 1.82662e-05)
2015-09-05T14:00:55.213488 INFO   :		[71%]Candidate (z^5+z^4+z^3+z^2+1,z^6+z^5+z^3,z^7+z^6+z^3+z) = 0.000142 (std 4.22287e-05)
2015-09-05T14:00:55.429728 INFO   :		[71%]Candidate (z^5+z^4+z^3+z^2+1,z^6+z^5+z^3,z^7+z^6+z^4+1) = 0.000130 (std 4.71008e-05)
2015-09-05T14:00:55.630632 INFO   :		[71%]Candidate (z^5+z^4+z^3+z^2+1,z^6+z^5+z^3,z^7+z^6+z^4+z^2) = 0.000110 (std 1.79794e-05)
2015-09-05T14:00:55.812404 INFO   :		[71%]Candidate (z^5+z^4+z^3+z^2+1,z^6+z^5+z^3,z^7+z^6+z^4+z^3) = 0.000112 (std 1.82959e-05)
2015-09-05T14:00:55.999994 INFO   :		[71%]Candidate (z^5+z^4+z^3+z^2+1,z^6+z^5+z^3,z^7+z^6+z^5+z) = 0.000111 (std 1.81573e-05)
2015-09-05T14:00:56.181863 INFO   :		[71%]Candidate (z^5+z^4+z^3+z^2+1,z^6+z^5+z^3,z^7+z^6+z^5+z^2) = 0.000111 (std 1.80658e-05)
2015-09-05T14:00:56.363042 INFO   :		[71%]Candidate (z^5+z^4+z^3+z^2+1,z^6+z^5+z^3,z^7+z^6+z^5+z^3) = 0.000111 (std 1.81395e-05)
2015-09-05T14:00:56.592581 INFO   :		[71%]Candidate (z^6+z^3+z^2+z+1,z^7+z^5+1,z^4+z^2+z+1) = 0.000130 (std 3.30745e-05)
2015-09-05T14:00:56.801881 INFO   :		[72%]Candidate (z^6+z^3+z^2+z+1,z^7+z^5+1,z^4+z^3+z^2+1) = 0.000115 (std 1.89167e-05)
2015-09-05T14:00:57.047403 INFO   :		[72%]Candidate (z^6+z^3+z^2+z+1,z^7+z^5+1,z^5+z^3+z+1) = 0.000116 (std 2.04998e-05)
2015-09-05T14:00:57.284195 INFO   :		[72%]Candidate (z^6+z^3+z^2+z+1,z^7+z^5+1,z^5+z^3+z^2+z) = 0.000127 (std 3.40251e-05)
2015-09-05T14:00:57.491934 INFO   :		[72%]Candidate (z^6+z^3+z^2+z+1,z^7+z^5+1,z^5+z^4+z^2+1) = 0.000118 (std 2.04542e-05)
2015-09-05T14:00:57.691895 INFO   :		[72%]Candidate (z^6+z^3+z^2+z+1,z^7+z^5+1,z^5+z^4+z^3+z) = 0.000116 (std 1.89213e-05)
2015-09-05T14:00:57.894289 INFO   :		[72%]Candidate (z^6+z^3+z^2+z+1,z^7+z^5+1,z^6+z^2+z+1) = 0.000124 (std 2.43678e-05)
2015-09-05T14:00:58.088229 INFO   :		[72%]Candidate (z^6+z^3+z^2+z+1,z^7+z^5+1,z^6+z^3+z^2+1) = 0.000116 (std 2.04722e-05)
2015-09-05T14:00:58.273032 INFO   :		[72%]Candidate (z^6+z^3+z^2+z+1,z^7+z^5+1,z^6+z^4+z+1) = 0.000116 (std 1.86817e-05)
2015-09-05T14:00:58.508938 INFO   :		[72%]Candidate (z^6+z^3+z^2+z+1,z^7+z^5+1,z^6+z^4+z^2+z) = 0.000132 (std 4.38564e-05)
2015-09-05T14:00:58.694505 INFO   :		[72%]Candidate (z^6+z^3+z^2+z+1,z^7+z^5+1,z^6+z^4+z^3+1) = 0.000117 (std 1.91371e-05)
2015-09-05T14:00:58.915333 INFO   :		[72%]Candidate (z^6+z^3+z^2+z+1,z^7+z^5+1,z^6+z^4+z^3+z^2) = 0.000116 (std 2.00068e-05)
2015-09-05T14:00:59.146051 INFO   :		[73%]Candidate (z^6+z^3+z^2+z+1,z^7+z^5+1,z^6+z^5+z^2+1) = 0.000124 (std 2.13331e-05)
2015-09-05T14:00:59.404420 INFO   :		[73%]Candidate (z^6+z^3+z^2+z+1,z^7+z^5+1,z^6+z^5+z^3+z) = 0.000117 (std 2.06059e-05)
2015-09-05T14:00:59.620493 INFO   :		[73%]Candidate (z^6+z^3+z^2+z+1,z^7+z^5+1,z^6+z^5+z^4+1) = 0.000119 (std 2.17908e-05)
2015-09-05T14:00:59.816156 INFO   :		[73%]Candidate (z^6+z^3+z^2+z+1,z^7+z^5+1,z^6+z^5+z^4+z^2) = 0.000119 (std 2.16091e-05)
2015-09-05T14:01:00.038148 INFO   :		[73%]Candidate (z^6+z^3+z^2+z+1,z^7+z^5+1,z^7+z^3+z+1) = 0.000116 (std 1.90879e-05)
2015-09-05T14:01:00.274487 INFO   :		[73%]Candidate (z^6+z^3+z^2+z+1,z^7+z^5+1,z^7+z^3+z^2+z) = 0.000123 (std 2.85615e-05)
2015-09-05T14:01:00.485000 INFO   :		[73%]Candidate (z^6+z^3+z^2+z+1,z^7+z^5+1,z^7+z^4+z^2+1) = 0.000122 (std 2.19935e-05)
2015-09-05T14:01:00.695443 INFO   :		[73%]Candidate (z^6+z^3+z^2+z+1,z^7+z^5+1,z^7+z^4+z^3+z) = 0.000115 (std 1.87919e-05)
2015-09-05T14:01:00.886454 INFO   :		[73%]Candidate (z^6+z^3+z^2+z+1,z^7+z^5+1,z^7+z^5+z+1) = 0.000119 (std 2.11836e-05)
2015-09-05T14:01:01.114444 INFO   :		[73%]Candidate (z^6+z^3+z^2+z+1,z^7+z^5+1,z^7+z^5+z^2+z) = 0.000140 (std 4.54817e-05)
2015-09-05T14:01:01.325146 INFO   :		[74%]Candidate (z^6+z^3+z^2+z+1,z^7+z^5+1,z^7+z^5+z^3+1) = 0.000133 (std 2.8741e-05)
2015-09-05T14:01:01.524355 INFO   :		[74%]Candidate (z^6+z^3+z^2+z+1,z^7+z^5+1,z^7+z^5+z^3+z^2) = 0.000118 (std 1.99923e-05)
2015-09-05T14:01:01.757833 INFO   :		[74%]Candidate (z^6+z^3+z^2+z+1,z^7+z^5+1,z^7+z^5+z^4+z) = 0.000124 (std 3.37707e-05)
2015-09-05T14:01:02.103338 INFO   :		[74%]Candidate (z^6+z^3+z^2+z+1,z^7+z^5+1,z^7+z^5+z^4+z^3) = 0.000184 (std 6.50122e-05)
2015-09-05T14:01:02.331482 INFO   :		[74%]Candidate (z^6+z^3+z^2+z+1,z^7+z^5+1,z^7+z^6+z^2+1) = 0.000117 (std 2.03524e-05)
2015-09-05T14:01:02.589944 INFO   :		[74%]Candidate (z^6+z^3+z^2+z+1,z^7+z^5+1,z^7+z^6+z^3+z) = 0.000123 (std 2.05235e-05)
2015-09-05T14:01:02.811928 INFO   :		[74%]Candidate (z^6+z^3+z^2+z+1,z^7+z^5+1,z^7+z^6+z^4+1) = 0.000120 (std 2.27522e-05)
2015-09-05T14:01:03.012661 INFO   :		[74%]Candidate (z^6+z^3+z^2+z+1,z^7+z^5+1,z^7+z^6+z^4+z^2) = 0.000125 (std 2.87338e-05)
2015-09-05T14:01:03.251809 INFO   :		[74%]Candidate (z^6+z^3+z^2+z+1,z^7+z^5+1,z^7+z^6+z^5+z) = 0.000124 (std 2.3799e-05)
2015-09-05T14:01:03.459882 INFO   :		[74%]Candidate (z^6+z^3+z^2+z+1,z^7+z^5+1,z^7+z^6+z^5+z^3) = 0.000124 (std 2.79117e-05)
2015-09-05T14:01:03.740090 INFO   :		[75%]Candidate (z^6+z^4+z^3+z^2+z,z^7+z^5+z^4,z^4+z^2+z+1) = 0.000152 (std 5.09507e-05)
2015-09-05T14:01:03.961667 INFO   :		[75%]Candidate (z^6+z^4+z^3+z^2+z,z^7+z^5+z^4,z^4+z^3+z^2+1) = 0.000135 (std 2.96659e-05)
2015-09-05T14:01:04.239149 INFO   :		[75%]Candidate (z^6+z^4+z^3+z^2+z,z^7+z^5+z^4,z^5+z^3+z+1) = 0.000125 (std 2.26714e-05)
2015-09-05T14:01:04.473970 INFO   :		[75%]Candidate (z^6+z^4+z^3+z^2+z,z^7+z^5+z^4,z^5+z^3+z^2+z) = 0.000135 (std 3.65973e-05)
2015-09-05T14:01:04.697091 INFO   :		[75%]Candidate (z^6+z^4+z^3+z^2+z,z^7+z^5+z^4,z^5+z^4+z^2+1) = 0.000121 (std 2.10921e-05)
2015-09-05T14:01:04.913140 INFO   :		[75%]Candidate (z^6+z^4+z^3+z^2+z,z^7+z^5+z^4,z^5+z^4+z^3+z) = 0.000121 (std 2.08423e-05)
2015-09-05T14:01:05.147774 INFO   :		[75%]Candidate (z^6+z^4+z^3+z^2+z,z^7+z^5+z^4,z^6+z^2+z+1) = 0.000126 (std 2.29257e-05)
2015-09-05T14:01:05.347503 INFO   :		[75%]Candidate (z^6+z^4+z^3+z^2+z,z^7+z^5+z^4,z^6+z^3+z^2+1) = 0.000119 (std 1.97603e-05)
2015-09-05T14:01:05.564901 INFO   :		[75%]Candidate (z^6+z^4+z^3+z^2+z,z^7+z^5+z^4,z^6+z^4+z+1) = 0.000119 (std 1.94068e-05)
2015-09-05T14:01:05.784432 INFO   :		[75%]Candidate (z^6+z^4+z^3+z^2+z,z^7+z^5+z^4,z^6+z^4+z^2+z) = 0.000125 (std 2.21445e-05)
2015-09-05T14:01:05.985430 INFO   :		[75%]Candidate (z^6+z^4+z^3+z^2+z,z^7+z^5+z^4,z^6+z^4+z^3+1) = 0.000128 (std 2.53333e-05)
2015-09-05T14:01:06.277599 INFO   :		[76%]Candidate (z^6+z^4+z^3+z^2+z,z^7+z^5+z^4,z^6+z^4+z^3+z^2) = 0.000160 (std 4.19493e-05)
2015-09-05T14:01:06.566040 INFO   :		[76%]Candidate (z^6+z^4+z^3+z^2+z,z^7+z^5+z^4,z^6+z^5+z^2+1) = 0.000149 (std 3.53026e-05)
2015-09-05T14:01:06.777275 INFO   :		[76%]Candidate (z^6+z^4+z^3+z^2+z,z^7+z^5+z^4,z^6+z^5+z^3+z) = 0.000117 (std 1.89367e-05)
2015-09-05T14:01:06.997468 INFO   :		[76%]Candidate (z^6+z^4+z^3+z^2+z,z^7+z^5+z^4,z^6+z^5+z^4+1) = 0.000120 (std 2.12183e-05)
2015-09-05T14:01:07.213627 INFO   :		[76%]Candidate (z^6+z^4+z^3+z^2+z,z^7+z^5+z^4,z^6+z^5+z^4+z^2) = 0.000124 (std 2.10951e-05)
2015-09-05T14:01:07.482316 INFO   :		[76%]Candidate (z^6+z^4+z^3+z^2+z,z^7+z^5+z^4,z^7+z^3+z+1) = 0.000135 (std 3.01527e-05)
2015-09-05T14:01:07.711615 INFO   :		[76%]Candidate (z^6+z^4+z^3+z^2+z,z^7+z^5+z^4,z^7+z^3+z^2+z) = 0.000125 (std 2.22816e-05)
2015-09-05T14:01:07.924198 INFO   :		[76%]Candidate (z^6+z^4+z^3+z^2+z,z^7+z^5+z^4,z^7+z^4+z^2+1) = 0.000120 (std 1.99069e-05)
2015-09-05T14:01:08.175820 INFO   :		[76%]Candidate (z^6+z^4+z^3+z^2+z,z^7+z^5+z^4,z^7+z^4+z^3+z) = 0.000117 (std 1.93045e-05)
2015-09-05T14:01:08.377067 INFO   :		[77%]Candidate (z^6+z^4+z^3+z^2+z,z^7+z^5+z^4,z^7+z^5+z+1) = 0.000125 (std 2.73891e-05)
2015-09-05T14:01:08.573539 INFO   :		[77%]Candidate (z^6+z^4+z^3+z^2+z,z^7+z^5+z^4,z^7+z^5+z^2+z) = 0.000118 (std 1.85154e-05)
2015-09-05T14:01:08.768566 INFO   :		[77%]Candidate (z^6+z^4+z^3+z^2+z,z^7+z^5+z^4,z^7+z^5+z^3+1) = 0.000124 (std 2.90255e-05)
2015-09-05T14:01:09.029563 INFO   :		[77%]Candidate (z^6+z^4+z^3+z^2+z,z^7+z^5+z^4,z^7+z^5+z^3+z^2) = 0.000154 (std 5.42614e-05)
2015-09-05T14:01:09.250001 INFO   :		[77%]Candidate (z^6+z^4+z^3+z^2+z,z^7+z^5+z^4,z^7+z^5+z^4+z) = 0.000127 (std 2.39087e-05)
2015-09-05T14:01:09.462554 INFO   :		[77%]Candidate (z^6+z^4+z^3+z^2+z,z^7+z^5+z^4,z^7+z^5+z^4+z^3) = 0.000120 (std 2.08239e-05)
2015-09-05T14:01:09.679244 INFO   :		[77%]Candidate (z^6+z^4+z^3+z^2+z,z^7+z^5+z^4,z^7+z^6+z^2+1) = 0.000133 (std 4.2359e-05)
2015-09-05T14:01:09.940777 INFO   :		[77%]Candidate (z^6+z^4+z^3+z^2+z,z^7+z^5+z^4,z^7+z^6+z^3+z) = 0.000122 (std 2.62451e-05)
2015-09-05T14:01:10.151676 INFO   :		[77%]Candidate (z^6+z^4+z^3+z^2+z,z^7+z^5+z^4,z^7+z^6+z^4+1) = 0.000119 (std 2.13366e-05)
2015-09-05T14:01:10.381075 INFO   :		[77%]Candidate (z^6+z^4+z^3+z^2+z,z^7+z^5+z^4,z^7+z^6+z^4+z^2) = 0.000123 (std 2.00869e-05)
2015-09-05T14:01:10.579922 INFO   :		[77%]Candidate (z^6+z^4+z^3+z^2+z,z^7+z^5+z^4,z^7+z^6+z^5+z) = 0.000118 (std 1.87603e-05)
2015-09-05T14:01:10.811034 INFO   :		[78%]Candidate (z^6+z^4+z^3+z^2+z,z^7+z^5+z^4,z^7+z^6+z^5+z^3) = 0.000121 (std 2.18174e-05)
2015-09-05T14:01:14.080613 INFO   :		[81%]Candidate (z^6+z^5+z^3+z^2+1,z^7+z+1,z^4+z^2+z+1) = 0.000116 (std 1.93502e-05)
2015-09-05T14:01:14.286880 INFO   :		[81%]Candidate (z^6+z^5+z^3+z^2+1,z^7+z+1,z^4+z^3+z^2+1) = 0.000120 (std 1.98839e-05)
2015-09-05T14:01:14.522537 INFO   :		[81%]Candidate (z^6+z^5+z^3+z^2+1,z^7+z+1,z^5+z^3+z+1) = 0.000119 (std 2.07754e-05)
2015-09-05T14:01:14.756613 INFO   :		[81%]Candidate (z^6+z^5+z^3+z^2+1,z^7+z+1,z^5+z^3+z^2+z) = 0.000120 (std 2.17274e-05)
2015-09-05T14:01:14.978148 INFO   :		[81%]Candidate (z^6+z^5+z^3+z^2+1,z^7+z+1,z^5+z^4+z^2+1) = 0.000118 (std 2.06325e-05)
2015-09-05T14:01:15.214852 INFO   :		[81%]Candidate (z^6+z^5+z^3+z^2+1,z^7+z+1,z^5+z^4+z^3+z) = 0.000116 (std 1.95535e-05)
2015-09-05T14:01:15.432327 INFO   :		[81%]Candidate (z^6+z^5+z^3+z^2+1,z^7+z+1,z^6+z^2+z+1) = 0.000121 (std 2.29095e-05)
2015-09-05T14:01:15.656834 INFO   :		[82%]Candidate (z^6+z^5+z^3+z^2+1,z^7+z+1,z^6+z^3+z^2+1) = 0.000119 (std 2.18427e-05)
2015-09-05T14:01:15.899062 INFO   :		[82%]Candidate (z^6+z^5+z^3+z^2+1,z^7+z+1,z^6+z^4+z+1) = 0.000128 (std 3.31327e-05)
2015-09-05T14:01:16.122439 INFO   :		[82%]Candidate (z^6+z^5+z^3+z^2+1,z^7+z+1,z^6+z^4+z^2+z) = 0.000120 (std 2.95699e-05)
2015-09-05T14:01:16.337148 INFO   :		[82%]Candidate (z^6+z^5+z^3+z^2+1,z^7+z+1,z^6+z^4+z^3+1) = 0.000134 (std 3.94463e-05)
2015-09-05T14:01:16.556422 INFO   :		[82%]Candidate (z^6+z^5+z^3+z^2+1,z^7+z+1,z^6+z^4+z^3+z^2) = 0.000119 (std 2.34437e-05)
2015-09-05T14:01:16.771862 INFO   :		[82%]Candidate (z^6+z^5+z^3+z^2+1,z^7+z+1,z^6+z^5+z^2+1) = 0.000133 (std 4.44434e-05)
2015-09-05T14:01:17.038551 INFO   :		[82%]Candidate (z^6+z^5+z^3+z^2+1,z^7+z+1,z^6+z^5+z^3+z) = 0.000155 (std 5.42194e-05)
2015-09-05T14:01:17.224630 INFO   :		[82%]Candidate (z^6+z^5+z^3+z^2+1,z^7+z+1,z^6+z^5+z^4+1) = 0.000117 (std 1.98606e-05)
2015-09-05T14:01:17.495485 INFO   :		[82%]Candidate (z^6+z^5+z^3+z^2+1,z^7+z+1,z^6+z^5+z^4+z^2) = 0.000161 (std 6.56934e-05)
2015-09-05T14:01:17.811129 INFO   :		[82%]Candidate (z^6+z^5+z^3+z^2+1,z^7+z+1,z^7+z^3+z+1) = 0.000159 (std 6.57979e-05)
2015-09-05T14:01:18.166188 INFO   :		[82%]Candidate (z^6+z^5+z^3+z^2+1,z^7+z+1,z^7+z^3+z^2+z) = 0.000196 (std 5.85138e-05)
2015-09-05T14:01:18.432756 INFO   :		[83%]Candidate (z^6+z^5+z^3+z^2+1,z^7+z+1,z^7+z^4+z^2+1) = 0.000144 (std 6.94688e-05)
2015-09-05T14:01:18.711699 INFO   :		[83%]Candidate (z^6+z^5+z^3+z^2+1,z^7+z+1,z^7+z^4+z^3+z) = 0.000120 (std 2.98907e-05)
2015-09-05T14:01:18.969568 INFO   :		[83%]Candidate (z^6+z^5+z^3+z^2+1,z^7+z+1,z^7+z^5+z+1) = 0.000124 (std 3.01367e-05)
2015-09-05T14:01:19.169721 INFO   :		[83%]Candidate (z^6+z^5+z^3+z^2+1,z^7+z+1,z^7+z^5+z^2+z) = 0.000116 (std 1.89318e-05)
2015-09-05T14:01:19.375512 INFO   :		[83%]Candidate (z^6+z^5+z^3+z^2+1,z^7+z+1,z^7+z^5+z^3+1) = 0.000131 (std 4.97418e-05)
2015-09-05T14:01:19.605719 INFO   :		[83%]Candidate (z^6+z^5+z^3+z^2+1,z^7+z+1,z^7+z^5+z^3+z^2) = 0.000137 (std 4.51053e-05)
2015-09-05T14:01:19.793214 INFO   :		[83%]Candidate (z^6+z^5+z^3+z^2+1,z^7+z+1,z^7+z^5+z^4+z) = 0.000117 (std 1.93589e-05)
2015-09-05T14:01:20.003353 INFO   :		[83%]Candidate (z^6+z^5+z^3+z^2+1,z^7+z+1,z^7+z^5+z^4+z^3) = 0.000132 (std 4.48358e-05)
2015-09-05T14:01:20.227966 INFO   :		[83%]Candidate (z^6+z^5+z^3+z^2+1,z^7+z+1,z^7+z^6+z^2+1) = 0.000130 (std 4.06806e-05)
2015-09-05T14:01:20.457393 INFO   :		[83%]Candidate (z^6+z^5+z^3+z^2+1,z^7+z+1,z^7+z^6+z^3+z) = 0.000122 (std 2.75091e-05)
2015-09-05T14:01:20.663105 INFO   :		[83%]Candidate (z^6+z^5+z^3+z^2+1,z^7+z+1,z^7+z^6+z^4+1) = 0.000116 (std 2.15184e-05)
2015-09-05T14:01:20.869847 INFO   :		[84%]Candidate (z^6+z^5+z^3+z^2+1,z^7+z+1,z^7+z^6+z^4+z^2) = 0.000126 (std 3.11501e-05)
2015-09-05T14:01:21.101915 INFO   :		[84%]Candidate (z^6+z^5+z^3+z^2+1,z^7+z+1,z^7+z^6+z^5+z) = 0.000129 (std 3.28997e-05)
2015-09-05T14:01:21.327255 INFO   :		[84%]Candidate (z^6+z^5+z^3+z^2+1,z^7+z+1,z^7+z^6+z^5+z^3) = 0.000123 (std 2.17817e-05)
2015-09-05T14:01:21.576970 INFO   :		[84%]Candidate (z^6+z^5+z^4+z^3+z^2,z^7+z^4+z,z^4+z^2+z+1) = 0.000126 (std 2.73951e-05)
2015-09-05T14:01:21.828991 INFO   :		[84%]Candidate (z^6+z^5+z^4+z^3+z^2,z^7+z^4+z,z^4+z^3+z^2+1) = 0.000130 (std 3.52658e-05)
2015-09-05T14:01:22.070046 INFO   :		[84%]Candidate (z^6+z^5+z^4+z^3+z^2,z^7+z^4+z,z^5+z^3+z+1) = 0.000127 (std 2.39424e-05)
2015-09-05T14:01:22.302489 INFO   :		[84%]Candidate (z^6+z^5+z^4+z^3+z^2,z^7+z^4+z,z^5+z^3+z^2+z) = 0.000137 (std 4.37301e-05)
2015-09-05T14:01:22.525081 INFO   :		[84%]Candidate (z^6+z^5+z^4+z^3+z^2,z^7+z^4+z,z^5+z^4+z^2+1) = 0.000127 (std 2.94607e-05)
2015-09-05T14:01:22.773050 INFO   :		[84%]Candidate (z^6+z^5+z^4+z^3+z^2,z^7+z^4+z,z^5+z^4+z^3+z) = 0.000119 (std 2.24658e-05)
2015-09-05T14:01:22.996798 INFO   :		[85%]Candidate (z^6+z^5+z^4+z^3+z^2,z^7+z^4+z,z^6+z^2+z+1) = 0.000130 (std 3.00692e-05)
2015-09-05T14:01:23.228492 INFO   :		[85%]Candidate (z^6+z^5+z^4+z^3+z^2,z^7+z^4+z,z^6+z^3+z^2+1) = 0.000125 (std 2.53582e-05)
2015-09-05T14:01:23.491149 INFO   :		[85%]Candidate (z^6+z^5+z^4+z^3+z^2,z^7+z^4+z,z^6+z^4+z+1) = 0.000151 (std 4.87822e-05)
2015-09-05T14:01:23.733053 INFO   :		[85%]Candidate (z^6+z^5+z^4+z^3+z^2,z^7+z^4+z,z^6+z^4+z^2+z) = 0.000133 (std 3.92552e-05)
2015-09-05T14:01:23.920046 INFO   :		[85%]Candidate (z^6+z^5+z^4+z^3+z^2,z^7+z^4+z,z^6+z^4+z^3+1) = 0.000119 (std 2.26557e-05)
2015-09-05T14:01:24.130097 INFO   :		[85%]Candidate (z^6+z^5+z^4+z^3+z^2,z^7+z^4+z,z^6+z^4+z^3+z^2) = 0.000117 (std 1.85543e-05)
2015-09-05T14:01:24.338124 INFO   :		[85%]Candidate (z^6+z^5+z^4+z^3+z^2,z^7+z^4+z,z^6+z^5+z^2+1) = 0.000126 (std 2.83971e-05)
2015-09-05T14:01:24.624176 INFO   :		[85%]Candidate (z^6+z^5+z^4+z^3+z^2,z^7+z^4+z,z^6+z^5+z^3+z) = 0.000121 (std 2.69399e-05)
2015-09-05T14:01:24.839841 INFO   :		[85%]Candidate (z^6+z^5+z^4+z^3+z^2,z^7+z^4+z,z^6+z^5+z^4+1) = 0.000130 (std 3.67791e-05)
2015-09-05T14:01:25.073903 INFO   :		[85%]Candidate (z^6+z^5+z^4+z^3+z^2,z^7+z^4+z,z^6+z^5+z^4+z^2) = 0.000145 (std 4.89239e-05)
2015-09-05T14:01:25.319047 INFO   :		[85%]Candidate (z^6+z^5+z^4+z^3+z^2,z^7+z^4+z,z^7+z^3+z+1) = 0.000130 (std 3.80794e-05)
2015-09-05T14:01:25.558329 INFO   :		[86%]Candidate (z^6+z^5+z^4+z^3+z^2,z^7+z^4+z,z^7+z^3+z^2+z) = 0.000126 (std 2.46135e-05)
2015-09-05T14:01:25.783710 INFO   :		[86%]Candidate (z^6+z^5+z^4+z^3+z^2,z^7+z^4+z,z^7+z^4+z^2+1) = 0.000118 (std 1.91842e-05)
2015-09-05T14:01:26.004788 INFO   :		[86%]Candidate (z^6+z^5+z^4+z^3+z^2,z^7+z^4+z,z^7+z^4+z^3+z) = 0.000129 (std 4.52595e-05)
2015-09-05T14:01:26.272349 INFO   :		[86%]Candidate (z^6+z^5+z^4+z^3+z^2,z^7+z^4+z,z^7+z^5+z+1) = 0.000139 (std 4.88963e-05)
2015-09-05T14:01:26.513720 INFO   :		[86%]Candidate (z^6+z^5+z^4+z^3+z^2,z^7+z^4+z,z^7+z^5+z^2+z) = 0.000136 (std 4.38082e-05)
2015-09-05T14:01:26.725877 INFO   :		[86%]Candidate (z^6+z^5+z^4+z^3+z^2,z^7+z^4+z,z^7+z^5+z^3+1) = 0.000135 (std 4.0558e-05)
2015-09-05T14:01:26.947874 INFO   :		[86%]Candidate (z^6+z^5+z^4+z^3+z^2,z^7+z^4+z,z^7+z^5+z^3+z^2) = 0.000133 (std 4.10371e-05)
2015-09-05T14:01:27.190643 INFO   :		[86%]Candidate (z^6+z^5+z^4+z^3+z^2,z^7+z^4+z,z^7+z^5+z^4+z) = 0.000126 (std 3.05213e-05)
2015-09-05T14:01:27.416768 INFO   :		[86%]Candidate (z^6+z^5+z^4+z^3+z^2,z^7+z^4+z,z^7+z^5+z^4+z^3) = 0.000130 (std 3.70319e-05)
2015-09-05T14:01:27.652636 INFO   :		[86%]Candidate (z^6+z^5+z^4+z^3+z^2,z^7+z^4+z,z^7+z^6+z^2+1) = 0.000129 (std 3.17203e-05)
2015-09-05T14:01:27.888256 INFO   :		[87%]Candidate (z^6+z^5+z^4+z^3+z^2,z^7+z^4+z,z^7+z^6+z^3+z) = 0.000125 (std 2.2848e-05)
2015-09-05T14:01:28.114816 INFO   :		[87%]Candidate (z^6+z^5+z^4+z^3+z^2,z^7+z^4+z,z^7+z^6+z^4+1) = 0.000122 (std 2.38642e-05)
2015-09-05T14:01:28.366852 INFO   :		[87%]Candidate (z^6+z^5+z^4+z^3+z^2,z^7+z^4+z,z^7+z^6+z^4+z^2) = 0.000142 (std 4.79482e-05)
2015-09-05T14:01:28.632256 INFO   :		[87%]Candidate (z^6+z^5+z^4+z^3+z^2,z^7+z^4+z,z^7+z^6+z^5+z) = 0.000123 (std 2.10149e-05)
2015-09-05T14:01:28.840774 INFO   :		[87%]Candidate (z^6+z^5+z^4+z^3+z^2,z^7+z^4+z,z^7+z^6+z^5+z^3) = 0.000127 (std 2.49022e-05)
2015-09-05T14:01:32.318444 INFO   :		[90%]Candidate (z^7+z^4+z^2+z+1,z^7+z^6+z,z^4+z^2+z+1) = 0.000119 (std 1.91557e-05)
2015-09-05T14:01:32.529367 INFO   :		[90%]Candidate (z^7+z^4+z^2+z+1,z^7+z^6+z,z^4+z^3+z+1) = 0.000135 (std 3.49797e-05)
2015-09-05T14:01:32.722635 INFO   :		[90%]Candidate (z^7+z^4+z^2+z+1,z^7+z^6+z,z^4+z^3+z^2+1) = 0.000125 (std 2.10012e-05)
2015-09-05T14:01:32.936190 INFO   :		[90%]Candidate (z^7+z^4+z^2+z+1,z^7+z^6+z,z^5+z^2+z+1) = 0.000127 (std 2.23557e-05)
2015-09-05T14:01:33.156200 INFO   :		[90%]Candidate (z^7+z^4+z^2+z+1,z^7+z^6+z,z^5+z^3+z+1) = 0.000142 (std 4.4171e-05)
2015-09-05T14:01:33.370926 INFO   :		[90%]Candidate (z^7+z^4+z^2+z+1,z^7+z^6+z,z^5+z^3+z^2+z) = 0.000135 (std 3.45227e-05)
2015-09-05T14:01:33.653375 INFO   :		[91%]Candidate (z^7+z^4+z^2+z+1,z^7+z^6+z,z^5+z^4+z^2+1) = 0.000170 (std 5.36485e-05)
2015-09-05T14:01:33.878039 INFO   :		[91%]Candidate (z^7+z^4+z^2+z+1,z^7+z^6+z,z^5+z^4+z^2+z) = 0.000143 (std 4.62333e-05)
2015-09-05T14:01:34.078337 INFO   :		[91%]Candidate (z^7+z^4+z^2+z+1,z^7+z^6+z,z^5+z^4+z^3+1) = 0.000129 (std 2.63287e-05)
2015-09-05T14:01:34.264851 INFO   :		[91%]Candidate (z^7+z^4+z^2+z+1,z^7+z^6+z,z^5+z^4+z^3+z) = 0.000121 (std 2.00375e-05)
2015-09-05T14:01:34.499925 INFO   :		[91%]Candidate (z^7+z^4+z^2+z+1,z^7+z^6+z,z^6+z^2+z+1) = 0.000136 (std 4.56561e-05)
2015-09-05T14:01:34.707242 INFO   :		[91%]Candidate (z^7+z^4+z^2+z+1,z^7+z^6+z,z^6+z^3+z^2+1) = 0.000122 (std 2.03664e-05)
2015-09-05T14:01:34.902962 INFO   :		[91%]Candidate (z^7+z^4+z^2+z+1,z^7+z^6+z,z^6+z^3+z^2+z) = 0.000126 (std 2.23096e-05)
2015-09-05T14:01:35.098997 INFO   :		[91%]Candidate (z^7+z^4+z^2+z+1,z^7+z^6+z,z^6+z^4+z+1) = 0.000126 (std 2.10476e-05)
2015-09-05T14:01:35.376896 INFO   :		[91%]Candidate (z^7+z^4+z^2+z+1,z^7+z^6+z,z^6+z^4+z^2+z) = 0.000168 (std 5.85455e-05)
2015-09-05T14:01:35.573671 INFO   :		[91%]Candidate (z^7+z^4+z^2+z+1,z^7+z^6+z,z^6+z^4+z^3+1) = 0.000127 (std 2.09287e-05)
2015-09-05T14:01:35.769478 INFO   :		[91%]Candidate (z^7+z^4+z^2+z+1,z^7+z^6+z,z^6+z^4+z^3+z^2) = 0.000124 (std 1.97089e-05)
2015-09-05T14:01:35.965862 INFO   :		[91%]Candidate (z^7+z^4+z^2+z+1,z^7+z^6+z,z^6+z^5+z+1) = 0.000127 (std 2.23117e-05)
2015-09-05T14:01:36.160008 INFO   :		[91%]Candidate (z^7+z^4+z^2+z+1,z^7+z^6+z,z^6+z^5+z^2+1) = 0.000125 (std 1.98943e-05)
2015-09-05T14:01:36.388074 INFO   :		[91%]Candidate (z^7+z^4+z^2+z+1,z^7+z^6+z,z^6+z^5+z^3+z) = 0.000126 (std 2.67243e-05)
2015-09-05T14:01:36.606742 INFO   :		[91%]Candidate (z^7+z^4+z^2+z+1,z^7+z^6+z,z^6+z^5+z^3+z^2) = 0.000139 (std 4.26521e-05)
2015-09-05T14:01:36.802103 INFO   :		[92%]Candidate (z^7+z^4+z^2+z+1,z^7+z^6+z,z^6+z^5+z^4+1) = 0.000126 (std 2.08137e-05)
2015-09-05T14:01:36.996624 INFO   :		[92%]Candidate (z^7+z^4+z^2+z+1,z^7+z^6+z,z^6+z^5+z^4+z) = 0.000125 (std 2.12431e-05)
2015-09-05T14:01:37.201860 INFO   :		[92%]Candidate (z^7+z^4+z^2+z+1,z^7+z^6+z,z^6+z^5+z^4+z^2) = 0.000132 (std 2.93156e-05)
2015-09-05T14:01:37.431751 INFO   :		[92%]Candidate (z^7+z^4+z^2+z+1,z^7+z^6+z,z^7+z^3+z+1) = 0.000128 (std 3.04265e-05)
2015-09-05T14:01:37.628247 INFO   :		[92%]Candidate (z^7+z^4+z^2+z+1,z^7+z^6+z,z^7+z^3+z^2+1) = 0.000126 (std 2.35105e-05)
2015-09-05T14:01:37.822915 INFO   :		[92%]Candidate (z^7+z^4+z^2+z+1,z^7+z^6+z,z^7+z^3+z^2+z) = 0.000125 (std 2.12088e-05)
2015-09-05T14:01:38.021808 INFO   :		[92%]Candidate (z^7+z^4+z^2+z+1,z^7+z^6+z,z^7+z^4+z+1) = 0.000128 (std 2.70204e-05)
2015-09-05T14:01:38.216861 INFO   :		[92%]Candidate (z^7+z^4+z^2+z+1,z^7+z^6+z,z^7+z^4+z^2+1) = 0.000125 (std 2.0669e-05)
2015-09-05T14:01:38.427543 INFO   :		[92%]Candidate (z^7+z^4+z^2+z+1,z^7+z^6+z,z^7+z^4+z^3+z) = 0.000130 (std 3.11809e-05)
2015-09-05T14:01:38.620548 INFO   :		[92%]Candidate (z^7+z^4+z^2+z+1,z^7+z^6+z,z^7+z^4+z^3+z^2) = 0.000125 (std 2.08621e-05)
2015-09-05T14:01:38.814704 INFO   :		[92%]Candidate (z^7+z^4+z^2+z+1,z^7+z^6+z,z^7+z^5+z+1) = 0.000125 (std 1.98183e-05)
2015-09-05T14:01:39.024769 INFO   :		[92%]Candidate (z^7+z^4+z^2+z+1,z^7+z^6+z,z^7+z^5+z^2+z) = 0.000125 (std 2.20566e-05)
2015-09-05T14:01:39.222028 INFO   :		[92%]Candidate (z^7+z^4+z^2+z+1,z^7+z^6+z,z^7+z^5+z^3+1) = 0.000127 (std 2.56416e-05)
2015-09-05T14:01:39.431348 INFO   :		[92%]Candidate (z^7+z^4+z^2+z+1,z^7+z^6+z,z^7+z^5+z^3+z^2) = 0.000121 (std 2.29108e-05)
2015-09-05T14:01:39.623047 INFO   :		[92%]Candidate (z^7+z^4+z^2+z+1,z^7+z^6+z,z^7+z^5+z^4+1) = 0.000124 (std 2.29565e-05)
2015-09-05T14:01:39.830523 INFO   :		[92%]Candidate (z^7+z^4+z^2+z+1,z^7+z^6+z,z^7+z^5+z^4+z) = 0.000133 (std 3.72407e-05)
2015-09-05T14:01:40.035105 INFO   :		[93%]Candidate (z^7+z^4+z^2+z+1,z^7+z^6+z,z^7+z^5+z^4+z^3) = 0.000128 (std 2.56144e-05)
2015-09-05T14:01:40.244841 INFO   :		[93%]Candidate (z^7+z^4+z^2+z+1,z^7+z^6+z,z^7+z^6+z^2+1) = 0.000128 (std 2.4768e-05)
2015-09-05T14:01:40.445012 INFO   :		[93%]Candidate (z^7+z^4+z^2+z+1,z^7+z^6+z,z^7+z^6+z^2+z) = 0.000129 (std 2.37166e-05)
2015-09-05T14:01:40.644362 INFO   :		[93%]Candidate (z^7+z^4+z^2+z+1,z^7+z^6+z,z^7+z^6+z^3+1) = 0.000129 (std 2.47132e-05)
2015-09-05T14:01:40.843645 INFO   :		[93%]Candidate (z^7+z^4+z^2+z+1,z^7+z^6+z,z^7+z^6+z^3+z) = 0.000128 (std 2.63138e-05)
2015-09-05T14:01:41.048895 INFO   :		[93%]Candidate (z^7+z^4+z^2+z+1,z^7+z^6+z,z^7+z^6+z^4+1) = 0.000130 (std 3.13174e-05)
2015-09-05T14:01:41.262277 INFO   :		[93%]Candidate (z^7+z^4+z^2+z+1,z^7+z^6+z,z^7+z^6+z^4+z^2) = 0.000128 (std 2.40304e-05)
2015-09-05T14:01:41.460550 INFO   :		[93%]Candidate (z^7+z^4+z^2+z+1,z^7+z^6+z,z^7+z^6+z^4+z^3) = 0.000127 (std 2.58184e-05)
2015-09-05T14:01:41.664495 INFO   :		[93%]Candidate (z^7+z^4+z^2+z+1,z^7+z^6+z,z^7+z^6+z^5+z) = 0.000128 (std 2.55103e-05)
2015-09-05T14:01:41.858881 INFO   :		[93%]Candidate (z^7+z^4+z^2+z+1,z^7+z^6+z,z^7+z^6+z^5+z^2) = 0.000125 (std 2.22274e-05)
2015-09-05T14:01:42.052631 INFO   :		[93%]Candidate (z^7+z^4+z^2+z+1,z^7+z^6+z,z^7+z^6+z^5+z^3) = 0.000124 (std 2.07529e-05)
2015-09-05T14:01:45.607921 INFO   :		[96%]Candidate (z^7+z^5+z^4+z^2+1,z^7+z^6+z^5,z^4+z^2+z+1) = 0.000119 (std 1.8678e-05)
2015-09-05T14:01:45.803244 INFO   :		[96%]Candidate (z^7+z^5+z^4+z^2+1,z^7+z^6+z^5,z^4+z^3+z+1) = 0.000126 (std 2.15658e-05)
2015-09-05T14:01:45.996955 INFO   :		[97%]Candidate (z^7+z^5+z^4+z^2+1,z^7+z^6+z^5,z^4+z^3+z^2+1) = 0.000125 (std 2.29723e-05)
2015-09-05T14:01:46.193529 INFO   :		[97%]Candidate (z^7+z^5+z^4+z^2+1,z^7+z^6+z^5,z^5+z^2+z+1) = 0.000119 (std 1.84975e-05)
2015-09-05T14:01:46.396469 INFO   :		[97%]Candidate (z^7+z^5+z^4+z^2+1,z^7+z^6+z^5,z^5+z^3+z+1) = 0.000131 (std 2.65109e-05)
2015-09-05T14:01:46.613306 INFO   :		[97%]Candidate (z^7+z^5+z^4+z^2+1,z^7+z^6+z^5,z^5+z^3+z^2+z) = 0.000129 (std 2.16562e-05)
2015-09-05T14:01:46.831567 INFO   :		[97%]Candidate (z^7+z^5+z^4+z^2+1,z^7+z^6+z^5,z^5+z^4+z^2+1) = 0.000127 (std 2.24008e-05)
2015-09-05T14:01:47.027127 INFO   :		[97%]Candidate (z^7+z^5+z^4+z^2+1,z^7+z^6+z^5,z^5+z^4+z^2+z) = 0.000126 (std 2.26581e-05)
2015-09-05T14:01:47.224523 INFO   :		[97%]Candidate (z^7+z^5+z^4+z^2+1,z^7+z^6+z^5,z^5+z^4+z^3+1) = 0.000127 (std 2.24121e-05)
2015-09-05T14:01:47.423785 INFO   :		[97%]Candidate (z^7+z^5+z^4+z^2+1,z^7+z^6+z^5,z^5+z^4+z^3+z) = 0.000128 (std 2.30447e-05)
2015-09-05T14:01:47.649302 INFO   :		[97%]Candidate (z^7+z^5+z^4+z^2+1,z^7+z^6+z^5,z^6+z^2+z+1) = 0.000131 (std 2.20953e-05)
2015-09-05T14:01:47.874441 INFO   :		[97%]Candidate (z^7+z^5+z^4+z^2+1,z^7+z^6+z^5,z^6+z^3+z^2+1) = 0.000136 (std 3.69394e-05)
2015-09-05T14:01:48.097898 INFO   :		[97%]Candidate (z^7+z^5+z^4+z^2+1,z^7+z^6+z^5,z^6+z^3+z^2+z) = 0.000143 (std 4.57176e-05)
2015-09-05T14:01:48.302494 INFO   :		[97%]Candidate (z^7+z^5+z^4+z^2+1,z^7+z^6+z^5,z^6+z^4+z+1) = 0.000131 (std 2.82446e-05)
2015-09-05T14:01:48.532386 INFO   :		[97%]Candidate (z^7+z^5+z^4+z^2+1,z^7+z^6+z^5,z^6+z^4+z^2+z) = 0.000134 (std 2.81292e-05)
2015-09-05T14:01:48.733171 INFO   :		[97%]Candidate (z^7+z^5+z^4+z^2+1,z^7+z^6+z^5,z^6+z^4+z^3+1) = 0.000130 (std 2.79586e-05)
2015-09-05T14:01:48.952336 INFO   :		[97%]Candidate (z^7+z^5+z^4+z^2+1,z^7+z^6+z^5,z^6+z^4+z^3+z^2) = 0.000128 (std 2.39316e-05)
2015-09-05T14:01:49.150111 INFO   :		[97%]Candidate (z^7+z^5+z^4+z^2+1,z^7+z^6+z^5,z^6+z^5+z+1) = 0.000127 (std 2.54965e-05)
2015-09-05T14:01:49.346089 INFO   :		[98%]Candidate (z^7+z^5+z^4+z^2+1,z^7+z^6+z^5,z^6+z^5+z^2+1) = 0.000127 (std 2.52979e-05)
2015-09-05T14:01:49.551816 INFO   :		[98%]Candidate (z^7+z^5+z^4+z^2+1,z^7+z^6+z^5,z^6+z^5+z^3+z) = 0.000129 (std 2.48345e-05)
2015-09-05T14:01:49.752665 INFO   :		[98%]Candidate (z^7+z^5+z^4+z^2+1,z^7+z^6+z^5,z^6+z^5+z^3+z^2) = 0.000129 (std 2.63266e-05)
2015-09-05T14:01:49.951977 INFO   :		[98%]Candidate (z^7+z^5+z^4+z^2+1,z^7+z^6+z^5,z^6+z^5+z^4+1) = 0.000129 (std 2.70784e-05)
2015-09-05T14:01:50.153741 INFO   :		[98%]Candidate (z^7+z^5+z^4+z^2+1,z^7+z^6+z^5,z^6+z^5+z^4+z) = 0.000130 (std 2.45679e-05)
2015-09-05T14:01:50.355325 INFO   :		[98%]Candidate (z^7+z^5+z^4+z^2+1,z^7+z^6+z^5,z^6+z^5+z^4+z^2) = 0.000130 (std 2.66285e-05)
2015-09-05T14:01:50.583600 INFO   :		[98%]Candidate (z^7+z^5+z^4+z^2+1,z^7+z^6+z^5,z^7+z^3+z+1) = 0.000129 (std 2.83871e-05)
2015-09-05T14:01:50.784091 INFO   :		[98%]Candidate (z^7+z^5+z^4+z^2+1,z^7+z^6+z^5,z^7+z^3+z^2+1) = 0.000129 (std 2.62419e-05)
2015-09-05T14:01:50.984400 INFO   :		[98%]Candidate (z^7+z^5+z^4+z^2+1,z^7+z^6+z^5,z^7+z^3+z^2+z) = 0.000129 (std 2.3382e-05)
2015-09-05T14:01:51.178007 INFO   :		[98%]Candidate (z^7+z^5+z^4+z^2+1,z^7+z^6+z^5,z^7+z^4+z+1) = 0.000125 (std 1.91905e-05)
2015-09-05T14:01:51.378667 INFO   :		[98%]Candidate (z^7+z^5+z^4+z^2+1,z^7+z^6+z^5,z^7+z^4+z^2+1) = 0.000130 (std 2.25826e-05)
2015-09-05T14:01:51.600592 INFO   :		[98%]Candidate (z^7+z^5+z^4+z^2+1,z^7+z^6+z^5,z^7+z^4+z^3+z) = 0.000125 (std 2.06839e-05)
2015-09-05T14:01:51.797700 INFO   :		[98%]Candidate (z^7+z^5+z^4+z^2+1,z^7+z^6+z^5,z^7+z^4+z^3+z^2) = 0.000128 (std 2.04981e-05)
2015-09-05T14:01:51.992852 INFO   :		[98%]Candidate (z^7+z^5+z^4+z^2+1,z^7+z^6+z^5,z^7+z^5+z+1) = 0.000125 (std 1.96858e-05)
2015-09-05T14:01:52.199500 INFO   :		[98%]Candidate (z^7+z^5+z^4+z^2+1,z^7+z^6+z^5,z^7+z^5+z^2+z) = 0.000130 (std 2.2584e-05)
2015-09-05T14:01:52.398203 INFO   :		[99%]Candidate (z^7+z^5+z^4+z^2+1,z^7+z^6+z^5,z^7+z^5+z^3+1) = 0.000129 (std 2.51903e-05)
2015-09-05T14:01:52.607483 INFO   :		[99%]Candidate (z^7+z^5+z^4+z^2+1,z^7+z^6+z^5,z^7+z^5+z^3+z^2) = 0.000128 (std 2.26452e-05)
2015-09-05T14:01:52.802077 INFO   :		[99%]Candidate (z^7+z^5+z^4+z^2+1,z^7+z^6+z^5,z^7+z^5+z^4+1) = 0.000125 (std 1.99784e-05)
2015-09-05T14:01:53.001594 INFO   :		[99%]Candidate (z^7+z^5+z^4+z^2+1,z^7+z^6+z^5,z^7+z^5+z^4+z) = 0.000129 (std 2.30343e-05)
2015-09-05T14:01:53.196491 INFO   :		[99%]Candidate (z^7+z^5+z^4+z^2+1,z^7+z^6+z^5,z^7+z^5+z^4+z^3) = 0.000125 (std 2.00615e-05)
2015-09-05T14:01:53.403057 INFO   :		[99%]Candidate (z^7+z^5+z^4+z^2+1,z^7+z^6+z^5,z^7+z^6+z^2+1) = 0.000127 (std 2.6156e-05)
2015-09-05T14:01:53.597990 INFO   :		[99%]Candidate (z^7+z^5+z^4+z^2+1,z^7+z^6+z^5,z^7+z^6+z^2+z) = 0.000126 (std 2.18441e-05)
2015-09-05T14:01:53.793889 INFO   :		[99%]Candidate (z^7+z^5+z^4+z^2+1,z^7+z^6+z^5,z^7+z^6+z^3+1) = 0.000127 (std 2.04986e-05)
2015-09-05T14:01:53.994851 INFO   :		[99%]Candidate (z^7+z^5+z^4+z^2+1,z^7+z^6+z^5,z^7+z^6+z^3+z) = 0.000130 (std 3.08698e-05)
2015-09-05T14:01:54.195809 INFO   :		[99%]Candidate (z^7+z^5+z^4+z^2+1,z^7+z^6+z^5,z^7+z^6+z^4+1) = 0.000125 (std 2.00826e-05)
2015-09-05T14:01:54.401100 INFO   :		[99%]Candidate (z^7+z^5+z^4+z^2+1,z^7+z^6+z^5,z^7+z^6+z^4+z^2) = 0.000131 (std 2.29224e-05)
2015-09-05T14:01:54.608925 INFO   :		[99%]Candidate (z^7+z^5+z^4+z^2+1,z^7+z^6+z^5,z^7+z^6+z^4+z^3) = 0.000133 (std 2.93597e-05)
2015-09-05T14:01:54.828113 INFO   :		[99%]Candidate (z^7+z^5+z^4+z^2+1,z^7+z^6+z^5,z^7+z^6+z^5+z) = 0.000126 (std 2.14785e-05)
2015-09-05T14:01:55.030937 INFO   :		[99%]Candidate (z^7+z^5+z^4+z^2+1,z^7+z^6+z^5,z^7+z^6+z^5+z^2) = 0.000132 (std 2.37916e-05)
2015-09-05T14:01:55.236904 INFO   :		[99%]Candidate (z^7+z^5+z^4+z^2+1,z^7+z^6+z^5,z^7+z^6+z^5+z^3) = 0.000133 (std 3.02022e-05)
2015-09-05T14:01:55.330164 INFO   :***** The chosen triplet, with mean time (avg:0.000111873046875,std:1.75378356644e-05) is *****
2015-09-05T14:01:55.330462 INFO   :	mu(z) = z^5+z^4+z^3+z^2+1 = 0x3d
2015-09-05T14:01:55.330699 INFO   :	mu^{-1}(z) = z^6+z^5+z^3 = 0x68
2015-09-05T14:01:55.330919 INFO   :	nu(z) = z^6+z^2+z+1 = 0x47
2015-09-05T14:01:55.331116 INFO   :	w=8,h=5+3+4
