2015-09-05T13:58:25.348847 INFO   :R0: fins invertible elements:
2015-09-05T13:58:25.349219 INFO   :	candidate found: (z,z^3)
2015-09-05T13:58:25.349565 INFO   :	candidate found: (z^2,z^2)
2015-09-05T13:58:25.349983 INFO   :	candidate found: (z^2+z+1,z^3+z^2+1)
2015-09-05T13:58:25.350488 INFO   :	candidate found: (z^3+z+1,z^3+z+1)
2015-09-05T13:58:25.350985 INFO   :	candidate found: (z^3+z^2+z,z^3+z^2+z)
2015-09-05T13:58:25.351231 INFO   :R0: Found 5 candidates and 7 non invertible (16 total elements)
2015-09-05T13:58:25.352213 INFO   :R1: invertible elements shall not have itself as inverse
2015-09-05T13:58:25.352541 INFO   :R1: left 2 candidates
2015-09-05T13:58:25.353281 INFO   :R2: balanced hamming weights
2015-09-05T13:58:25.353557 INFO   :	R2a: weights in the classification: [2, 6]
2015-09-05T13:58:25.353781 WARNING:		No candidates with 4
2015-09-05T13:58:25.354003 WARNING:		No candidates with 3
2015-09-05T13:58:25.354205 WARNING:		No candidates with 5
2015-09-05T13:58:25.354409 INFO   :		found 1 candidates with weight 2
2015-09-05T13:58:25.354598 INFO   :		found 1 candidates with weight 6
2015-09-05T13:58:25.354802 INFO   :	R2a: left 2 candidates
2015-09-05T13:58:25.354989 INFO   :	R2b: weights classification: [(1, 1), (3, 3)]
2015-09-05T13:58:25.355224 INFO   :	R2b: left 2 candidates
2015-09-05T13:58:25.355443 INFO   :R2: left 2 candidates
2015-09-05T13:58:25.356139 INFO   :R3: Find nu(z) candidates and select triplets with closer hamming weight to (w/2)*3.
2015-09-05T13:58:25.356343 INFO   :	And from here, the winner is the one with timming results.
2015-09-05T13:58:25.356830 INFO   :There are 1 classified to check their timming
2015-09-05T13:58:25.358691 INFO   :With only one classified, avoiding timming measures, there is a winner already
2015-09-05T13:58:25.360020 INFO   :***** The chosen triplet, with mean time (avg:None,std:None) is *****
2015-09-05T13:58:25.360249 INFO   :	mu(z) = z = 0x2
2015-09-05T13:58:25.360464 INFO   :	mu^{-1}(z) = z^3 = 0x8
2015-09-05T13:58:25.360675 INFO   :	nu(z) = z^3+z^2+z+1 = 0xf
2015-09-05T13:58:25.360874 INFO   :	w=4,h=1+1+4
