2015-09-05T13:58:24.064594 INFO   :R0: fins invertible elements:
2015-09-05T13:58:24.065031 INFO   :	candidate found: (z,z^2)
2015-09-05T13:58:24.065511 INFO   :R0: Found 1 candidates and 4 non invertible (8 total elements)
2015-09-05T13:58:24.066135 INFO   :R1: invertible elements shall not have itself as inverse
2015-09-05T13:58:24.066371 INFO   :R1: left 1 candidates
2015-09-05T13:58:24.066940 INFO   :R2: balanced hamming weights
2015-09-05T13:58:24.067145 INFO   :	R2a: weights in the classification: [2]
2015-09-05T13:58:24.067328 WARNING:		No candidates with 3
2015-09-05T13:58:24.067534 INFO   :		found 1 candidates with weight 2
2015-09-05T13:58:24.067714 WARNING:		No candidates with 4
2015-09-05T13:58:24.067891 INFO   :	R2a: left 1 candidates
2015-09-05T13:58:24.068094 INFO   :	R2b: weights classification: [(1, 1)]
2015-09-05T13:58:24.068287 INFO   :	R2b: left 1 candidates
2015-09-05T13:58:24.068486 INFO   :R2: left 1 candidates
2015-09-05T13:58:24.069084 INFO   :R3: Find nu(z) candidates and select triplets with closer hamming weight to (w/2)*3.
2015-09-05T13:58:24.069308 INFO   :	And from here, the winner is the one with timming results.
2015-09-05T13:58:24.069623 INFO   :There are 2 classified to check their timming
2015-09-05T13:58:24.076099 INFO   :		[0%]Candidate (z,z^2,z) = 0.000106 (std 3.24305e-05)
2015-09-05T13:58:24.084295 INFO   :		[50%]Candidate (z,z^2,z^2) = 0.000116 (std 2.88698e-05)
2015-09-05T13:58:24.085288 INFO   :***** The chosen triplet, with mean time (avg:0.0001156875,std:2.88697911969e-05) is *****
2015-09-05T13:58:24.085490 INFO   :	mu(z) = z = 0x2
2015-09-05T13:58:24.085685 INFO   :	mu^{-1}(z) = z^2 = 0x4
2015-09-05T13:58:24.085877 INFO   :	nu(z) = z^2 = 0x4
2015-09-05T13:58:24.086067 INFO   :	w=3,h=1+1+1
