2015-08-31T14:30:16.462825 INFO   :R0: fins invertible elements:
2015-08-31T14:30:16.463291 INFO   :	candidate found: (z,z^4)
2015-08-31T14:30:16.463616 INFO   :	candidate found: (z^2,z^3)
2015-08-31T14:30:16.463957 INFO   :	candidate found: (z^2+z+1,z^4+z^2+z)
2015-08-31T14:30:16.464324 INFO   :	candidate found: (z^3+z+1,z^3+z^2+z)
2015-08-31T14:30:16.464607 INFO   :	candidate found: (z^3+z^2+1,z^4+z+1)
2015-08-31T14:30:16.465206 INFO   :	candidate found: (z^4+z^2+1,z^4+z^3+z^2)
2015-08-31T14:30:16.465658 INFO   :	candidate found: (z^4+z^3+1,z^4+z^3+z)
2015-08-31T14:30:16.466163 INFO   :R0: Found 7 candidates and 16 non invertible (32 total elements)
2015-08-31T14:30:16.467109 INFO   :R1: invertible elements shall not have itself as inverse
2015-08-31T14:30:16.467408 INFO   :R1: left 7 candidates
2015-08-31T14:30:16.484543 INFO   :R2: balanced hamming weights
2015-08-31T14:30:16.484856 INFO   :	R2a: weights in the classification: [2, 6]
2015-08-31T14:30:16.485066 WARNING:		No candidates with 5
2015-08-31T14:30:16.485252 WARNING:		No candidates with 4
2015-08-31T14:30:16.485462 INFO   :		found 5 candidates with weight 6
2015-08-31T14:30:16.485722 INFO   :	R2a: left 5 candidates
2015-08-31T14:30:16.485962 INFO   :	R2b: weights classification: [(3, 3)]
2015-08-31T14:30:16.486163 INFO   :	R2b: left 5 candidates
2015-08-31T14:30:16.486330 INFO   :R2: left 5 candidates
2015-08-31T14:30:16.487198 INFO   :R3: Find nu(z) candidates and select triplets with closer hamming weight to (w/2)*3.
2015-08-31T14:30:16.487395 INFO   :	And from here, the winner is the one with timming results.
2015-08-31T14:30:16.487590 INFO   :	[20%]Search for nu with (mu(z)=z^2+z+1,mu^{-1}(z)=z^4+z^2+z)
2015-08-31T14:30:16.508992 INFO   :		[20%-6%] Candidate (z^2+z+1,z^4+z^2+z,z) = 0.000156 (std 0.0012402)
2015-08-31T14:30:16.539761 INFO   :		[20%-12%] Candidate (z^2+z+1,z^4+z^2+z,z^2) = 0.000313 (std 0.00173993)
2015-08-31T14:30:16.620493 INFO   :		[20%-34%] Candidate (z^2+z+1,z^4+z^2+z,z^3+z+1) = 0.000313 (std 0.00173993)
2015-08-31T14:30:16.642930 INFO   :		[20%-40%] Candidate (z^2+z+1,z^4+z^2+z,z^3+z^2+1) = 0.000156 (std 0.0012402)
2015-08-31T14:30:16.663950 INFO   :		[20%-43%] Candidate (z^2+z+1,z^4+z^2+z,z^3+z^2+z) = 0.000156 (std 0.0012402)
2015-08-31T14:30:16.722900 INFO   :		[20%-59%] Candidate (z^2+z+1,z^4+z^2+z,z^4+z+1) = 0.000156 (std 0.0012402)
2015-08-31T14:30:16.748105 INFO   :		[20%-65%] Candidate (z^2+z+1,z^4+z^2+z,z^4+z^2+1) = 0.000156 (std 0.0012402)
2015-08-31T14:30:16.798079 INFO   :		[20%-78%] Candidate (z^2+z+1,z^4+z^2+z,z^4+z^3+1) = 0.000156 (std 0.0012402)
2015-08-31T14:30:16.819804 INFO   :		[20%-81%] Candidate (z^2+z+1,z^4+z^2+z,z^4+z^3+z) = 0.000156 (std 0.0012402)
2015-08-31T14:30:16.877577 INFO   :		[20%-96%] Candidate (z^2+z+1,z^4+z^2+z,z^4+z^3+z^2+z+1) = 0.000156 (std 0.0012402)
2015-08-31T14:30:16.878295 INFO   :	[40%]Search for nu with (mu(z)=z^3+z+1,mu^{-1}(z)=z^3+z^2+z)
2015-08-31T14:30:16.899408 INFO   :		[40%-6%] Candidate (z^3+z+1,z^3+z^2+z,z) = 0.000156 (std 0.0012402)
2015-08-31T14:30:17.157712 INFO   :		[40%-68%] Candidate (z^3+z+1,z^3+z^2+z,z^4+z^2+z) = 0.000156 (std 0.0012402)
2015-08-31T14:30:17.189221 INFO   :		[40%-78%] Candidate (z^3+z+1,z^3+z^2+z,z^4+z^3+1) = 0.000313 (std 0.00173993)
2015-08-31T14:30:17.263608 INFO   :		[40%-96%] Candidate (z^3+z+1,z^3+z^2+z,z^4+z^3+z^2+z+1) = 0.000312 (std 0.00173993)
2015-08-31T14:30:17.264052 INFO   :	[60%]Search for nu with (mu(z)=z^3+z^2+1,mu^{-1}(z)=z^4+z+1)
2015-08-31T14:30:17.285404 INFO   :		[60%-6%] Candidate (z^3+z^2+1,z^4+z+1,z) = 0.000313 (std 0.00173993)
2015-08-31T14:30:17.311743 INFO   :		[60%-12%] Candidate (z^3+z^2+1,z^4+z+1,z^2) = 0.000156 (std 0.0012402)
2015-08-31T14:30:17.347328 INFO   :		[60%-21%] Candidate (z^3+z^2+1,z^4+z+1,z^2+z+1) = 0.000156 (std 0.0012402)
2015-08-31T14:30:17.402836 INFO   :		[60%-34%] Candidate (z^3+z^2+1,z^4+z+1,z^3+z+1) = 0.000156 (std 0.0012402)
2015-08-31T14:30:17.470935 INFO   :		[60%-50%] Candidate (z^3+z^2+1,z^4+z+1,z^4) = 0.000156 (std 0.0012402)
2015-08-31T14:30:17.502554 INFO   :		[60%-59%] Candidate (z^3+z^2+1,z^4+z+1,z^4+z+1) = 0.000156 (std 0.0012402)
2015-08-31T14:30:17.546232 INFO   :		[60%-68%] Candidate (z^3+z^2+1,z^4+z+1,z^4+z^2+z) = 0.000156 (std 0.0012402)
2015-08-31T14:30:17.578223 INFO   :		[60%-78%] Candidate (z^3+z^2+1,z^4+z+1,z^4+z^3+1) = 0.000156 (std 0.0012402)
2015-08-31T14:30:17.657494 INFO   :	[80%]Search for nu with (mu(z)=z^4+z^2+1,mu^{-1}(z)=z^4+z^3+z^2)
2015-08-31T14:30:17.679208 INFO   :		[80%-6%] Candidate (z^4+z^2+1,z^4+z^3+z^2,z) = 0.000156 (std 0.0012402)
2015-08-31T14:30:17.709172 INFO   :		[80%-12%] Candidate (z^4+z^2+1,z^4+z^3+z^2,z^2) = 0.000313 (std 0.00173993)
2015-08-31T14:30:17.739304 INFO   :		[80%-21%] Candidate (z^4+z^2+1,z^4+z^3+z^2,z^2+z+1) = 0.000156 (std 0.0012402)
2015-08-31T14:30:17.819926 INFO   :		[80%-40%] Candidate (z^4+z^2+1,z^4+z^3+z^2,z^3+z^2+1) = 0.000156 (std 0.0012402)
2015-08-31T14:30:17.841712 INFO   :		[80%-43%] Candidate (z^4+z^2+1,z^4+z^3+z^2,z^3+z^2+z) = 0.000156 (std 0.0012402)
2015-08-31T14:30:17.919454 INFO   :		[80%-65%] Candidate (z^4+z^2+1,z^4+z^3+z^2,z^4+z^2+1) = 0.000156 (std 0.0012402)
2015-08-31T14:30:17.941291 INFO   :		[80%-68%] Candidate (z^4+z^2+1,z^4+z^3+z^2,z^4+z^2+z) = 0.000156 (std 0.0012402)
2015-08-31T14:30:17.978186 INFO   :		[80%-78%] Candidate (z^4+z^2+1,z^4+z^3+z^2,z^4+z^3+1) = 0.000313 (std 0.00173993)
2015-08-31T14:30:18.024799 INFO   :		[80%-87%] Candidate (z^4+z^2+1,z^4+z^3+z^2,z^4+z^3+z^2) = 0.000156 (std 0.0012402)
2015-08-31T14:30:18.057790 INFO   :		[80%-96%] Candidate (z^4+z^2+1,z^4+z^3+z^2,z^4+z^3+z^2+z+1) = 0.000156 (std 0.0012402)
2015-08-31T14:30:18.058201 INFO   :	[100%]Search for nu with (mu(z)=z^4+z^3+1,mu^{-1}(z)=z^4+z^3+z)
2015-08-31T14:30:18.103357 INFO   :		[100%-12%] Candidate (z^4+z^3+1,z^4+z^3+z,z^2) = 0.000156 (std 0.0012402)
2015-08-31T14:30:18.158766 INFO   :		[100%-25%] Candidate (z^4+z^3+1,z^4+z^3+z,z^3) = 0.000156 (std 0.0012402)
2015-08-31T14:30:18.187550 INFO   :		[100%-34%] Candidate (z^4+z^3+1,z^4+z^3+z,z^3+z+1) = 0.000156 (std 0.0012402)
2015-08-31T14:30:18.218823 INFO   :		[100%-40%] Candidate (z^4+z^3+1,z^4+z^3+z,z^3+z^2+1) = 0.000156 (std 0.0012402)
2015-08-31T14:30:18.240416 INFO   :		[100%-43%] Candidate (z^4+z^3+1,z^4+z^3+z,z^3+z^2+z) = 0.000313 (std 0.00173993)
2015-08-31T14:30:18.344971 INFO   :		[100%-68%] Candidate (z^4+z^3+1,z^4+z^3+z,z^4+z^2+z) = 0.000156 (std 0.0012402)
2015-08-31T14:30:18.373866 INFO   :		[100%-78%] Candidate (z^4+z^3+1,z^4+z^3+z,z^4+z^3+1) = 0.000313 (std 0.00173993)
2015-08-31T14:30:18.420074 INFO   :		[100%-87%] Candidate (z^4+z^3+1,z^4+z^3+z,z^4+z^3+z^2) = 0.000156 (std 0.0012402)
2015-08-31T14:30:18.460200 INFO   :	Found 8 finalists with weight 7
2015-08-31T14:30:18.460602 INFO   :		avg:0.0003125, std:0.00173993:	[[z^3+z^2+1 (mod z^5+1), z^4+z+1 (mod z^5+1), z (mod z^5+1)]]
2015-08-31T14:30:18.460936 INFO   :		avg:0.00015625, std:0.0012402:	[[z^4+z^2+1 (mod z^5+1), z^4+z^3+z^2 (mod z^5+1), z (mod z^5+1)]]
2015-08-31T14:30:18.461292 INFO   :		avg:0.0003125, std:0.00173993:	[[z^4+z^2+1 (mod z^5+1), z^4+z^3+z^2 (mod z^5+1), z^2 (mod z^5+1)]]
2015-08-31T14:30:18.461540 INFO   :		avg:0.00015625, std:0.0012402:	[[z^2+z+1 (mod z^5+1), z^4+z^2+z (mod z^5+1), z (mod z^5+1)]]
2015-08-31T14:30:18.461753 INFO   :		avg:0.0003125, std:0.00173993:	[[z^2+z+1 (mod z^5+1), z^4+z^2+z (mod z^5+1), z^2 (mod z^5+1)]]
2015-08-31T14:30:18.461992 INFO   :		avg:0.00015625, std:0.0012402:	[[z^3+z^2+1 (mod z^5+1), z^4+z+1 (mod z^5+1), z^4 (mod z^5+1)], [z^4+z^3+1 (mod z^5+1), z^4+z^3+z (mod z^5+1), z^3 (mod z^5+1)]]
2015-08-31T14:30:18.462203 INFO   :		avg:0.00015625, std:0.0012402:	[[z^3+z+1 (mod z^5+1), z^3+z^2+z (mod z^5+1), z (mod z^5+1)]]
2015-08-31T14:30:18.462446 INFO   :		avg:0.00015625, std:0.0012402:	[[z^3+z^2+1 (mod z^5+1), z^4+z+1 (mod z^5+1), z^2 (mod z^5+1)], [z^4+z^3+1 (mod z^5+1), z^4+z^3+z (mod z^5+1), z^2 (mod z^5+1)]]
2015-08-31T14:30:18.463941 INFO   :***** The chosen triplet, with mean time (avg:0.00015625,std:0.00124019592706) s is *****
2015-08-31T14:30:18.464155 INFO   :	mu(z) = z^3+z+1 = 0xb
2015-08-31T14:30:18.464346 INFO   :	mu^{-1}(z) = z^3+z^2+z = 0xe
2015-08-31T14:30:18.464629 INFO   :	nu(z) = z = 0x2
2015-08-31T14:30:18.464840 INFO   :	w=5,h=3+3+1
