2015-08-31T14:30:20.111141 INFO   :R0: fins invertible elements:
2015-08-31T14:30:20.118825 INFO   :	candidate found: (z,z^3)
2015-08-31T14:30:20.119552 INFO   :	candidate found: (z^2,z^2)
2015-08-31T14:30:20.119871 INFO   :	candidate found: (z^2+z+1,z^3+z^2+1)
2015-08-31T14:30:20.120234 INFO   :	candidate found: (z^3+z+1,z^3+z+1)
2015-08-31T14:30:20.120581 INFO   :	candidate found: (z^3+z^2+z,z^3+z^2+z)
2015-08-31T14:30:20.120795 INFO   :R0: Found 5 candidates and 7 non invertible (16 total elements)
2015-08-31T14:30:20.121673 INFO   :R1: invertible elements shall not have itself as inverse
2015-08-31T14:30:20.121935 INFO   :R1: left 2 candidates
2015-08-31T14:30:20.122543 INFO   :R2: balanced hamming weights
2015-08-31T14:30:20.122744 INFO   :	R2a: weights in the classification: [2, 6]
2015-08-31T14:30:20.122940 WARNING:		No candidates with 4
2015-08-31T14:30:20.123141 WARNING:		No candidates with 3
2015-08-31T14:30:20.123339 WARNING:		No candidates with 5
2015-08-31T14:30:20.123580 INFO   :		found 1 candidates with weight 2
2015-08-31T14:30:20.123809 INFO   :		found 1 candidates with weight 6
2015-08-31T14:30:20.123991 INFO   :	R2a: left 2 candidates
2015-08-31T14:30:20.124181 INFO   :	R2b: weights classification: [(1, 1), (3, 3)]
2015-08-31T14:30:20.124396 INFO   :	R2b: left 2 candidates
2015-08-31T14:30:20.124561 INFO   :R2: left 2 candidates
2015-08-31T14:30:20.125295 INFO   :R3: Find nu(z) candidates and select triplets with closer hamming weight to (w/2)*3.
2015-08-31T14:30:20.125489 INFO   :	And from here, the winner is the one with timming results.
2015-08-31T14:30:20.125731 INFO   :	[50%]Search for nu with (mu(z)=z,mu^{-1}(z)=z^3)
2015-08-31T14:30:20.198758 INFO   :	[100%]Search for nu with (mu(z)=z^2+z+1,mu^{-1}(z)=z^3+z^2+1)
2015-08-31T14:30:20.242236 INFO   :		[100%-50%] Candidate (z^2+z+1,z^3+z^2+1,z^3) = 0.000625 (std 0.00242061)
2015-08-31T14:30:20.255487 INFO   :		[100%-68%] Candidate (z^2+z+1,z^3+z^2+1,z^3+z+1) = 0.000313 (std 0.00173993)
2015-08-31T14:30:20.266163 INFO   :		[100%-81%] Candidate (z^2+z+1,z^3+z^2+1,z^3+z^2+1) = 0.000313 (std 0.00173993)
2015-08-31T14:30:20.279867 INFO   :	Found 1 finalists with weight 7
2015-08-31T14:30:20.280192 INFO   :		avg:0.000625, std:0.00242061:	[[z^2+z+1 (mod z^4+1), z^3+z^2+1 (mod z^4+1), z^3 (mod z^4+1)]]
2015-08-31T14:30:20.280977 INFO   :***** The chosen triplet, with mean time (avg:0.000625,std:0.00242061459138) s is *****
2015-08-31T14:30:20.281207 INFO   :	mu(z) = z^2+z+1 = 0x7
2015-08-31T14:30:20.281396 INFO   :	mu^{-1}(z) = z^3+z^2+1 = 0xd
2015-08-31T14:30:20.281581 INFO   :	nu(z) = z^3 = 0x8
2015-08-31T14:30:20.281776 INFO   :	w=4,h=3+3+1
