2015-08-31T14:29:53.738989 INFO   :R0: fins invertible elements:
2015-08-31T14:29:53.749227 INFO   :	candidate found: (z,z^5)
2015-08-31T14:29:53.749603 INFO   :	candidate found: (z^2,z^4)
2015-08-31T14:29:53.750056 INFO   :	candidate found: (z^3,z^3)
2015-08-31T14:29:53.750447 INFO   :	candidate found: (z^3+z+1,z^5+z^4+z)
2015-08-31T14:29:53.750771 INFO   :	candidate found: (z^3+z^2+1,z^5+z^4+z^2)
2015-08-31T14:29:53.751235 INFO   :	candidate found: (z^4+z+1,z^4+z+1)
2015-08-31T14:29:53.751654 INFO   :	candidate found: (z^4+z^2+z,z^4+z^3+1)
2015-08-31T14:29:53.752353 INFO   :	candidate found: (z^4+z^3+z,z^4+z^3+z)
2015-08-31T14:29:53.752873 INFO   :	candidate found: (z^4+z^3+z^2+z+1,z^5+z^4+z^3+z^2+1)
2015-08-31T14:29:53.753381 INFO   :	candidate found: (z^5+z^2+1,z^5+z^2+1)
2015-08-31T14:29:53.753673 INFO   :	candidate found: (z^5+z^2+z,z^5+z^3+1)
2015-08-31T14:29:53.754255 INFO   :	candidate found: (z^5+z^3+z^2,z^5+z^3+z^2)
2015-08-31T14:29:53.754623 INFO   :	candidate found: (z^5+z^3+z^2+z+1,z^5+z^4+z^3+z+1)
2015-08-31T14:29:53.755319 INFO   :	candidate found: (z^5+z^4+z^2+z+1,z^5+z^4+z^2+z+1)
2015-08-31T14:29:53.755909 INFO   :	candidate found: (z^5+z^4+z^3+z^2+z,z^5+z^4+z^3+z^2+z)
2015-08-31T14:29:53.756125 INFO   :R0: Found 15 candidates and 39 non invertible (64 total elements)
2015-08-31T14:29:53.775365 INFO   :R1: invertible elements shall not have itself as inverse
2015-08-31T14:29:53.775970 INFO   :R1: left 8 candidates
2015-08-31T14:29:53.777106 INFO   :R2: balanced hamming weights
2015-08-31T14:29:53.777327 INFO   :	R2a: weights in the classification: [2, 10, 6]
2015-08-31T14:29:53.777514 INFO   :	R2a: left 4 candidates
2015-08-31T14:29:53.777725 INFO   :	R2b: weights classification: [(3, 3)]
2015-08-31T14:29:53.777925 INFO   :	R2b: left 4 candidates
2015-08-31T14:29:53.778111 INFO   :R2: left 4 candidates
2015-08-31T14:29:53.778933 INFO   :R3: Find nu(z) candidates and select triplets with closer hamming weight to (w/2)*3.
2015-08-31T14:29:53.779183 INFO   :	And from here, the winner is the one with timming results.
2015-08-31T14:29:53.779412 INFO   :	[25%]Search for nu with (mu(z)=z^3+z+1,mu^{-1}(z)=z^5+z^4+z)
2015-08-31T14:29:53.826041 INFO   :		[25%-3%] Candidate (z^3+z+1,z^5+z^4+z,z) = 0.000078 (std 0.000880424)
2015-08-31T14:29:53.873057 INFO   :		[25%-4%] Candidate (z^3+z+1,z^5+z^4+z,z+1) = 0.000078 (std 0.000880424)
2015-08-31T14:29:53.919507 INFO   :		[25%-6%] Candidate (z^3+z+1,z^5+z^4+z,z^2) = 0.000156 (std 0.0012402)
2015-08-31T14:29:53.973188 INFO   :		[25%-9%] Candidate (z^3+z+1,z^5+z^4+z,z^2+z) = 0.000078 (std 0.000880424)
2015-08-31T14:29:54.019806 INFO   :		[25%-10%] Candidate (z^3+z+1,z^5+z^4+z,z^2+z+1) = 0.000234 (std 0.00151288)
2015-08-31T14:29:54.066776 INFO   :		[25%-12%] Candidate (z^3+z+1,z^5+z^4+z,z^3) = 0.000156 (std 0.0012402)
2015-08-31T14:29:54.113177 INFO   :		[25%-14%] Candidate (z^3+z+1,z^5+z^4+z,z^3+1) = 0.000078 (std 0.000880424)
2015-08-31T14:29:54.205791 INFO   :		[25%-18%] Candidate (z^3+z+1,z^5+z^4+z,z^3+z^2) = 0.000234 (std 0.00151288)
2015-08-31T14:29:54.251585 INFO   :		[25%-20%] Candidate (z^3+z+1,z^5+z^4+z,z^3+z^2+1) = 0.000156 (std 0.0012402)
2015-08-31T14:29:54.298859 INFO   :		[25%-21%] Candidate (z^3+z+1,z^5+z^4+z,z^3+z^2+z) = 0.000312 (std 0.00173993)
2015-08-31T14:29:54.352643 INFO   :		[25%-25%] Candidate (z^3+z+1,z^5+z^4+z,z^4) = 0.000078 (std 0.000880424)
2015-08-31T14:29:54.406084 INFO   :		[25%-28%] Candidate (z^3+z+1,z^5+z^4+z,z^4+z) = 0.000312 (std 0.00173993)
2015-08-31T14:29:54.455979 INFO   :		[25%-29%] Candidate (z^3+z+1,z^5+z^4+z,z^4+z+1) = 0.000078 (std 0.000880424)
2015-08-31T14:29:54.606188 INFO   :		[25%-35%] Candidate (z^3+z+1,z^5+z^4+z,z^4+z^2+z+1) = 0.000156 (std 0.0012402)
2015-08-31T14:29:54.654739 INFO   :		[25%-37%] Candidate (z^3+z+1,z^5+z^4+z,z^4+z^3) = 0.000156 (std 0.0012402)
2015-08-31T14:29:54.749692 INFO   :		[25%-40%] Candidate (z^3+z+1,z^5+z^4+z,z^4+z^3+z) = 0.000156 (std 0.0012402)
2015-08-31T14:29:54.850686 INFO   :		[25%-45%] Candidate (z^3+z+1,z^5+z^4+z,z^4+z^3+z^2+1) = 0.000234 (std 0.00151288)
2015-08-31T14:29:54.900044 INFO   :		[25%-48%] Candidate (z^3+z+1,z^5+z^4+z,z^4+z^3+z^2+z+1) = 0.000156 (std 0.0012402)
2015-08-31T14:29:54.947638 INFO   :		[25%-50%] Candidate (z^3+z+1,z^5+z^4+z,z^5) = 0.000234 (std 0.00151288)
2015-08-31T14:29:54.994505 INFO   :		[25%-51%] Candidate (z^3+z+1,z^5+z^4+z,z^5+1) = 0.000156 (std 0.0012402)
2015-08-31T14:29:55.046118 INFO   :		[25%-54%] Candidate (z^3+z+1,z^5+z^4+z,z^5+z+1) = 0.000234 (std 0.00151288)
2015-08-31T14:29:55.094666 INFO   :		[25%-56%] Candidate (z^3+z+1,z^5+z^4+z,z^5+z^2) = 0.000078 (std 0.000880424)
2015-08-31T14:29:55.142661 INFO   :		[25%-57%] Candidate (z^3+z+1,z^5+z^4+z,z^5+z^2+1) = 0.000078 (std 0.000880424)
2015-08-31T14:29:55.249377 INFO   :		[25%-64%] Candidate (z^3+z+1,z^5+z^4+z,z^5+z^3+1) = 0.000078 (std 0.000880424)
2015-08-31T14:29:55.297486 INFO   :		[25%-65%] Candidate (z^3+z+1,z^5+z^4+z,z^5+z^3+z) = 0.000078 (std 0.000880424)
2015-08-31T14:29:55.345186 INFO   :		[25%-67%] Candidate (z^3+z+1,z^5+z^4+z,z^5+z^3+z+1) = 0.000078 (std 0.000880424)
2015-08-31T14:29:55.450097 INFO   :		[25%-71%] Candidate (z^3+z+1,z^5+z^4+z,z^5+z^3+z^2+z) = 0.000078 (std 0.000880424)
2015-08-31T14:29:55.498515 INFO   :		[25%-73%] Candidate (z^3+z+1,z^5+z^4+z,z^5+z^3+z^2+z+1) = 0.000078 (std 0.000880424)
2015-08-31T14:29:55.546800 INFO   :		[25%-75%] Candidate (z^3+z+1,z^5+z^4+z,z^5+z^4) = 0.000156 (std 0.0012402)
2015-08-31T14:29:55.594571 INFO   :		[25%-76%] Candidate (z^3+z+1,z^5+z^4+z,z^5+z^4+1) = 0.000078 (std 0.000880424)
2015-08-31T14:29:55.697420 INFO   :		[25%-81%] Candidate (z^3+z+1,z^5+z^4+z,z^5+z^4+z^2) = 0.000078 (std 0.000880424)
2015-08-31T14:29:55.744710 INFO   :		[25%-82%] Candidate (z^3+z+1,z^5+z^4+z,z^5+z^4+z^2+1) = 0.000156 (std 0.0012402)
2015-08-31T14:29:55.796801 INFO   :		[25%-85%] Candidate (z^3+z+1,z^5+z^4+z,z^5+z^4+z^2+z+1) = 0.000156 (std 0.0012402)
2015-08-31T14:29:55.844381 INFO   :		[25%-87%] Candidate (z^3+z+1,z^5+z^4+z,z^5+z^4+z^3) = 0.000078 (std 0.000880424)
2015-08-31T14:29:55.899841 INFO   :		[25%-90%] Candidate (z^3+z+1,z^5+z^4+z,z^5+z^4+z^3+z) = 0.000156 (std 0.0012402)
2015-08-31T14:29:55.947637 INFO   :		[25%-92%] Candidate (z^3+z+1,z^5+z^4+z,z^5+z^4+z^3+z+1) = 0.000078 (std 0.000880424)
2015-08-31T14:29:55.999633 INFO   :		[25%-95%] Candidate (z^3+z+1,z^5+z^4+z,z^5+z^4+z^3+z^2+1) = 0.000156 (std 0.0012402)
2015-08-31T14:29:56.047129 INFO   :		[25%-96%] Candidate (z^3+z+1,z^5+z^4+z,z^5+z^4+z^3+z^2+z) = 0.000156 (std 0.0012402)
2015-08-31T14:29:56.094870 INFO   :		[25%-98%] Candidate (z^3+z+1,z^5+z^4+z,z^5+z^4+z^3+z^2+z+1) = 0.000234 (std 0.00151288)
2015-08-31T14:29:56.095290 INFO   :	[50%]Search for nu with (mu(z)=z^3+z^2+1,mu^{-1}(z)=z^5+z^4+z^2)
2015-08-31T14:29:56.142726 INFO   :		[50%-3%] Candidate (z^3+z^2+1,z^5+z^4+z^2,z) = 0.000234 (std 0.00151288)
2015-08-31T14:29:56.201652 INFO   :		[50%-6%] Candidate (z^3+z^2+1,z^5+z^4+z^2,z^2) = 0.000078 (std 0.000880424)
2015-08-31T14:29:56.328742 INFO   :		[50%-12%] Candidate (z^3+z^2+1,z^5+z^4+z^2,z^3) = 0.000078 (std 0.000880424)
2015-08-31T14:29:56.502862 INFO   :		[50%-21%] Candidate (z^3+z^2+1,z^5+z^4+z^2,z^3+z^2+z) = 0.000313 (std 0.00173993)
2015-08-31T14:29:56.562211 INFO   :		[50%-25%] Candidate (z^3+z^2+1,z^5+z^4+z^2,z^4) = 0.000078 (std 0.000880424)
2015-08-31T14:29:56.638999 INFO   :		[50%-29%] Candidate (z^3+z^2+1,z^5+z^4+z^2,z^4+z+1) = 0.000156 (std 0.0012402)
2015-08-31T14:29:56.735571 INFO   :		[50%-34%] Candidate (z^3+z^2+1,z^5+z^4+z^2,z^4+z^2+z) = 0.000078 (std 0.000880424)
2015-08-31T14:29:56.798266 INFO   :		[50%-39%] Candidate (z^3+z^2+1,z^5+z^4+z^2,z^4+z^3+1) = 0.000078 (std 0.000880424)
2015-08-31T14:29:56.904918 INFO   :		[50%-43%] Candidate (z^3+z^2+1,z^5+z^4+z^2,z^4+z^3+z^2) = 0.000156 (std 0.0012402)
2015-08-31T14:29:56.982688 INFO   :		[50%-48%] Candidate (z^3+z^2+1,z^5+z^4+z^2,z^4+z^3+z^2+z+1) = 0.000156 (std 0.0012402)
2015-08-31T14:29:57.030730 INFO   :		[50%-50%] Candidate (z^3+z^2+1,z^5+z^4+z^2,z^5) = 0.000156 (std 0.0012402)
2015-08-31T14:29:57.102626 INFO   :		[50%-54%] Candidate (z^3+z^2+1,z^5+z^4+z^2,z^5+z+1) = 0.000156 (std 0.0012402)
2015-08-31T14:29:57.155540 INFO   :		[50%-57%] Candidate (z^3+z^2+1,z^5+z^4+z^2,z^5+z^2+1) = 0.000156 (std 0.0012402)
2015-08-31T14:29:57.203307 INFO   :		[50%-59%] Candidate (z^3+z^2+1,z^5+z^4+z^2,z^5+z^2+z) = 0.000078 (std 0.000880424)
2015-08-31T14:29:57.270942 INFO   :		[50%-64%] Candidate (z^3+z^2+1,z^5+z^4+z^2,z^5+z^3+1) = 0.000078 (std 0.000880424)
2015-08-31T14:29:57.321857 INFO   :		[50%-65%] Candidate (z^3+z^2+1,z^5+z^4+z^2,z^5+z^3+z) = 0.000078 (std 0.000880424)
2015-08-31T14:29:57.385161 INFO   :		[50%-68%] Candidate (z^3+z^2+1,z^5+z^4+z^2,z^5+z^3+z^2) = 0.000078 (std 0.000880424)
2015-08-31T14:29:57.506824 INFO   :		[50%-76%] Candidate (z^3+z^2+1,z^5+z^4+z^2,z^5+z^4+1) = 0.000156 (std 0.0012402)
2015-08-31T14:29:57.554232 INFO   :		[50%-78%] Candidate (z^3+z^2+1,z^5+z^4+z^2,z^5+z^4+z) = 0.000234 (std 0.00151288)
2015-08-31T14:29:57.616290 INFO   :		[50%-81%] Candidate (z^3+z^2+1,z^5+z^4+z^2,z^5+z^4+z^2) = 0.000313 (std 0.00173993)
2015-08-31T14:29:57.690661 INFO   :		[50%-85%] Candidate (z^3+z^2+1,z^5+z^4+z^2,z^5+z^4+z^2+z+1) = 0.000078 (std 0.000880424)
2015-08-31T14:29:57.859818 INFO   :		[50%-95%] Candidate (z^3+z^2+1,z^5+z^4+z^2,z^5+z^4+z^3+z^2+1) = 0.000156 (std 0.0012402)
2015-08-31T14:29:57.907039 INFO   :		[50%-96%] Candidate (z^3+z^2+1,z^5+z^4+z^2,z^5+z^4+z^3+z^2+z) = 0.000078 (std 0.000880424)
2015-08-31T14:29:57.923084 INFO   :	[75%]Search for nu with (mu(z)=z^4+z^2+z,mu^{-1}(z)=z^4+z^3+1)
2015-08-31T14:29:57.970218 INFO   :		[75%-3%] Candidate (z^4+z^2+z,z^4+z^3+1,z) = 0.000078 (std 0.000880424)
2015-08-31T14:29:58.025427 INFO   :		[75%-6%] Candidate (z^4+z^2+z,z^4+z^3+1,z^2) = 0.000156 (std 0.0012402)
2015-08-31T14:29:58.111194 INFO   :		[75%-10%] Candidate (z^4+z^2+z,z^4+z^3+1,z^2+z+1) = 0.000156 (std 0.0012402)
2015-08-31T14:29:58.160258 INFO   :		[75%-12%] Candidate (z^4+z^2+z,z^4+z^3+1,z^3) = 0.000156 (std 0.0012402)
2015-08-31T14:29:58.223996 INFO   :		[75%-17%] Candidate (z^4+z^2+z,z^4+z^3+1,z^3+z+1) = 0.000078 (std 0.000880424)
2015-08-31T14:29:58.286948 INFO   :		[75%-20%] Candidate (z^4+z^2+z,z^4+z^3+1,z^3+z^2+1) = 0.000078 (std 0.000880424)
2015-08-31T14:29:58.335198 INFO   :		[75%-21%] Candidate (z^4+z^2+z,z^4+z^3+1,z^3+z^2+z) = 0.000078 (std 0.000880424)
2015-08-31T14:29:58.399928 INFO   :		[75%-25%] Candidate (z^4+z^2+z,z^4+z^3+1,z^4) = 0.000078 (std 0.000880424)
2015-08-31T14:29:58.481885 INFO   :		[75%-29%] Candidate (z^4+z^2+z,z^4+z^3+1,z^4+z+1) = 0.000234 (std 0.00151288)
2015-08-31T14:29:58.580560 INFO   :		[75%-34%] Candidate (z^4+z^2+z,z^4+z^3+1,z^4+z^2+z) = 0.000156 (std 0.0012402)
2015-08-31T14:29:58.645136 INFO   :		[75%-39%] Candidate (z^4+z^2+z,z^4+z^3+1,z^4+z^3+1) = 0.000078 (std 0.000880424)
2015-08-31T14:29:58.691389 INFO   :		[75%-40%] Candidate (z^4+z^2+z,z^4+z^3+1,z^4+z^3+z) = 0.000078 (std 0.000880424)
2015-08-31T14:29:58.750563 INFO   :		[75%-43%] Candidate (z^4+z^2+z,z^4+z^3+1,z^4+z^3+z^2) = 0.000078 (std 0.000880424)
2015-08-31T14:29:58.933477 INFO   :		[75%-54%] Candidate (z^4+z^2+z,z^4+z^3+1,z^5+z+1) = 0.000156 (std 0.0012402)
2015-08-31T14:29:58.985460 INFO   :		[75%-57%] Candidate (z^4+z^2+z,z^4+z^3+1,z^5+z^2+1) = 0.000078 (std 0.000880424)
2015-08-31T14:29:59.032730 INFO   :		[75%-59%] Candidate (z^4+z^2+z,z^4+z^3+1,z^5+z^2+z) = 0.000078 (std 0.000880424)
2015-08-31T14:29:59.103860 INFO   :		[75%-64%] Candidate (z^4+z^2+z,z^4+z^3+1,z^5+z^3+1) = 0.000156 (std 0.0012402)
2015-08-31T14:29:59.150757 INFO   :		[75%-65%] Candidate (z^4+z^2+z,z^4+z^3+1,z^5+z^3+z) = 0.000078 (std 0.000880424)
2015-08-31T14:29:59.219807 INFO   :		[75%-68%] Candidate (z^4+z^2+z,z^4+z^3+1,z^5+z^3+z^2) = 0.000156 (std 0.0012402)
2015-08-31T14:29:59.275655 INFO   :		[75%-73%] Candidate (z^4+z^2+z,z^4+z^3+1,z^5+z^3+z^2+z+1) = 0.000234 (std 0.00151288)
2015-08-31T14:29:59.428002 INFO   :		[75%-81%] Candidate (z^4+z^2+z,z^4+z^3+1,z^5+z^4+z^2) = 0.000078 (std 0.000880424)
2015-08-31T14:29:59.505653 INFO   :		[75%-85%] Candidate (z^4+z^2+z,z^4+z^3+1,z^5+z^4+z^2+z+1) = 0.000234 (std 0.00151288)
2015-08-31T14:29:59.677665 INFO   :		[75%-95%] Candidate (z^4+z^2+z,z^4+z^3+1,z^5+z^4+z^3+z^2+1) = 0.000078 (std 0.000880424)
2015-08-31T14:29:59.725681 INFO   :		[75%-96%] Candidate (z^4+z^2+z,z^4+z^3+1,z^5+z^4+z^3+z^2+z) = 0.000078 (std 0.000880424)
2015-08-31T14:29:59.741458 INFO   :	[100%]Search for nu with (mu(z)=z^5+z^2+z,mu^{-1}(z)=z^5+z^3+1)
2015-08-31T14:29:59.789781 INFO   :		[100%-3%] Candidate (z^5+z^2+z,z^5+z^3+1,z) = 0.000156 (std 0.0012402)
2015-08-31T14:29:59.838084 INFO   :		[100%-4%] Candidate (z^5+z^2+z,z^5+z^3+1,z+1) = 0.000156 (std 0.0012402)
2015-08-31T14:29:59.887484 INFO   :		[100%-6%] Candidate (z^5+z^2+z,z^5+z^3+1,z^2) = 0.000078 (std 0.000880424)
2015-08-31T14:29:59.945850 INFO   :		[100%-9%] Candidate (z^5+z^2+z,z^5+z^3+1,z^2+z) = 0.000078 (std 0.000880424)
2015-08-31T14:29:59.995143 INFO   :		[100%-10%] Candidate (z^5+z^2+z,z^5+z^3+1,z^2+z+1) = 0.000313 (std 0.00173993)
2015-08-31T14:30:00.045454 INFO   :		[100%-12%] Candidate (z^5+z^2+z,z^5+z^3+1,z^3) = 0.000078 (std 0.000880424)
2015-08-31T14:30:00.094750 INFO   :		[100%-14%] Candidate (z^5+z^2+z,z^5+z^3+1,z^3+1) = 0.000156 (std 0.0012402)
2015-08-31T14:30:00.155084 INFO   :		[100%-17%] Candidate (z^5+z^2+z,z^5+z^3+1,z^3+z+1) = 0.000078 (std 0.000880424)
2015-08-31T14:30:00.204304 INFO   :		[100%-18%] Candidate (z^5+z^2+z,z^5+z^3+1,z^3+z^2) = 0.000234 (std 0.00151288)
2015-08-31T14:30:00.253282 INFO   :		[100%-20%] Candidate (z^5+z^2+z,z^5+z^3+1,z^3+z^2+1) = 0.000156 (std 0.0012402)
2015-08-31T14:30:00.302399 INFO   :		[100%-21%] Candidate (z^5+z^2+z,z^5+z^3+1,z^3+z^2+z) = 0.000156 (std 0.0012402)
2015-08-31T14:30:00.352957 INFO   :		[100%-25%] Candidate (z^5+z^2+z,z^5+z^3+1,z^4) = 0.000234 (std 0.00151288)
2015-08-31T14:30:00.408075 INFO   :		[100%-28%] Candidate (z^5+z^2+z,z^5+z^3+1,z^4+z) = 0.000234 (std 0.00151288)
2015-08-31T14:30:00.457082 INFO   :		[100%-29%] Candidate (z^5+z^2+z,z^5+z^3+1,z^4+z+1) = 0.000156 (std 0.0012402)
2015-08-31T14:30:00.514347 INFO   :		[100%-32%] Candidate (z^5+z^2+z,z^5+z^3+1,z^4+z^2+1) = 0.000156 (std 0.0012402)
2015-08-31T14:30:00.563099 INFO   :		[100%-34%] Candidate (z^5+z^2+z,z^5+z^3+1,z^4+z^2+z) = 0.000156 (std 0.0012402)
2015-08-31T14:30:00.611849 INFO   :		[100%-35%] Candidate (z^5+z^2+z,z^5+z^3+1,z^4+z^2+z+1) = 0.000078 (std 0.000880424)
2015-08-31T14:30:00.661475 INFO   :		[100%-37%] Candidate (z^5+z^2+z,z^5+z^3+1,z^4+z^3) = 0.000156 (std 0.0012402)
2015-08-31T14:30:00.709612 INFO   :		[100%-39%] Candidate (z^5+z^2+z,z^5+z^3+1,z^4+z^3+1) = 0.000078 (std 0.000880424)
2015-08-31T14:30:00.757462 INFO   :		[100%-40%] Candidate (z^5+z^2+z,z^5+z^3+1,z^4+z^3+z) = 0.000156 (std 0.0012402)
2015-08-31T14:30:00.812441 INFO   :		[100%-43%] Candidate (z^5+z^2+z,z^5+z^3+1,z^4+z^3+z^2) = 0.000156 (std 0.0012402)
2015-08-31T14:30:00.860748 INFO   :		[100%-45%] Candidate (z^5+z^2+z,z^5+z^3+1,z^4+z^3+z^2+1) = 0.000078 (std 0.000880424)
2015-08-31T14:30:00.912803 INFO   :		[100%-48%] Candidate (z^5+z^2+z,z^5+z^3+1,z^4+z^3+z^2+z+1) = 0.000156 (std 0.0012402)
2015-08-31T14:30:00.961508 INFO   :		[100%-50%] Candidate (z^5+z^2+z,z^5+z^3+1,z^5) = 0.000312 (std 0.00173993)
2015-08-31T14:30:01.008840 INFO   :		[100%-51%] Candidate (z^5+z^2+z,z^5+z^3+1,z^5+1) = 0.000156 (std 0.0012402)
2015-08-31T14:30:01.066324 INFO   :		[100%-54%] Candidate (z^5+z^2+z,z^5+z^3+1,z^5+z+1) = 0.000078 (std 0.000880424)
2015-08-31T14:30:01.114859 INFO   :		[100%-56%] Candidate (z^5+z^2+z,z^5+z^3+1,z^5+z^2) = 0.000078 (std 0.000880424)
2015-08-31T14:30:01.162038 INFO   :		[100%-57%] Candidate (z^5+z^2+z,z^5+z^3+1,z^5+z^2+1) = 0.000078 (std 0.000880424)
2015-08-31T14:30:01.210474 INFO   :		[100%-59%] Candidate (z^5+z^2+z,z^5+z^3+1,z^5+z^2+z) = 0.000156 (std 0.0012402)
2015-08-31T14:30:01.262151 INFO   :		[100%-64%] Candidate (z^5+z^2+z,z^5+z^3+1,z^5+z^3+1) = 0.000078 (std 0.000880424)
2015-08-31T14:30:01.310322 INFO   :		[100%-65%] Candidate (z^5+z^2+z,z^5+z^3+1,z^5+z^3+z) = 0.000156 (std 0.0012402)
2015-08-31T14:30:01.357591 INFO   :		[100%-67%] Candidate (z^5+z^2+z,z^5+z^3+1,z^5+z^3+z+1) = 0.000234 (std 0.00151288)
2015-08-31T14:30:01.405826 INFO   :		[100%-68%] Candidate (z^5+z^2+z,z^5+z^3+1,z^5+z^3+z^2) = 0.000156 (std 0.0012402)
2015-08-31T14:30:01.510847 INFO   :		[100%-73%] Candidate (z^5+z^2+z,z^5+z^3+1,z^5+z^3+z^2+z+1) = 0.000156 (std 0.0012402)
2015-08-31T14:30:01.558426 INFO   :		[100%-75%] Candidate (z^5+z^2+z,z^5+z^3+1,z^5+z^4) = 0.000078 (std 0.000880424)
2015-08-31T14:30:01.652773 INFO   :		[100%-78%] Candidate (z^5+z^2+z,z^5+z^3+1,z^5+z^4+z) = 0.000078 (std 0.000880424)
2015-08-31T14:30:01.707174 INFO   :		[100%-81%] Candidate (z^5+z^2+z,z^5+z^3+1,z^5+z^4+z^2) = 0.000156 (std 0.0012402)
2015-08-31T14:30:01.755135 INFO   :		[100%-82%] Candidate (z^5+z^2+z,z^5+z^3+1,z^5+z^4+z^2+1) = 0.000234 (std 0.00151288)
2015-08-31T14:30:01.808034 INFO   :		[100%-85%] Candidate (z^5+z^2+z,z^5+z^3+1,z^5+z^4+z^2+z+1) = 0.000156 (std 0.0012402)
2015-08-31T14:30:01.855722 INFO   :		[100%-87%] Candidate (z^5+z^2+z,z^5+z^3+1,z^5+z^4+z^3) = 0.000078 (std 0.000880424)
2015-08-31T14:30:01.906876 INFO   :		[100%-90%] Candidate (z^5+z^2+z,z^5+z^3+1,z^5+z^4+z^3+z) = 0.000078 (std 0.000880424)
2015-08-31T14:30:02.010462 INFO   :		[100%-95%] Candidate (z^5+z^2+z,z^5+z^3+1,z^5+z^4+z^3+z^2+1) = 0.000156 (std 0.0012402)
2015-08-31T14:30:02.059798 INFO   :		[100%-96%] Candidate (z^5+z^2+z,z^5+z^3+1,z^5+z^4+z^3+z^2+z) = 0.000156 (std 0.0012402)
2015-08-31T14:30:02.109285 INFO   :		[100%-98%] Candidate (z^5+z^2+z,z^5+z^3+1,z^5+z^4+z^3+z^2+z+1) = 0.000234 (std 0.00151288)
2015-08-31T14:30:02.120701 INFO   :	Found 29 finalists with the goal weight (9)
2015-08-31T14:30:02.121099 INFO   :		avg:7.8125e-05, std:0.000880424:	[[z^3+z+1 (mod z^6+1), z^5+z^4+z (mod z^6+1), z^5+z^4+z^3 (mod z^6+1)], [z^3+z^2+1 (mod z^6+1), z^5+z^4+z^2 (mod z^6+1), z^4+z^2+z (mod z^6+1)]]
2015-08-31T14:30:02.121328 INFO   :		avg:0.0003125, std:0.00173993:	[[z^3+z^2+1 (mod z^6+1), z^5+z^4+z^2 (mod z^6+1), z^3+z^2+z (mod z^6+1)]]
2015-08-31T14:30:02.121550 INFO   :		avg:7.8125e-05, std:0.000880424:	[[z^3+z^2+1 (mod z^6+1), z^5+z^4+z^2 (mod z^6+1), z^5+z^2+z (mod z^6+1)]]
2015-08-31T14:30:02.121886 INFO   :		avg:7.8125e-05, std:0.000880424:	[[z^3+z+1 (mod z^6+1), z^5+z^4+z (mod z^6+1), z^4+z+1 (mod z^6+1)], [z^3+z+1 (mod z^6+1), z^5+z^4+z (mod z^6+1), z^5+z^2+1 (mod z^6+1)]]
2015-08-31T14:30:02.122302 INFO   :		avg:0.00015625, std:0.0012402:	[[z^3+z^2+1 (mod z^6+1), z^5+z^4+z^2 (mod z^6+1), z^4+z^3+z^2 (mod z^6+1)], [z^4+z^2+z (mod z^6+1), z^4+z^3+1 (mod z^6+1), z^4+z^2+z (mod z^6+1)], [z^4+z^2+z (mod z^6+1), z^4+z^3+1 (mod z^6+1), z^5+z^3+1 (mod z^6+1)], [z^5+z^2+z (mod z^6+1), z^5+z^3+1 (mod z^6+1), z^4+z^2+1 (mod z^6+1)]]
2015-08-31T14:30:02.122516 INFO   :		avg:0.0003125, std:0.00173993:	[[z^5+z^2+z (mod z^6+1), z^5+z^3+1 (mod z^6+1), z^2+z+1 (mod z^6+1)]]
2015-08-31T14:30:02.122734 INFO   :		avg:7.8125e-05, std:0.000880424:	[[z^3+z+1 (mod z^6+1), z^5+z^4+z (mod z^6+1), z^5+z^4+z^2 (mod z^6+1)]]
2015-08-31T14:30:02.122948 INFO   :		avg:0.000234375, std:0.00151288:	[[z^3+z+1 (mod z^6+1), z^5+z^4+z (mod z^6+1), z^2+z+1 (mod z^6+1)]]
2015-08-31T14:30:02.123203 INFO   :		avg:7.8125e-05, std:0.000880424:	[[z^4+z^2+z (mod z^6+1), z^4+z^3+1 (mod z^6+1), z^4+z^3+1 (mod z^6+1)], [z^5+z^2+z (mod z^6+1), z^5+z^3+1 (mod z^6+1), z^5+z^4+z (mod z^6+1)]]
2015-08-31T14:30:02.123659 INFO   :		avg:0.00015625, std:0.0012402:	[[z^4+z^2+z (mod z^6+1), z^4+z^3+1 (mod z^6+1), z^5+z^3+z^2 (mod z^6+1)], [z^5+z^2+z (mod z^6+1), z^5+z^3+1 (mod z^6+1), z^3+z^2+1 (mod z^6+1)], [z^5+z^2+z (mod z^6+1), z^5+z^3+1 (mod z^6+1), z^3+z^2+z (mod z^6+1)], [z^5+z^2+z (mod z^6+1), z^5+z^3+1 (mod z^6+1), z^4+z^2+z (mod z^6+1)], [z^5+z^2+z (mod z^6+1), z^5+z^3+1 (mod z^6+1), z^4+z^3+z (mod z^6+1)], [z^5+z^2+z (mod z^6+1), z^5+z^3+1 (mod z^6+1), z^5+z^3+z (mod z^6+1)], [z^5+z^2+z (mod z^6+1), z^5+z^3+1 (mod z^6+1), z^5+z^4+z^2 (mod z^6+1)]]
2015-08-31T14:30:02.124211 INFO   :		avg:7.8125e-05, std:0.000880424:	[[z^3+z+1 (mod z^6+1), z^5+z^4+z (mod z^6+1), z^5+z^4+1 (mod z^6+1)], [z^3+z^2+1 (mod z^6+1), z^5+z^4+z^2 (mod z^6+1), z^5+z^3+z (mod z^6+1)], [z^4+z^2+z (mod z^6+1), z^4+z^3+1 (mod z^6+1), z^3+z+1 (mod z^6+1)], [z^4+z^2+z (mod z^6+1), z^4+z^3+1 (mod z^6+1), z^3+z^2+1 (mod z^6+1)], [z^4+z^2+z (mod z^6+1), z^4+z^3+1 (mod z^6+1), z^4+z^3+z^2 (mod z^6+1)], [z^4+z^2+z (mod z^6+1), z^4+z^3+1 (mod z^6+1), z^5+z^2+1 (mod z^6+1)], [z^4+z^2+z (mod z^6+1), z^4+z^3+1 (mod z^6+1), z^5+z^3+z (mod z^6+1)], [z^5+z^2+z (mod z^6+1), z^5+z^3+1 (mod z^6+1), z^3+z+1 (mod z^6+1)], [z^5+z^2+z (mod z^6+1), z^5+z^3+1 (mod z^6+1), z^4+z^3+1 (mod z^6+1)], [z^5+z^2+z (mod z^6+1), z^5+z^3+1 (mod z^6+1), z^5+z^3+1 (mod z^6+1)], [z^5+z^2+z (mod z^6+1), z^5+z^3+1 (mod z^6+1), z^5+z^4+z^3 (mod z^6+1)]]
2015-08-31T14:30:02.124606 INFO   :		avg:0.000234375, std:0.00151288:	[[z^3+z^2+1 (mod z^6+1), z^5+z^4+z^2 (mod z^6+1), z^5+z^4+z (mod z^6+1)]]
2015-08-31T14:30:02.124930 INFO   :		avg:0.00015625, std:0.0012402:	[[z^5+z^2+z (mod z^6+1), z^5+z^3+1 (mod z^6+1), z^5+z^2+z (mod z^6+1)]]
2015-08-31T14:30:02.125278 INFO   :		avg:7.8125e-05, std:0.000880424:	[[z^5+z^2+z (mod z^6+1), z^5+z^3+1 (mod z^6+1), z^5+z+1 (mod z^6+1)]]
2015-08-31T14:30:02.125543 INFO   :		avg:7.8125e-05, std:0.000880424:	[[z^4+z^2+z (mod z^6+1), z^4+z^3+1 (mod z^6+1), z^5+z^2+z (mod z^6+1)]]
2015-08-31T14:30:02.125943 INFO   :		avg:0.00015625, std:0.0012402:	[[z^3+z^2+1 (mod z^6+1), z^5+z^4+z^2 (mod z^6+1), z^4+z+1 (mod z^6+1)]]
2015-08-31T14:30:02.126330 INFO   :		avg:0.0003125, std:0.00173993:	[[z^3+z^2+1 (mod z^6+1), z^5+z^4+z^2 (mod z^6+1), z^5+z^4+z^2 (mod z^6+1)]]
2015-08-31T14:30:02.126586 INFO   :		avg:0.000234375, std:0.00151288:	[[z^4+z^2+z (mod z^6+1), z^4+z^3+1 (mod z^6+1), z^4+z+1 (mod z^6+1)]]
2015-08-31T14:30:02.126849 INFO   :		avg:0.00015625, std:0.0012402:	[[z^3+z+1 (mod z^6+1), z^5+z^4+z (mod z^6+1), z^3+z^2+1 (mod z^6+1)]]
2015-08-31T14:30:02.127183 INFO   :		avg:0.00015625, std:0.0012402:	[[z^3+z^2+1 (mod z^6+1), z^5+z^4+z^2 (mod z^6+1), z^5+z^2+1 (mod z^6+1)], [z^5+z^2+z (mod z^6+1), z^5+z^3+1 (mod z^6+1), z^5+z^3+z^2 (mod z^6+1)]]
2015-08-31T14:30:02.127650 INFO   :		avg:7.8125e-05, std:0.000880424:	[[z^3+z^2+1 (mod z^6+1), z^5+z^4+z^2 (mod z^6+1), z^4+z^3+1 (mod z^6+1)], [z^3+z^2+1 (mod z^6+1), z^5+z^4+z^2 (mod z^6+1), z^5+z^3+1 (mod z^6+1)], [z^3+z^2+1 (mod z^6+1), z^5+z^4+z^2 (mod z^6+1), z^5+z^3+z^2 (mod z^6+1)], [z^4+z^2+z (mod z^6+1), z^4+z^3+1 (mod z^6+1), z^3+z^2+z (mod z^6+1)], [z^4+z^2+z (mod z^6+1), z^4+z^3+1 (mod z^6+1), z^4+z^3+z (mod z^6+1)], [z^5+z^2+z (mod z^6+1), z^5+z^3+1 (mod z^6+1), z^5+z^2+1 (mod z^6+1)]]
2015-08-31T14:30:02.127937 INFO   :		avg:0.000234375, std:0.00151288:	[[z^3+z+1 (mod z^6+1), z^5+z^4+z (mod z^6+1), z^5+z+1 (mod z^6+1)]]
2015-08-31T14:30:02.128156 INFO   :		avg:0.0003125, std:0.00173993:	[[z^3+z+1 (mod z^6+1), z^5+z^4+z (mod z^6+1), z^3+z^2+z (mod z^6+1)]]
2015-08-31T14:30:02.128379 INFO   :		avg:0.00015625, std:0.0012402:	[[z^5+z^2+z (mod z^6+1), z^5+z^3+1 (mod z^6+1), z^4+z^3+z^2 (mod z^6+1)]]
2015-08-31T14:30:02.128604 INFO   :		avg:0.00015625, std:0.0012402:	[[z^4+z^2+z (mod z^6+1), z^4+z^3+1 (mod z^6+1), z^2+z+1 (mod z^6+1)]]
2015-08-31T14:30:02.128860 INFO   :		avg:7.8125e-05, std:0.000880424:	[[z^4+z^2+z (mod z^6+1), z^4+z^3+1 (mod z^6+1), z^5+z^4+z^2 (mod z^6+1)]]
2015-08-31T14:30:02.129152 INFO   :		avg:7.8125e-05, std:0.000880424:	[[z^3+z+1 (mod z^6+1), z^5+z^4+z (mod z^6+1), z^5+z^3+1 (mod z^6+1)], [z^3+z+1 (mod z^6+1), z^5+z^4+z (mod z^6+1), z^5+z^3+z (mod z^6+1)]]
2015-08-31T14:30:02.129441 INFO   :		avg:0.00015625, std:0.0012402:	[[z^3+z+1 (mod z^6+1), z^5+z^4+z (mod z^6+1), z^4+z^3+z (mod z^6+1)], [z^3+z^2+1 (mod z^6+1), z^5+z^4+z^2 (mod z^6+1), z^5+z+1 (mod z^6+1)], [z^3+z^2+1 (mod z^6+1), z^5+z^4+z^2 (mod z^6+1), z^5+z^4+1 (mod z^6+1)]]
2015-08-31T14:30:02.129700 INFO   :		avg:0.00015625, std:0.0012402:	[[z^4+z^2+z (mod z^6+1), z^4+z^3+1 (mod z^6+1), z^5+z+1 (mod z^6+1)], [z^5+z^2+z (mod z^6+1), z^5+z^3+1 (mod z^6+1), z^4+z+1 (mod z^6+1)]]
2015-08-31T14:30:02.135372 ERROR  :***** Found a non unique winner! *****
	[z^3+z^2+1 (mod z^6+1), z^5+z^4+z^2 (mod z^6+1), z^4+z^3+1 (mod z^6+1)]
	[z^3+z^2+1 (mod z^6+1), z^5+z^4+z^2 (mod z^6+1), z^5+z^3+1 (mod z^6+1)]
	[z^3+z^2+1 (mod z^6+1), z^5+z^4+z^2 (mod z^6+1), z^5+z^3+z^2 (mod z^6+1)]
	[z^4+z^2+z (mod z^6+1), z^4+z^3+1 (mod z^6+1), z^3+z^2+z (mod z^6+1)]
	[z^4+z^2+z (mod z^6+1), z^4+z^3+1 (mod z^6+1), z^4+z^3+z (mod z^6+1)]
	[z^5+z^2+z (mod z^6+1), z^5+z^3+1 (mod z^6+1), z^5+z^2+1 (mod z^6+1)]

